<?xml version="1.0" encoding="utf-8"?><testsuites name="pytest tests"><testsuite name="pytest" errors="0" failures="0" skipped="0" tests="8" time="5.309" timestamp="2026-07-16T20:43:43.500671+00:00" hostname="agent-env-578267fa-29cc-40ab-a485-bcfc402afbb0"><testcase classname="backend.tests.test_account_delete.TestAccountDelete" name="test_delete_requires_auth" time="0.153" /><testcase classname="backend.tests.test_account_delete.TestAccountDelete" name="test_delete_invalid_token" time="0.109" /><testcase classname="backend.tests.test_account_delete.TestAccountDelete" name="test_delete_anonymises_user" time="0.940" /><testcase classname="backend.tests.test_account_delete.TestAccountDelete" name="test_login_after_delete_returns_403" time="0.544" /><testcase classname="backend.tests.test_account_delete.TestAccountDelete" name="test_delete_purges_documents_and_notifications" time="0.796" /><testcase classname="backend.tests.test_account_delete.TestPublicProfileRegression" name="test_public_profile_returns_expected_fields" time="0.776" /><testcase classname="backend.tests.test_account_delete.TestPublicProfileRegression" name="test_public_profile_missing_user" time="0.450" /><testcase classname="backend.tests.test_account_delete.TestBidsVerifiedDriverEnrichment" name="test_bids_include_verified_driver_flag" time="1.510" /></testsuite></testsuites>