<?xml version="1.0" encoding="utf-8"?><testsuites name="pytest tests"><testsuite name="pytest" errors="0" failures="0" skipped="0" tests="21" time="8.698" timestamp="2026-07-16T18:55:45.868687+00:00" hostname="agent-env-578267fa-29cc-40ab-a485-bcfc402afbb0"><testcase classname="backend.tests.test_booking_fees.TestBookingFeePreview" name="test_preview_270_returns_new_and_legacy_fields" time="0.709" /><testcase classname="backend.tests.test_booking_fees.TestBookingFeePreview" name="test_preview_rejects_negative_driver_charge" time="0.137" /><testcase classname="backend.tests.test_booking_fees.TestBookingFeePreview" name="test_preview_requires_auth" time="0.172" /><testcase classname="backend.tests.test_booking_fees.TestBookingFeePreview" name="test_preview_bands_across_tiers[50.0-10.0-60.0]" time="0.103" /><testcase classname="backend.tests.test_booking_fees.TestBookingFeePreview" name="test_preview_bands_across_tiers[100.0-10.0-110.0]" time="0.122" /><testcase classname="backend.tests.test_booking_fees.TestBookingFeePreview" name="test_preview_bands_across_tiers[100.01-25.0-125.01]" time="0.123" /><testcase classname="backend.tests.test_booking_fees.TestBookingFeePreview" name="test_preview_bands_across_tiers[500.0-50.0-550.0]" time="0.129" /><testcase classname="backend.tests.test_booking_fees.TestBookingFeePreview" name="test_preview_bands_across_tiers[1200.0-100.0-1300.0]" time="0.118" /><testcase classname="backend.tests.test_booking_fees.TestBookingFeePreview" name="test_preview_bands_across_tiers[3000.0-150.0-3150.0]" time="0.116" /><testcase classname="backend.tests.test_booking_fees.TestLegacyPreviewAlias" name="test_legacy_alias_identical_to_new" time="0.255" /><testcase classname="backend.tests.test_booking_fees.TestLegacyPreviewAlias" name="test_legacy_alias_rejects_negative" time="0.305" /><testcase classname="backend.tests.test_booking_fees.TestFixedPriceBooking" name="test_fixed_price_270_booking_math" time="1.530" /><testcase classname="backend.tests.test_booking_fees.TestBiddingBooking" name="test_accepted_bid_booking_math[500.0-50.0-550.0]" time="0.461" /><testcase classname="backend.tests.test_booking_fees.TestBiddingBooking" name="test_accepted_bid_booking_math[50.0-10.0-60.0]" time="0.519" /><testcase classname="backend.tests.test_booking_fees.TestBiddingBooking" name="test_accepted_bid_booking_math[1200.0-100.0-1300.0]" time="0.507" /><testcase classname="backend.tests.test_booking_fees.TestBiddingBooking" name="test_accepted_bid_booking_math[3000.0-150.0-3150.0]" time="0.501" /><testcase classname="backend.tests.test_booking_fees.TestStripeChargesBookingFee" name="test_deposit_session_amount_equals_booking_fee" time="1.170" /><testcase classname="backend.tests.test_booking_fees.TestFallbackAllBandsDisabled" name="test_fallback_percentage_of_driver_charge" time="0.942" /><testcase classname="backend.tests.test_booking_fees.TestAdminCRUDRegression" name="test_admin_list_bands" time="0.130" /><testcase classname="backend.tests.test_booking_fees.TestAdminCRUDRegression" name="test_admin_create_update_delete" time="0.442" /><testcase classname="backend.tests.test_booking_fees.TestAdminCRUDRegression" name="test_public_deposit_bands_returns_enabled_only" time="0.102" /></testsuite></testsuites>