<?xml version="1.0" encoding="utf-8"?><testsuites name="pytest tests"><testsuite name="pytest" errors="0" failures="0" skipped="0" tests="24" time="7.603" timestamp="2026-07-16T18:36:05.261743+00:00" hostname="agent-env-578267fa-29cc-40ab-a485-bcfc402afbb0"><testcase classname="backend.tests.test_deposit_bands.TestSeededBands" name="test_five_default_bands_seeded" time="0.672" /><testcase classname="backend.tests.test_deposit_bands.TestPublicBandEndpoints" name="test_list_bands_requires_auth" time="0.211" /><testcase classname="backend.tests.test_deposit_bands.TestPublicBandEndpoints" name="test_list_bands_returns_only_enabled_sorted" time="0.854" /><testcase classname="backend.tests.test_deposit_bands.TestPublicBandEndpoints" name="test_preview_matches_band[50.0-10.0-40.0]" time="0.125" /><testcase classname="backend.tests.test_deposit_bands.TestPublicBandEndpoints" name="test_preview_matches_band[100.0-10.0-90.0]" time="0.131" /><testcase classname="backend.tests.test_deposit_bands.TestPublicBandEndpoints" name="test_preview_matches_band[100.01-25.0-75.01]" time="0.229" /><testcase classname="backend.tests.test_deposit_bands.TestPublicBandEndpoints" name="test_preview_matches_band[500.0-50.0-450.0]" time="0.111" /><testcase classname="backend.tests.test_deposit_bands.TestPublicBandEndpoints" name="test_preview_matches_band[1200.0-100.0-1100.0]" time="0.154" /><testcase classname="backend.tests.test_deposit_bands.TestPublicBandEndpoints" name="test_preview_matches_band[5000.0-150.0-4850.0]" time="0.109" /><testcase classname="backend.tests.test_deposit_bands.TestPublicBandEndpoints" name="test_preview_negative_price_rejected" time="0.128" /><testcase classname="backend.tests.test_deposit_bands.TestAdminBandCRUD" name="test_admin_list_includes_disabled" time="0.343" /><testcase classname="backend.tests.test_deposit_bands.TestAdminBandCRUD" name="test_non_admin_cannot_list_all" time="0.121" /><testcase classname="backend.tests.test_deposit_bands.TestAdminBandCRUD" name="test_non_admin_cannot_create" time="0.146" /><testcase classname="backend.tests.test_deposit_bands.TestAdminBandCRUD" name="test_admin_create_update_delete_flow" time="0.672" /><testcase classname="backend.tests.test_deposit_bands.TestAdminBandCRUD" name="test_update_nonexistent_404" time="0.138" /><testcase classname="backend.tests.test_deposit_bands.TestAdminBandCRUD" name="test_validation_max_le_min" time="0.121" /><testcase classname="backend.tests.test_deposit_bands.TestAdminBandCRUD" name="test_validation_max_equal_min" time="0.099" /><testcase classname="backend.tests.test_deposit_bands.TestAdminBandCRUD" name="test_validation_negative_min" time="0.127" /><testcase classname="backend.tests.test_deposit_bands.TestAdminBandCRUD" name="test_validation_negative_deposit" time="0.136" /><testcase classname="backend.tests.test_deposit_bands.TestAdminBandCRUD" name="test_max_price_null_allowed" time="0.267" /><testcase classname="backend.tests.test_deposit_bands.TestBookingDepositIntegration" name="test_booking_uses_band_deposit[500.0-50.0-450.0]" time="1.204" /><testcase classname="backend.tests.test_deposit_bands.TestBookingDepositIntegration" name="test_booking_uses_band_deposit[1200.0-100.0-1100.0]" time="0.401" /><testcase classname="backend.tests.test_deposit_bands.TestBookingDepositIntegration" name="test_booking_uses_band_deposit[50.0-10.0-40.0]" time="0.357" /><testcase classname="backend.tests.test_deposit_bands.TestFallbackWhenAllDisabled" name="test_fallback_percentage_when_no_enabled_bands" time="0.629" /></testsuite></testsuites>