<?xml version="1.0" encoding="utf-8"?><testsuites name="pytest tests"><testsuite name="pytest" errors="0" failures="0" skipped="0" tests="12" time="11.944" timestamp="2026-08-04T21:45:58.141570+00:00" hostname="agent-env-b80cdd74-988f-432a-a6ab-4527ecf6944f"><testcase classname="tests.test_final_qa_r3" name="test_booking_fee_bands_preview_source_of_truth" time="0.902" /><testcase classname="tests.test_final_qa_r3" name="test_asap_job_persists_photos" time="0.632" /><testcase classname="tests.test_final_qa_r3" name="test_asap_recovery_persists_photos" time="0.471" /><testcase classname="tests.test_final_qa_r3" name="test_presence_ping_ok" time="1.660" /><testcase classname="tests.test_final_qa_r3" name="test_presence_ping_forbidden_for_stranger" time="0.476" /><testcase classname="tests.test_final_qa_r3" name="test_send_message_and_read_stamps" time="0.267" /><testcase classname="tests.test_final_qa_r3" name="test_mark_read_endpoint" time="0.289" /><testcase classname="tests.test_final_qa_r3" name="test_mark_read_forbidden_for_stranger" time="0.483" /><testcase classname="tests.test_final_qa_r3" name="test_unread_count_endpoint" time="0.740" /><testcase classname="tests.test_final_qa_r3" name="test_new_message_email_logged_and_throttled" time="2.290" /><testcase classname="tests.test_final_qa_r3" name="test_new_message_email_suppressed_when_recipient_active" time="1.251" /><testcase classname="tests.test_final_qa_r3" name="test_new_bid_email_logged" time="2.374" /></testsuite></testsuites>