<?xml version="1.0" encoding="utf-8"?><testsuites name="pytest tests"><testsuite name="pytest" errors="0" failures="0" skipped="1" tests="16" time="3.578" timestamp="2026-08-02T20:20:33.078291+00:00" hostname="agent-env-b80cdd74-988f-432a-a6ab-4527ecf6944f"><testcase classname="tests.test_final_qa_r1.TestBookingFeeBandsPreview" name="test_preview_bands[50-15.0]" time="1.250" /><testcase classname="tests.test_final_qa_r1.TestAsapBookingFees" name="test_asap_booking_persists_band_metadata[transport-500.0-13.0]" time="1.553" /><testcase classname="tests.test_final_qa_r1.TestBookingFeeBandsPreview" name="test_preview_bands[150-15.0]" time="0.099" /><testcase classname="tests.test_final_qa_r1.TestBookingFeeBandsPreview" name="test_preview_bands[151-14.0]" time="0.098" /><testcase classname="tests.test_final_qa_r1.TestBookingFeeBandsPreview" name="test_preview_bands[300-14.0]" time="0.098" /><testcase classname="tests.test_final_qa_r1.TestBookingFeeBandsPreview" name="test_preview_bands[301-13.0]" time="0.095" /><testcase classname="tests.test_final_qa_r1.TestAsapBookingFees" name="test_asap_booking_persists_band_metadata[transport-100.0-15.0]" time="0.396" /><testcase classname="tests.test_final_qa_r1.TestBookingFeeBandsPreview" name="test_preview_bands[600-13.0]" time="0.138" /><testcase classname="tests.test_final_qa_r1.TestBookingFeeBandsPreview" name="test_preview_bands[601-12.0]" time="0.098" /><testcase classname="tests.test_final_qa_r1.TestBookingFeeBandsPreview" name="test_preview_bands[1000-12.0]" time="0.138" /><testcase classname="tests.test_final_qa_r1.TestAsapBookingFees" name="test_asap_booking_persists_band_metadata[breakdown_recovery-500.0-13.0]" time="0.386" /><testcase classname="tests.test_final_qa_r1.TestBookingFeeBandsPreview" name="test_preview_bands[1001-10.0]" time="0.145" /><testcase classname="tests.test_final_qa_r1.TestBookingFeeBandsPreview" name="test_preview_bands[2500-10.0]" time="0.142" /><testcase classname="tests.test_final_qa_r1.TestAsapBookingFees" name="test_asap_booking_persists_band_metadata[breakdown_recovery-1200.0-10.0]" time="0.309" /><testcase classname="tests.test_final_qa_r1.TestPaymentStatusPublic" name="test_unknown_session_returns_404_not_401" time="0.100" /><testcase classname="tests.test_final_qa_r1.TestPaymentStatusPublic" name="test_real_session_reachable_anonymously" time="0.307"><skipped type="pytest.skip" message="Stripe checkout not available in this env: 404 {&quot;detail&quot;:&quot;Not Found&quot;}">/app/backend/tests/test_final_qa_r1.py:111: Stripe checkout not available in this env: 404 {"detail":"Not Found"}</skipped></testcase></testsuite></testsuites>