<?xml version="1.0" encoding="utf-8"?><testsuites name="pytest tests"><testsuite name="pytest" errors="0" failures="0" skipped="0" tests="23" time="4.813" timestamp="2026-07-19T15:26:30.315988+00:00" hostname="agent-env-578267fa-29cc-40ab-a485-bcfc402afbb0"><testcase classname="backend.tests.test_final_acceptance.TestAC1_UKDomesticQuote" name="test_gb_gb_domestic_returns_price" time="0.448" /><testcase classname="backend.tests.test_final_acceptance.TestAC1_UKDomesticQuote" name="test_deposit_bands_still_returns_bands" time="0.045" /><testcase classname="backend.tests.test_final_acceptance.TestAC2_NorthernIrelandDomestic" name="test_belfast_dropoff_domestic_uk" time="0.046" /><testcase classname="backend.tests.test_final_acceptance.TestAC3_GBtoIE" name="test_gb_ie_international_manual_review" time="0.049" /><testcase classname="backend.tests.test_final_acceptance.TestAC4_IEtoGB" name="test_ie_gb_international_manual_review" time="0.046" /><testcase classname="backend.tests.test_final_acceptance.TestAC5_EuropeanRoutes" name="test_london_paris_international" time="0.046" /><testcase classname="backend.tests.test_final_acceptance.TestAC5_EuropeanRoutes" name="test_dublin_berlin_international" time="0.045" /><testcase classname="backend.tests.test_final_acceptance.TestAC6_LegacyUKJob" name="test_legacy_job_creates_posted_domestic_uk" time="0.094" /><testcase classname="backend.tests.test_final_acceptance.TestAC7_DriverVerificationFlow" name="test_00_reset_driver_to_active" time="0.427" /><testcase classname="backend.tests.test_final_acceptance.TestAC7_DriverVerificationFlow" name="test_01_admin_get_driver_detail" time="0.049" /><testcase classname="backend.tests.test_final_acceptance.TestAC7_DriverVerificationFlow" name="test_02_admin_request_changes" time="0.047" /><testcase classname="backend.tests.test_final_acceptance.TestAC7_DriverVerificationFlow" name="test_03_driver_me_shows_changes_requested" time="0.312" /><testcase classname="backend.tests.test_final_acceptance.TestAC7_DriverVerificationFlow" name="test_04_driver_resubmit_verification" time="0.360" /><testcase classname="backend.tests.test_final_acceptance.TestAC7_DriverVerificationFlow" name="test_05_admin_approve" time="0.048" /><testcase classname="backend.tests.test_final_acceptance.TestAC7_DriverVerificationFlow" name="test_06_verification_history_contains_all_three" time="0.047" /><testcase classname="backend.tests.test_final_acceptance.TestAC8_AdminRouteAudit" name="test_admin_can_access_all_admin_endpoints" time="0.355" /><testcase classname="backend.tests.test_final_acceptance.TestAC8_AdminRouteAudit" name="test_driver_cannot_access_admin_endpoints" time="0.541" /><testcase classname="backend.tests.test_final_acceptance.TestAC8_AdminRouteAudit" name="test_customer_cannot_access_admin_endpoints" time="0.261" /><testcase classname="backend.tests.test_final_acceptance.TestAC8_AdminRouteAudit" name="test_no_admin_endpoint_accessible_without_jwt" time="0.500" /><testcase classname="backend.tests.test_final_acceptance.TestAC9_SecurityRegression" name="test_register_as_admin_rejected" time="0.046" /><testcase classname="backend.tests.test_final_acceptance.TestAC9_SecurityRegression" name="test_register_as_customer_succeeds" time="0.270" /><testcase classname="backend.tests.test_final_acceptance.TestAC9_SecurityRegression" name="test_register_as_driver_succeeds" time="0.266" /><testcase classname="backend.tests.test_final_acceptance.TestAC9_SecurityRegression" name="test_suspended_user_token_rejected" time="0.406" /></testsuite></testsuites>