<?xml version="1.0" encoding="utf-8"?><testsuites name="pytest tests"><testsuite name="pytest" errors="0" failures="0" skipped="0" tests="12" time="14.129" timestamp="2026-08-04T22:17:22.018324+00:00" hostname="agent-env-b80cdd74-988f-432a-a6ab-4527ecf6944f"><testcase classname="tests.test_final_qa_r4" name="test_summary_shape_and_paid_only" time="3.703" /><testcase classname="tests.test_final_qa_r4" name="test_summary_preview_ellipsized" time="0.114" /><testcase classname="tests.test_final_qa_r4" name="test_summary_moderated_flag_present" time="0.136" /><testcase classname="tests.test_final_qa_r4" name="test_summary_null_last_message_for_no_messages" time="0.129" /><testcase classname="tests.test_final_qa_r4" name="test_summary_ordered_latest_first" time="0.139" /><testcase classname="tests.test_final_qa_r4" name="test_activity_404_for_missing_booking" time="0.443" /><testcase classname="tests.test_final_qa_r4" name="test_activity_403_for_stranger" time="1.944" /><testcase classname="tests.test_final_qa_r4" name="test_activity_created_only_no_driver" time="0.474" /><testcase classname="tests.test_final_qa_r4" name="test_activity_created_accepted_paid" time="1.677" /><testcase classname="tests.test_final_qa_r4" name="test_activity_with_driver_message" time="1.959" /><testcase classname="tests.test_final_qa_r4" name="test_activity_on_route_emits_en_route_and_delivered" time="1.707" /><testcase classname="tests.test_final_qa_r4" name="test_activity_delivered_status_emits_delivered_event" time="1.600" /></testsuite></testsuites>