<?xml version="1.0" encoding="utf-8"?><testsuites name="pytest tests"><testsuite name="pytest" errors="1" failures="0" skipped="0" tests="79" time="144.791" timestamp="2026-08-02T21:24:47.111782+00:00" hostname="agent-env-b80cdd74-988f-432a-a6ab-4527ecf6944f"><testcase classname="" name="tests.test_moderation" time="0.000"><error message="collection failure">ImportError while importing test module '/app/backend/tests/test_moderation.py'.
Hint: make sure your test modules/packages have valid Python names.
Traceback:
/usr/local/lib/python3.11/importlib/__init__.py:126: in import_module
    return _bootstrap._gcd_import(name[level:], package, level)
           ^^^^^^^^^^^^^^^^^^^^^^^^^^^^^^^^^^^^^^^^^^^^^^^^^^^^
backend/tests/test_moderation.py:7: in &lt;module&gt;
    from services.moderation import sanitise, sanitise_or_reject
E   ModuleNotFoundError: No module named 'services'</error></testcase><testcase classname="tests.test_booking_fee_bands" name="test_booking_fee_bands_match_spec[50.0-15.0-7.5]" time="1.254" /><testcase classname="tests.test_booking_fee_bands" name="test_booking_fee_bands_match_spec[150.0-15.0-22.5]" time="0.109" /><testcase classname="tests.test_booking_fees.TestBookingFeePreview" name="test_preview_270_returns_new_and_legacy_fields" time="1.437" /><testcase classname="tests.test_booking_fee_bands" name="test_booking_fee_bands_match_spec[150.01-14.0-21.0]" time="0.140" /><testcase classname="tests.test_booking_fees.TestBookingFeePreview" name="test_preview_rejects_negative_driver_charge" time="0.134" /><testcase classname="tests.test_booking_fee_bands" name="test_booking_fee_bands_match_spec[151.0-14.0-21.14]" time="0.145" /><testcase classname="tests.test_booking_fees.TestBookingFeePreview" name="test_preview_requires_auth" time="0.144" /><testcase classname="tests.test_booking_fee_bands" name="test_booking_fee_bands_match_spec[299.0-14.0-41.86]" time="0.098" /><testcase classname="tests.test_booking_fees.TestBookingFeePreview" name="test_preview_bands_across_tiers[50.0-7.5-57.5]" time="0.098" /><testcase classname="tests.test_booking_fee_bands" name="test_booking_fee_bands_match_spec[300.0-14.0-42.0]" time="0.135" /><testcase classname="tests.test_booking_fees.TestBookingFeePreview" name="test_preview_bands_across_tiers[100.0-15.0-115.0]" time="0.105" /><testcase classname="tests.test_booking_fee_bands" name="test_booking_fee_bands_match_spec[300.01-13.0-39.0]" time="0.103" /><testcase classname="tests.test_booking_fees.TestBookingFeePreview" name="test_preview_bands_across_tiers[100.01-15.0-115.01]" time="0.104" /><testcase classname="tests.test_booking_fee_bands" name="test_booking_fee_bands_match_spec[301.0-13.0-39.13]" time="0.094" /><testcase classname="tests.test_booking_fees.TestBookingFeePreview" name="test_preview_bands_across_tiers[500.0-65.0-565.0]" time="0.139" /><testcase classname="tests.test_booking_fee_bands" name="test_booking_fee_bands_match_spec[600.0-13.0-78.0]" time="0.127" /><testcase classname="tests.test_booking_fees.TestBookingFeePreview" name="test_preview_bands_across_tiers[1200.0-120.0-1320.0]" time="0.114" /><testcase classname="tests.test_booking_fee_bands" name="test_booking_fee_bands_match_spec[600.01-12.0-72.0]" time="0.105" /><testcase classname="tests.test_booking_fees.TestBookingFeePreview" name="test_preview_bands_across_tiers[3000.0-300.0-3300.0]" time="0.106" /><testcase classname="tests.test_booking_fee_bands" name="test_booking_fee_bands_match_spec[601.0-12.0-72.12]" time="0.107" /><testcase classname="tests.test_payment_and_csrf_security.TestBrowserCSRF" name="test_missing_csrf_header_rejects_cookie_mutation" time="0.370" /><testcase classname="tests.test_booking_fee_bands" name="test_booking_fee_bands_match_spec[999.0-12.0-119.88]" time="0.285" /><testcase classname="tests.test_booking_fee_bands" name="test_booking_fee_bands_match_spec[1000.0-12.0-120.0]" time="0.101" /><testcase classname="tests.test_payment_and_csrf_security.TestBrowserCSRF" name="test_invalid_csrf_header_rejects" time="0.392" /><testcase classname="tests.test_booking_fee_bands" name="test_booking_fee_bands_match_spec[1000.01-10.0-100.0]" time="0.287" /><testcase classname="tests.test_booking_fee_bands" name="test_booking_fee_bands_match_spec[1001.0-10.0-100.1]" time="0.098" /><testcase classname="tests.test_payment_and_csrf_security.TestBrowserCSRF" name="test_valid_csrf_header_allows_mutation" time="0.384" /><testcase classname="tests.test_booking_fee_bands" name="test_booking_fee_bands_match_spec[2500.0-10.0-250.0]" time="0.275" /><testcase classname="tests.test_booking_fee_bands" name="test_negative_input_rejected" time="0.102" /><testcase classname="tests.test_payment_and_csrf_security.TestBrowserCSRF" name="test_bearer_bypasses_csrf" time="0.421" /><testcase classname="tests.test_booking_fee_bands" name="test_zero_charge_still_returns_a_band" time="0.279" /><testcase classname="tests.test_final_qa_r2" name="test_register_persists_and_echoes_address_fields" time="0.571" /><testcase classname="tests.test_payment_and_csrf_security.TestBrowserCSRF" name="test_login_issues_csrf_cookie" time="0.469" /><testcase classname="tests.test_payment_and_csrf_security.TestBrowserCSRF" name="test_logout_clears_csrf_cookie" time="0.779" /><testcase classname="tests.test_final_qa_r2" name="test_get_me_returns_address_fields" time="0.824" /><testcase classname="tests.test_payment_and_csrf_security.TestBrowserCSRF" name="test_me_reissues_csrf_when_missing" time="0.577" /><testcase classname="tests.test_final_qa_r2" name="test_put_me_updates_address_fields_with_csrf" time="1.148" /><testcase classname="tests.test_payment_and_csrf_security.TestBrowserCSRF" name="test_get_requests_never_require_csrf" time="0.673" /><testcase classname="tests.test_final_qa_r2" name="test_put_me_without_csrf_is_rejected" time="0.868" /><testcase classname="tests.test_password_reset" name="test_forgot_password_existing_email_returns_200_and_creates_token" time="0.780" /><testcase classname="tests.test_password_reset" name="test_forgot_password_nonexistent_email_still_returns_200" time="0.101" /><testcase classname="tests.test_final_qa_r2" name="test_regression_login_me_logout_seeded_customer" time="0.598" /><testcase classname="tests.test_password_reset" name="test_reset_password_full_flow_rotates_password" time="1.682" /><testcase classname="tests.test_final_qa_r2" name="test_regression_booking_fee_bands_preview" time="0.100" /><testcase classname="tests.test_final_qa_r2" name="test_regression_payments_status_public_returns_404_for_unknown" time="0.281" /><testcase classname="tests.test_cookie_auth" name="test_login_sets_httponly_cookie" time="0.546" /><testcase classname="tests.test_cookie_auth" name="test_me_works_with_cookie_only" time="0.672" /><testcase classname="tests.test_password_reset" name="test_reset_password_token_is_single_use" time="1.131" /><testcase classname="tests.test_cookie_auth" name="test_bearer_still_works" time="0.583" /><testcase classname="tests.test_cookie_auth" name="test_register_sets_cookie_and_returns_token" time="0.753" /><testcase classname="tests.test_password_reset" name="test_reset_password_invalid_token_rejected" time="0.228" /><testcase classname="tests.test_password_reset" name="test_reset_password_short_new_password_rejected" time="0.849" /><testcase classname="tests.test_cookie_auth" name="test_logout_clears_cookie_and_blocks_subsequent_requests" time="0.458" /><testcase classname="tests.test_password_reset" name="test_forgot_password_gracefully_skipped_without_resend_key" time="0.667" /><testcase classname="tests.test_cookie_auth" name="test_no_auth_returns_401" time="0.300" /><testcase classname="tests.test_payment_and_csrf_security.TestWebhookTokenHardening" name="test_webhook_without_token_query_is_rejected" time="2.628" /><testcase classname="tests.test_booking_fees.TestBiddingBooking" name="test_accepted_bid_booking_math[500.0-65.0-565.0]" time="2.732" /><testcase classname="tests.test_payment_and_csrf_security.TestWebhookTokenHardening" name="test_webhook_with_wrong_token_is_rejected" time="1.579" /><testcase classname="tests.test_booking_fees.TestBiddingBooking" name="test_accepted_bid_booking_math[50.0-7.5-57.5]" time="0.569" /><testcase classname="tests.test_booking_fees.TestBiddingBooking" name="test_accepted_bid_booking_math[1200.0-120.0-1320.0]" time="0.642" /><testcase classname="tests.test_payment_and_csrf_security.TestWebhookTokenHardening" name="test_webhook_with_unknown_session_no_state_change" time="0.100" /><testcase classname="tests.test_booking_fees.TestBiddingBooking" name="test_accepted_bid_booking_math[3000.0-300.0-3300.0]" time="0.618" /><testcase classname="tests.test_payment_and_csrf_security.TestWebhookTokenHardening" name="test_webhook_malformed_body_returns_400" time="0.139" /><testcase classname="tests.test_booking_fees.TestAdminCRUDRegression" name="test_admin_list_bands" time="0.443" /><testcase classname="tests.test_booking_fees.TestAdminCRUDRegression" name="test_admin_create_update_delete" time="0.654" /><testcase classname="tests.test_payment_finalisation.TestWebhookFinalisation" name="test_webhook_finalises_pending_booking" time="17.203" /><testcase classname="tests.test_booking_fees.TestAdminCRUDRegression" name="test_public_deposit_bands_returns_enabled_only" time="0.417" /><testcase classname="tests.test_booking_fees.TestLegacyPreviewAlias" name="test_legacy_alias_identical_to_new" time="68.472" /><testcase classname="tests.test_payment_finalisation.TestWebhookFinalisation" name="test_webhook_duplicate_delivery_is_idempotent" time="1.797" /><testcase classname="tests.test_payment_finalisation.TestWebhookFinalisation" name="test_webhook_unknown_session_is_safe" time="0.109" /><testcase classname="tests.test_payment_finalisation.TestWebhookFinalisation" name="test_webhook_expired_on_paid_session_does_not_downgrade" time="37.185" /><testcase classname="tests.test_booking_fees.TestFixedPriceBooking" name="test_fixed_price_270_booking_math" time="70.076" /><testcase classname="tests.test_booking_fees.TestLegacyPreviewAlias" name="test_legacy_alias_rejects_negative" time="0.127" /><testcase classname="tests.test_payment_finalisation.TestStatusPollerIdempotency" name="test_repeated_polls_after_paid_do_not_change_paid_at" time="22.306" /><testcase classname="tests.test_payment_finalisation.TestStatusPollerIdempotency" name="test_status_returns_db_state_even_if_stripe_unreachable" time="1.661" /><testcase classname="tests.test_payment_finalisation.TestBookingCreateIdempotency" name="test_double_post_bookings_returns_same_id" time="1.043" /><testcase classname="tests.test_booking_fees.TestStripeChargesBookingFee" name="test_deposit_session_amount_equals_booking_fee" time="0.763" /><testcase classname="tests.test_booking_fees.TestFallbackAllBandsDisabled" name="test_fallback_percentage_of_driver_charge" time="0.466" /></testsuite></testsuites>