<?xml version="1.0" encoding="utf-8"?><testsuites name="pytest tests"><testsuite name="pytest" errors="26" failures="26" skipped="4" tests="400" time="347.947" timestamp="2026-08-04T21:46:15.786578+00:00" hostname="agent-env-b80cdd74-988f-432a-a6ab-4527ecf6944f"><testcase classname="tests.test_account_delete.TestAccountDelete" name="test_delete_requires_auth" time="0.889" /><testcase classname="tests.test_account_delete.TestAccountDelete" name="test_delete_invalid_token" time="0.120" /><testcase classname="tests.test_account_delete.TestAccountDelete" name="test_delete_anonymises_user" time="0.955" /><testcase classname="tests.test_account_delete.TestAccountDelete" name="test_login_after_delete_returns_403" time="0.560" /><testcase classname="tests.test_account_delete.TestAccountDelete" name="test_delete_purges_documents_and_notifications" time="0.894" /><testcase classname="tests.test_account_delete.TestPublicProfileRegression" name="test_public_profile_returns_expected_fields" time="0.803" /><testcase classname="tests.test_account_delete.TestPublicProfileRegression" name="test_public_profile_missing_user" time="0.450" /><testcase classname="tests.test_account_delete.TestBidsVerifiedDriverEnrichment" name="test_bids_include_verified_driver_flag" time="1.484" /><testcase classname="tests.test_booking_fee_bands" name="test_booking_fee_bands_match_spec[50.0-15.0-7.5]" time="0.120" /><testcase classname="tests.test_booking_fee_bands" name="test_booking_fee_bands_match_spec[150.0-15.0-22.5]" time="0.129" /><testcase classname="tests.test_booking_fee_bands" name="test_booking_fee_bands_match_spec[150.01-14.0-21.0]" time="10.112" /><testcase classname="tests.test_booking_fee_bands" name="test_booking_fee_bands_match_spec[151.0-14.0-21.14]" time="10.238" /><testcase classname="tests.test_booking_fee_bands" name="test_booking_fee_bands_match_spec[299.0-14.0-41.86]" time="10.150" /><testcase classname="tests.test_booking_fee_bands" name="test_booking_fee_bands_match_spec[300.0-14.0-42.0]" time="10.173" /><testcase classname="tests.test_booking_fee_bands" name="test_booking_fee_bands_match_spec[300.01-13.0-39.0]" time="0.253" /><testcase classname="tests.test_booking_fee_bands" name="test_booking_fee_bands_match_spec[301.0-13.0-39.13]" time="0.150" /><testcase classname="tests.test_booking_fee_bands" name="test_booking_fee_bands_match_spec[600.0-13.0-78.0]" time="0.143" /><testcase classname="tests.test_booking_fee_bands" name="test_booking_fee_bands_match_spec[600.01-12.0-72.0]" time="10.135" /><testcase classname="tests.test_booking_fee_bands" name="test_booking_fee_bands_match_spec[601.0-12.0-72.12]" time="0.192" /><testcase classname="tests.test_booking_fee_bands" name="test_booking_fee_bands_match_spec[999.0-12.0-119.88]" time="0.159" /><testcase classname="tests.test_booking_fee_bands" name="test_booking_fee_bands_match_spec[1000.0-12.0-120.0]" time="0.184" /><testcase classname="tests.test_booking_fee_bands" name="test_booking_fee_bands_match_spec[1000.01-10.0-100.0]" time="0.164" /><testcase classname="tests.test_booking_fee_bands" name="test_booking_fee_bands_match_spec[1001.0-10.0-100.1]" time="0.148" /><testcase classname="tests.test_booking_fee_bands" name="test_booking_fee_bands_match_spec[2500.0-10.0-250.0]" time="0.149" /><testcase classname="tests.test_booking_fee_bands" name="test_negative_input_rejected" time="0.172" /><testcase classname="tests.test_booking_fee_bands" name="test_zero_charge_still_returns_a_band" time="0.172" /><testcase classname="tests.test_booking_fees.TestBookingFeePreview" name="test_preview_270_returns_new_and_legacy_fields" time="1.543" /><testcase classname="tests.test_booking_fees.TestBookingFeePreview" name="test_preview_rejects_negative_driver_charge" time="0.157" /><testcase classname="tests.test_booking_fees.TestBookingFeePreview" name="test_preview_requires_auth" time="0.155" /><testcase classname="tests.test_booking_fees.TestBookingFeePreview" name="test_preview_bands_across_tiers[50.0-7.5-57.5]" time="0.151" /><testcase classname="tests.test_booking_fees.TestBookingFeePreview" name="test_preview_bands_across_tiers[100.0-15.0-115.0]" time="0.147" /><testcase classname="tests.test_booking_fees.TestBookingFeePreview" name="test_preview_bands_across_tiers[100.01-15.0-115.01]" time="0.144" /><testcase classname="tests.test_booking_fees.TestBookingFeePreview" name="test_preview_bands_across_tiers[500.0-65.0-565.0]" time="0.158" /><testcase classname="tests.test_booking_fees.TestBookingFeePreview" name="test_preview_bands_across_tiers[1200.0-120.0-1320.0]" time="0.161" /><testcase classname="tests.test_booking_fees.TestBookingFeePreview" name="test_preview_bands_across_tiers[3000.0-300.0-3300.0]" time="0.141" /><testcase classname="tests.test_booking_fees.TestLegacyPreviewAlias" name="test_legacy_alias_identical_to_new" time="2.417" /><testcase classname="tests.test_booking_fees.TestLegacyPreviewAlias" name="test_legacy_alias_rejects_negative" time="0.170" /><testcase classname="tests.test_booking_fees.TestFixedPriceBooking" name="test_fixed_price_270_booking_math" time="3.838" /><testcase classname="tests.test_booking_fees.TestBiddingBooking" name="test_accepted_bid_booking_math[500.0-65.0-565.0]" time="5.681" /><testcase classname="tests.test_booking_fees.TestBiddingBooking" name="test_accepted_bid_booking_math[50.0-7.5-57.5]" time="0.575" /><testcase classname="tests.test_booking_fees.TestBiddingBooking" name="test_accepted_bid_booking_math[1200.0-120.0-1320.0]" time="0.666" /><testcase classname="tests.test_booking_fees.TestBiddingBooking" name="test_accepted_bid_booking_math[3000.0-300.0-3300.0]" time="0.634" /><testcase classname="tests.test_booking_fees.TestStripeChargesBookingFee" name="test_deposit_session_amount_equals_booking_fee" time="0.939" /><testcase classname="tests.test_booking_fees.TestFallbackAllBandsDisabled" name="test_fallback_percentage_of_driver_charge" time="0.533" /><testcase classname="tests.test_booking_fees.TestAdminCRUDRegression" name="test_admin_list_bands" time="0.113" /><testcase classname="tests.test_booking_fees.TestAdminCRUDRegression" name="test_admin_create_update_delete" time="0.331" /><testcase classname="tests.test_booking_fees.TestAdminCRUDRegression" name="test_public_deposit_bands_returns_enabled_only" time="0.102" /><testcase classname="tests.test_cargoone_api.TestHealth" name="test_root" time="0.116" /><testcase classname="tests.test_cargoone_api.TestAuth" name="test_register_customer" time="0.348" /><testcase classname="tests.test_cargoone_api.TestAuth" name="test_register_driver_pending" time="0.364" /><testcase classname="tests.test_cargoone_api.TestAuth" name="test_register_duplicate_email" time="0.142" /><testcase classname="tests.test_cargoone_api.TestAuth" name="test_login_admin_seeded" time="0.364" /><testcase classname="tests.test_cargoone_api.TestAuth" name="test_login_invalid" time="0.384" /><testcase classname="tests.test_cargoone_api.TestAuth" name="test_me_returns_current_user" time="0.160" /><testcase classname="tests.test_cargoone_api.TestAuth" name="test_me_no_token" time="0.161" /><testcase classname="tests.test_cargoone_api.TestAdminApprove" name="test_admin_stats_requires_admin" time="0.139" /><testcase classname="tests.test_cargoone_api.TestAdminApprove" name="test_admin_stats_ok" time="0.166" /><testcase classname="tests.test_cargoone_api.TestAdminApprove" name="test_admin_list_drivers" time="0.241" /><testcase classname="tests.test_cargoone_api.TestAdminApprove" name="test_admin_approve_driver" time="0.460" /><testcase classname="tests.test_cargoone_api.TestJobs" name="test_customer_creates_fixed_job" time="0.119" /><testcase classname="tests.test_cargoone_api.TestJobs" name="test_customer_creates_bidding_job" time="0.106" /><testcase classname="tests.test_cargoone_api.TestJobs" name="test_jobs_mine" time="0.108" /><testcase classname="tests.test_cargoone_api.TestJobs" name="test_jobs_nearby_driver_privacy" time="0.238"><failure message="TypeError: '&lt;' not supported between instances of 'NoneType' and 'float'">E   TypeError: '&lt;' not supported between instances of 'NoneType' and 'float'</failure></testcase><testcase classname="tests.test_cargoone_api.TestJobs" name="test_jobs_nearby_forbidden_for_customer" time="0.113" /><testcase classname="tests.test_cargoone_api.TestJobs" name="test_driver_accepts_fixed" time="0.199" /><testcase classname="tests.test_cargoone_api.TestJobs" name="test_driver_cannot_accept_bidding_job" time="0.138" /><testcase classname="tests.test_cargoone_api.TestBids" name="test_submit_bid" time="0.144" /><testcase classname="tests.test_cargoone_api.TestBids" name="test_list_bids_as_customer" time="0.104" /><testcase classname="tests.test_cargoone_api.TestBids" name="test_accept_bid" time="0.169" /><testcase classname="tests.test_cargoone_api.TestBookings" name="test_create_booking" time="0.117"><failure message="assert 205.2 == 180.0">E   assert 205.2 == 180.0</failure></testcase><testcase classname="tests.test_cargoone_api.TestBookings" name="test_create_booking_idempotent" time="0.167"><failure message="KeyError: 'booking'">E   KeyError: 'booking'</failure></testcase><testcase classname="tests.test_cargoone_api.TestBookings" name="test_deposit_session_creation" time="0.000"><failure message="KeyError: 'booking'">E   KeyError: 'booking'</failure></testcase><testcase classname="tests.test_cargoone_api.TestBookings" name="test_payment_status_unpaid" time="0.000"><skipped type="pytest.skip" message="No session_id from previous step">/app/backend/tests/test_cargoone_api.py:293: No session_id from previous step</skipped></testcase><testcase classname="tests.test_cargoone_api.TestBookings" name="test_payment_status_bad_session" time="0.176" /><testcase classname="tests.test_cargoone_api.TestBookings" name="test_bookings_mine_privacy" time="0.151"><failure message="KeyError: 'booking'">E   KeyError: 'booking'</failure></testcase><testcase classname="tests.test_cargoone_api.TestBookings" name="test_messages_blocked_before_payment" time="0.000"><failure message="KeyError: 'booking'">E   KeyError: 'booking'</failure></testcase><testcase classname="tests.test_cargoone_api.TestPostPaymentFeatures" name="test_booking_privacy_after_payment" time="0.002"><error message="failed on setup with &quot;KeyError: 'booking'&quot;">E   KeyError: 'booking'</error></testcase><testcase classname="tests.test_cargoone_api.TestPostPaymentFeatures" name="test_send_message_after_payment" time="0.017"><error message="failed on setup with &quot;KeyError: 'booking'&quot;">E   KeyError: 'booking'</error></testcase><testcase classname="tests.test_cargoone_api.TestPostPaymentFeatures" name="test_tracking_update_and_get" time="0.002"><error message="failed on setup with &quot;KeyError: 'booking'&quot;">E   KeyError: 'booking'</error></testcase><testcase classname="tests.test_cargoone_api.TestPostPaymentFeatures" name="test_booking_status_update" time="0.002"><error message="failed on setup with &quot;KeyError: 'booking'&quot;">E   KeyError: 'booking'</error></testcase><testcase classname="tests.test_cargoone_api.TestPostPaymentFeatures" name="test_pod_upload_and_get" time="0.001"><error message="failed on setup with &quot;KeyError: 'booking'&quot;">E   KeyError: 'booking'</error></testcase><testcase classname="tests.test_cargoone_api.TestPostPaymentFeatures" name="test_review_after_pod" time="0.001"><error message="failed on setup with &quot;KeyError: 'booking'&quot;">E   KeyError: 'booking'</error></testcase><testcase classname="tests.test_cargoone_api.TestAdminSuspend" name="test_suspend_driver" time="0.770" /><testcase classname="tests.test_contact_newsletter_gdpr.TestContactForm" name="test_valid_contact_submission" time="0.746" /><testcase classname="tests.test_contact_newsletter_gdpr.TestContactForm" name="test_short_message_returns_400" time="0.162" /><testcase classname="tests.test_contact_newsletter_gdpr.TestContactForm" name="test_short_name_returns_400" time="0.140" /><testcase classname="tests.test_contact_newsletter_gdpr.TestContactForm" name="test_invalid_email_returns_422" time="0.159" /><testcase classname="tests.test_contact_newsletter_gdpr.TestContactForm" name="test_admin_contact_messages_requires_admin" time="0.694" /><testcase classname="tests.test_contact_newsletter_gdpr.TestNewsletter" name="test_valid_subscription" time="0.804" /><testcase classname="tests.test_contact_newsletter_gdpr.TestNewsletter" name="test_invalid_email_returns_422" time="0.101" /><testcase classname="tests.test_contact_newsletter_gdpr.TestNewsletter" name="test_admin_newsletter_requires_admin" time="0.137" /><testcase classname="tests.test_contact_newsletter_gdpr.TestGdprDeleteScrubbing" name="test_names_present_before_delete" time="1.966" /><testcase classname="tests.test_contact_newsletter_gdpr.TestGdprDeleteScrubbing" name="test_customer_delete_anonymises_customer_name_on_job" time="0.427" /><testcase classname="tests.test_contact_newsletter_gdpr.TestGdprDeleteScrubbing" name="test_driver_delete_anonymises_driver_name_on_job_and_bid" time="0.480" /><testcase classname="tests.test_cookie_auth" name="test_login_sets_httponly_cookie" time="0.349" /><testcase classname="tests.test_cookie_auth" name="test_me_works_with_cookie_only" time="0.501" /><testcase classname="tests.test_cookie_auth" name="test_bearer_still_works" time="0.452" /><testcase classname="tests.test_cookie_auth" name="test_register_sets_cookie_and_returns_token" time="0.415" /><testcase classname="tests.test_cookie_auth" name="test_logout_clears_cookie_and_blocks_subsequent_requests" time="0.569" /><testcase classname="tests.test_cookie_auth" name="test_no_auth_returns_401" time="0.106" /><testcase classname="tests.test_final_acceptance.TestAC1_UKDomesticQuote" name="test_gb_gb_domestic_returns_price" time="0.464" /><testcase classname="tests.test_final_acceptance.TestAC1_UKDomesticQuote" name="test_deposit_bands_still_returns_bands" time="0.066" /><testcase classname="tests.test_final_acceptance.TestAC2_NorthernIrelandDomestic" name="test_belfast_dropoff_domestic_uk" time="0.096" /><testcase classname="tests.test_final_acceptance.TestAC3_GBtoIE" name="test_gb_ie_international_manual_review" time="0.156" /><testcase classname="tests.test_final_acceptance.TestAC4_IEtoGB" name="test_ie_gb_international_manual_review" time="0.098" /><testcase classname="tests.test_final_acceptance.TestAC5_EuropeanRoutes" name="test_london_paris_international" time="0.100" /><testcase classname="tests.test_final_acceptance.TestAC5_EuropeanRoutes" name="test_dublin_berlin_international" time="0.096" /><testcase classname="tests.test_final_acceptance.TestAC6_LegacyUKJob" name="test_legacy_job_creates_posted_domestic_uk" time="0.143" /><testcase classname="tests.test_final_acceptance.TestAC7_DriverVerificationFlow" name="test_00_reset_driver_to_active" time="0.385"><error message="failed on setup with &quot;AssertionError: seeded driver driver1@cargoone.com not found: ['deleted+24f24f9d-e331-4105-a742-d5afcb56ed30@cargoone.internal', 'test_drv2_0aba95af82@example.com', 'test_drv_7f1872b7f3@example.com', 'test_bf_drv_7723be9e10@example.com', 'test_driver_31ffb8f9@example.com', 'test_driver_861b05ec@example.com', 'deleted+79ca072f-93f2-4e45-bc3a-da121d850508@cargoone.internal', 'test_qar3_bid_drv_ea2a5531@example.com', 'test_qar3_driver_c717f33f@example.com', 'test_qar3_bid_drv_56d9c735@example.com', 'test_qar3_driver_bbea8b4d@example.com', 'test_qar3_bid_drv_753622ab@example.com', 'test_qar3_driver_a473af97@example.com', 'test_qar3_bid_drv_c1233952@example.com', 'test_qar3_driver_526d5ab0@example.com', 'test_bf_drv_1f5132026f@example.com', 'test_bf_drv_fa4a1eb17e@example.com', 'test_bf_drv_4f06ade5b7@example.com', 'test_bf_drv_ee4b269557@example.com', 'test_bf_drv_b45eb74b74@example.com', 'test_bf_drv_4585510300@example.com', 'test_bf_drv_22bb76478c@example.com', 'test_bf_drv_f550dee604@example.com', 'test_bf_drv_d71b68f9f4@example.com', 'test_bf_drv_e321b57e4f@example.com', 'test_bf_drv_6b64ba7c8a@example.com', 'test_bf_drv_4e7dfceeb4@example.com', 'test_bf_drv_feffca735f@example.com', 'test_bf_drv_13b0fd8617@example.com', 'test_bf_drv_87ba0646b0@example.com', 'test_bf_drv_39bf40561f@example.com', 'test_bf_drv_ceccc9053e@example.com', 'test_bf_drv_a7939ae9a2@example.com', 'test_bf_drv_c7b913ac64@example.com', 'test_bf_drv_100ce47854@example.com', 'test_bf_drv_a9d9f8e519@example.com', 'test_bf_drv_b12748ba02@example.com', 'test_bf_drv_bf8256547d@example.com', 'test_bf_drv_082a44ba43@example.com', 'test_bf_drv_448598d107@example.com', 'test_bf_drv_687fbc406f@example.com', 'test_bf_drv_c8d8da4904@example.com', 'test_bf_drv_d704e51a49@example.com', 'test_bf_drv_e6b5a1506f@example.com', 'test_bf_drv_5103264ffe@example.com', 'test_bf_drv_28dc65e10d@example.com', 'test_bf_drv_c2b9f1266a@example.com', 'test_bf_drv_692cc80196@example.com', 'test_bf_drv_faf48ee941@example.com', 'test_bf_drv_f4af1457df@example.com', 'test_bf_drv_ae9d68e00d@example.com', 'test_bf_drv_814af80755@example.com', 'test_bf_drv_b0b852a063@example.com', 'test_bf_drv_a2db4320a5@example.com', 'test_bf_drv_61c52c1ecb@example.com', 'dispatch-driver-7a619f18e6@x.io', 'dispatch-driver-0f67dad503@x.io', 'dispatch-driver-4209d72d54@x.io', 'dispatch-driver-1148067e21@x.io', 'dispatch-driver-91c82ee299@x.io', 'dispatch-driver-198ca473c1@x.io', 'dispatch-driver-e9a0a7a266@x.io', 'dispatch-driver-5eb2a782c5@x.io', 'dispatch-driver-7c1aa32ca1@x.io', 'dispatch-driver-b494324908@x.io', 'dispatch-driver-fe855dbae3@x.io', 'dispatch-driver-5fc630388d@x.io', 'dispatch-driver-93fa8978c9@x.io', 'dispatch-driver-83702323c1@x.io', 'dispatch-driver-7afc9f86b2@x.io', 'dispatch-driver-3c2d52220f@x.io', 'test_bf_drv_24eea93b1b@example.com', 'test_bf_drv_5fd2ef9409@example.com', 'test_bf_drv_bc03556338@example.com', 'test_bf_drv_3278b7632c@example.com', 'test_bf_drv_f2f1e7d0f9@example.com', 'test_bf_drv_b6054609db@example.com', 'dispatch-driver-66af2d94d2@x.io', 'dispatch-driver-11126a08dd@x.io', 'dispatch-driver-090dedb472@x.io', 'dispatch-driver-267821ebcf@x.io', 'dispatch-driver-628984a70f@x.io', 'dispatch-driver-ba32447b44@x.io', 'dispatch-driver-fcfc480204@x.io', 'dispatch-driver-c3e8998fe9@x.io', 'dispatch-driver-8d5e8458ec@x.io', 'dispatch-driver-c92c423679@x.io', 'dispatch-driver-0a9f6d6c01@x.io', 'dispatch-driver-7b0da6ee7b@x.io', 'dispatch-driver-39a3e802a4@x.io', 'dispatch-driver-6db3cfad3f@x.io', 'dispatch-driver-3ece4222aa@x.io', 'dispatch-driver-683ce3a13c@x.io', 'test_bf_drv_4fbca4f1b8@example.com', 'test_bf_drv_4b5b8dd4b6@example.com', 'dispatch-driver-cb47c378ff@x.io', 'dispatch-driver-d70c79f8e7@x.io', 'test_bf_drv_0c9c69785b@example.com', 'dispatch-driver-281f0827ab@x.io', 'dispatch-driver-e317407219@x.io', 'dispatch-driver-8a335d6a1a@x.io', 'test_bf_drv_18f19c23e5@example.com', 'dispatch-driver-6f64b2dd0c@x.io', 'dispatch-driver-e4c2e34892@x.io', 'dispatch-driver-2236607b59@x.io', 'dispatch-driver-3181886460@x.io', 'dispatch-driver-7bf7754641@x.io', 'dispatch-driver-9761b1492a@x.io', 'dispatch-driver-0a893a3f94@x.io', 'dispatch-driver-a104fd0003@x.io', 'dispatch-driver-71648c7043@x.io', 'dispatch-driver-f5648702ed@x.io', 'dispatch-driver-7ca524a1f0@x.io', 'test_bf_drv_8858d97566@example.com', 'dispatch-driver-dea4850809@x.io', 'dispatch-driver-1c9d9557a2@x.io', 'test_bf_drv_7feaccbe1e@example.com', 'dispatch-driver-b5f05caec9@x.io', 'dispatch-driver-3f8bfcaca6@x.io', 'dispatch-driver-43be06e488@x.io', 'dispatch-driver-ecd54548d9@x.io', 'dispatch-driver-759455c765@x.io', 'dispatch-driver-692cfde38b@x.io', 'dispatch-driver-059711e61a@x.io', 'dispatch-driver-30e5248410@x.io', 'dispatch-driver-6ddf7de828@x.io', 'dispatch-driver-ccca6a01a9@x.io', 'dispatch-driver-a1906f4abd@x.io', 'dispatch-driver-da7885ef20@x.io', 'dispatch-driver-d1e373575f@x.io', 'dispatch-driver-952a3a1167@x.io', 'dispatch-driver-d838d24df6@x.io', 'dispatch-driver-a99f13bf2e@x.io', 'dispatch-driver-e29c2e7e06@x.io', 'dispatch-driver-6dc53b742a@x.io', 'dispatch-driver-43863d2844@x.io', 'dispatch-driver-235300ea91@x.io', 'dispatch-driver-245aa2afdf@x.io', 'dispatch-driver-e48f0d98f1@x.io', 'dispatch-driver-5b440efb8e@x.io', 'dispatch-driver-36ad99947a@x.io', 'dispatch-driver-6064380c94@x.io', 'dispatch-driver-637a3bca73@x.io', 'dispatch-driver-3dc48c4014@x.io', 'dispatch-driver-98fe4607cf@x.io', 'dispatch-driver-20dbb5f569@x.io', 'dispatch-driver-48d9401960@x.io', 'test_bf_drv_5c89c0361e@example.com', 'test_bf_drv_536d55c8fe@example.com', 'dispatch-driver-8635660d12@x.io', 'dispatch-driver-8f787c1974@x.io', 'test_bf_drv_c1aa5609c2@example.com', 'dispatch-driver-18f135db74@x.io', 'dispatch-driver-3c40376437@x.io', 'dispatch-driver-b11484bc1d@x.io', 'dispatch-driver-3233d8b087@x.io', 'dispatch-driver-5b02831013@x.io', 'dispatch-driver-164a2ca30a@x.io', 'dispatch-driver-736661fb54@x.io', 'dispatch-driver-75b3120fd2@x.io', 'dispatch-driver-36c9e6dbf1@x.io', 'dispatch-driver-a73c23ca3d@x.io', 'dispatch-driver-97738cd40d@x.io', 'dispatch-driver-ab9729d5a8@x.io', 'dispatch-driver-7fd82dbe7a@x.io', 'dispatch-driver-98fd74058c@x.io', 'dispatch-driver-1cc7d6da94@x.io', 'dispatch-driver-0ce9fa0721@x.io', 'dispatch-driver-c2a938e63e@x.io', 'dispatch-driver-f42da95cdb@x.io', 'dispatch-driver-78853835b8@x.io', 'dispatch-driver-d57b5cecf5@x.io', 'dispatch-driver-68fb5a00f3@x.io', 'dispatch-driver-4008ff7166@x.io', 'dispatch-driver-8fd20ee85b@x.io', 'dispatch-driver-261ab9707a@x.io', 'dispatch-driver-e0c2ac3938@x.io', 'dispatch-driver-bf036bab83@x.io', 'dispatch-driver-b18a6fba62@x.io', 'dispatch-driver-ba477ed63b@x.io', 'dispatch-driver-e6da99e203@x.io', 'dispatch-driver-70b9705cd6@x.io', 'dispatch-driver-aac849d81a@x.io', 'dispatch-driver-33de943ba7@x.io', 'dispatch-driver-e621da393c@x.io', 'dispatch-driver-66c93e9a67@x.io', 'dispatch-driver-f2772a20a5@x.io', 'dispatch-driver-0228e33379@x.io', 'dispatch-driver-3eeb13c674@x.io', 'dispatch-driver-399b06af61@x.io', 'dispatch-driver-d86873b77a@x.io', 'dispatch-driver-806eb8dfe4@x.io', 'dispatch-driver-8a3ddd4d19@x.io', 'dispatch-driver-707b63b44c@x.io', 'dispatch-driver-735bfc2502@x.io', 'dispatch-driver-a7ff6046c4@x.io', 'dispatch-driver-2bffe34302@x.io', 'dispatch-driver-ce9d04a8c8@x.io', 'dispatch-driver-f5185d2d55@x.io', 'dispatch-driver-83c227c9bf@x.io', 'dispatch-driver-c3ad344fa4@x.io', 'dispatch-driver-7efeecc44a@x.io', 'dispatch-driver-c0e3eac8f5@x.io', 'dispatch-driver-6e2e4a6200@x.io', 'dispatch-driver-a58c76d89e@x.io', 'dispatch-driver-a010451b02@x.io', 'dispatch-driver-b042334207@x.io', 'dispatch-driver-b21dfba099@x.io', 'dispatch-driver-fb929790c6@x.io', 'dispatch-driver-bc9509d4f3@x.io', 'dispatch-driver-392f1b2d2f@x.io', 'dispatch-driver-eabffc7fe6@x.io', 'dispatch-driver-b1b6f2ab58@x.io', 'dispatch-driver-182944ce3c@x.io', 'dispatch-driver-5b4341864e@x.io', 'dispatch-driver-ba6ce1cd08@x.io', 'dispatch-driver-8a51108271@x.io', 'dispatch-driver-18d4565e10@x.io', 'dispatch-driver-ec89e4681a@x.io', 'dispatch-driver-006f7a3e28@x.io', 'dispatch-driver-275efd1bbe@x.io', 'dispatch-driver-b54479fc6c@x.io', 'dispatch-driver-4270d9935b@x.io', 'dispatch-driver-bcfe8f2161@x.io', 'dispatch-driver-b5f1d0fa17@x.io', 'dispatch-driver-94d62bff0e@x.io', 'dispatch-driver-0012fb3e45@x.io', 'dispatch-driver-5310a85b0c@x.io', 'dispatch-driver-86b89fb6d7@x.io', 'dispatch-driver-7c46f075f8@x.io', 'dispatch-driver-bf02ed529b@x.io', 'dispatch-driver-78c03e745e@x.io', 'dispatch-driver-8e28a471f4@x.io', 'dispatch-driver-3acddb080f@x.io', 'dispatch-driver-cc5b1fe803@x.io', 'dispatch-driver-a3281b02af@x.io', 'dispatch-driver-ed55fbf849@x.io', 'dispatch-driver-c88e9a016a@x.io', 'dispatch-driver-28a22a719b@x.io', 'dispatch-driver-5d8b831026@x.io', 'dispatch-driver-8e5861a421@x.io', 'dispatch-driver-4059dd1f87@x.io', 'dispatch-driver-a1a04ae0b0@x.io', 'dispatch-driver-3fde05f317@x.io', 'dispatch-driver-e7bdc6f39a@x.io', 'dispatch-driver-860acb9e24@x.io', 'dispatch-driver-1566baa0ab@x.io', 'dispatch-driver-ff4c2dd7cf@x.io', 'dispatch-driver-c3451e4b03@x.io', 'dispatch-driver-bc39884f67@x.io', 'dispatch-driver-3854fe95be@x.io', 'dispatch-driver-48831b78f3@x.io', 'dispatch-driver-a26fc858af@x.io', 'dispatch-driver-a20f43ae73@x.io', 'dispatch-driver-04707fb57f@x.io', 'dispatch-driver-365aae694f@x.io', 'dispatch-driver-cee31bbf38@x.io', 'dispatch-driver-3380fc6045@x.io', 'dispatch-driver-ab5473ea6c@x.io', 'dispatch-driver-5b31ca1ecb@x.io', 'dispatch-driver-05d7b4c395@x.io', 'dispatch-driver-94fed46406@x.io', 'dispatch-driver-06a185bfa3@x.io', 'dispatch-driver-e6a9092fcb@x.io', 'dispatch-driver-5b306b029b@x.io', 'dispatch-driver-f3601fd4f5@x.io', 'dispatch-driver-9dd588a9b2@x.io', 'dispatch-driver-0c4f0fc375@x.io', 'dispatch-driver-fd315811aa@x.io', 'dispatch-driver-875d3fe6ea@x.io', 'dispatch-driver-f27a2f5230@x.io', 'dispatch-driver-395af7f402@x.io', 'dispatch-driver-d153b9e779@x.io', 'dispatch-driver-91029b396c@x.io', 'dispatch-driver-4ae4b24d0a@x.io', 'dispatch-driver-1c057fea54@x.io', 'dispatch-driver-f91c357c9e@x.io', 'dispatch-driver-82197920a7@x.io', 'dispatch-driver-c360cbc816@x.io', 'dispatch-driver-95a29b7987@x.io', 'dispatch-driver-6695ee12d3@x.io', 'dispatch-driver-e9c0501c94@x.io', 'dispatch-driver-e2146a395e@x.io', 'dispatch-driver-ab352ba16e@x.io', 'dispatch-driver-a7e049d046@x.io', 'dispatch-driver-60c659688c@x.io', 'dispatch-driver-5de8cca9d3@x.io', 'dispatch-driver-5a38c20b96@x.io', 'dispatch-driver-acccf992f5@x.io', 'dispatch-driver-49a6552ba0@x.io', 'dispatch-driver-8eacb3da6c@x.io', 'dispatch-driver-0461d1ee06@x.io', 'dispatch-driver-d16ec4e30b@x.io', 'dispatch-driver-2babded313@x.io', 'dispatch-driver-c7b736e570@x.io', 'dispatch-driver-7707722a81@x.io', 'dispatch-driver-3bc9508ff9@x.io', 'dispatch-driver-62a2110b76@x.io', 'dispatch-driver-bc1b32d7c0@x.io', 'dispatch-driver-facd69f659@x.io', 'dispatch-driver-030a308a09@x.io', 'dispatch-driver-b9a80f0c6a@x.io', 'dispatch-driver-dba4c2bef7@x.io', 'dispatch-driver-6d68909032@x.io', 'dispatch-driver-dcae386956@x.io', 'dispatch-driver-50e0f1c7eb@x.io', 'dispatch-driver-521700fbbe@x.io', 'dispatch-driver-e125380e69@x.io', 'dispatch-driver-c2ad4b82b8@x.io', 'dispatch-driver-c8cf0ace1a@x.io', 'dispatch-driver-01e3624f1c@x.io', 'dispatch-driver-48990e4780@x.io', 'dispatch-driver-0f0cc72af7@x.io', 'dispatch-driver-85611c5fe2@x.io', 'dispatch-driver-e29590bc51@x.io', 'dispatch-driver-1ec54b71e4@x.io', 'dispatch-driver-42663c5f87@x.io', 'dispatch-driver-5ccc6556fc@x.io', 'dispatch-driver-5738e4afa4@x.io', 'dispatch-driver-ce54ab232c@x.io', 'dispatch-driver-e49569eb6a@x.io', 'dispatch-driver-78928a00be@x.io', 'dispatch-driver-5f702b76eb@x.io', 'dispatch-driver-d6c0a70d2d@x.io', 'dispatch-driver-f7b76b5acf@x.io', 'dispatch-driver-f8e6f99a2d@x.io', 'dispatch-driver-f5f391576b@x.io', 'dispatch-driver-59461d84f5@x.io', 'dispatch-driver-a91eea5896@x.io', 'dispatch-driver-c8f2c466af@x.io', 'dispatch-driver-6e4d684945@x.io', 'dispatch-driver-e929667f25@x.io', 'dispatch-driver-2e5b63da2c@x.io', 'dispatch-driver-bba8204422@x.io', 'dispatch-driver-46c8d5f0e0@x.io', 'dispatch-driver-f397dc97d1@x.io', 'dispatch-driver-61c2e7c200@x.io', 'dispatch-driver-91be01f63a@x.io', 'dispatch-driver-ccd7314408@x.io', 'dispatch-driver-dc67d69297@x.io', 'dispatch-driver-605ac560ff@x.io', 'dispatch-driver-e68c467c04@x.io', 'dispatch-driver-0db551292e@x.io', 'dispatch-driver-72d0eff96e@x.io', 'dispatch-driver-2c1d5c7b20@x.io', 'dispatch-driver-c6c0e7d0d3@x.io', 'dispatch-driver-4017cbdef9@x.io', 'dispatch-driver-6d78f7f59a@x.io', 'dispatch-driver-abed8bdd83@x.io', 'dispatch-driver-f0370262fe@x.io', 'dispatch-driver-f0293d84e9@x.io', 'dispatch-driver-139419b929@x.io', 'dispatch-driver-b6982f31e2@x.io', 'dispatch-driver-404a84ad1b@x.io', 'dispatch-driver-c7b9cd4b39@x.io', 'dispatch-driver-0a7ad98612@x.io', 'dispatch-driver-62d8cd4aa4@x.io', 'dispatch-driver-ddd04b4870@x.io', 'dispatch-driver-c6d25c25be@x.io', 'dispatch-driver-2039e20c68@x.io', 'dispatch-driver-9ca89253b2@x.io', 'dispatch-driver-5bbb3b886a@x.io', 'dispatch-driver-36b03e55ac@x.io', 'dispatch-driver-ddbe8985a4@x.io', 'dispatch-driver-eb8cd40c78@x.io', 'dispatch-driver-1fb423ea75@x.io', 'dispatch-driver-56877087ab@x.io', 'dispatch-driver-9e921ee8b6@x.io', 'dispatch-driver-eaf70c1436@x.io', 'dispatch-driver-4c39b66b83@x.io', 'dispatch-driver-05f4a3521a@x.io', 'dispatch-driver-b98adf7ca8@x.io', 'dispatch-driver-14fad8adec@x.io', 'dispatch-driver-b12b3fcdca@x.io', 'dispatch-driver-1841438c4a@x.io', 'dispatch-driver-3ecd3fd838@x.io', 'dispatch-driver-8408aa1f85@x.io', 'dispatch-driver-1fc2af9d16@x.io', 'dispatch-driver-d59135af3c@x.io', 'dispatch-driver-7f5f88f448@x.io', 'dispatch-driver-a2116b73bd@x.io', 'dispatch-driver-3e713148e1@x.io', 'dispatch-driver-f5682efc51@x.io', 'dispatch-driver-0eaf2ad9b5@x.io', 'dispatch-driver-7ee7422f24@x.io', 'dispatch-driver-86c3205c84@x.io', 'dispatch-driver-2ce41c70bd@x.io', 'dispatch-driver-1aa586d0e3@x.io', 'dispatch-driver-874ef925b2@x.io', 'dispatch-driver-fbe39519d7@x.io', 'dispatch-driver-826f716ad0@x.io', 'dispatch-driver-c0770c4882@x.io', 'test_w3p2_driver_c1f0e3fc@example.com', 'test_driver_5ec1703bf0@qa.com', 'test_driver_f4f0c678de@qa.com', 'test_driver_ae26c7f4a0@qa.com', 'e2e2d-drv-1784928790@example.com', 'test_driver_857f0e51@example.com', 'test_driver_3f1f20ce@example.com', 'lc-driver-cce30dfd38@x.io', 'lc-driver-d143d74090@x.io', 'lc-driver-6e083b0969@x.io', 'lc-driver-7292b79ef9@x.io', 'lc-driver-32d54f1d9d@x.io', 'lc-driver-f50d6fdb43@x.io', 'lc-driver-f5573ff3ed@x.io', 'test_drv_reg_ff938621@example.com', 'deleted+e9027aec-42b0-4c23-8ff4-46c372a3d4a1@cargoone.internal', 'test_drv2_7cd7581348@example.com', 'test_drv_d1e887fe64@example.com', 'test_bf_drv_cad7048244@example.com', 'test_driver_b9a67212@example.com', 'test_driver_04ec36e9@example.com', 'deleted+5dcfbb38-080b-4fab-9b90-a4e28dbf22c6@cargoone.internal', 'lc-drv-final-1784920721@x.io', 'test_w3p2_driver_67a45462@example.com', 'test_driver_fa671436ca@qa.com', 'test_driver_125e9493bf@qa.com', 'test_driver_42c6e08261@qa.com', 'e2e2d-drv-1784920523@example.com', 'test_driver_c060f620@example.com', 'test_driver_b781a67c@example.com', 'lc-driver-6dabe016c8@x.io', 'lc-driver-f05881fd0b@x.io', 'lc-driver-ec8ed5c949@x.io', 'lc-driver-333262baad@x.io', 'lc-driver-ef68654e4e@x.io', 'lc-driver-77462f90bc@x.io', 'lc-driver-2c055cc348@x.io', 'test_drv_reg_94ac9248@example.com', 'deleted+a6a1a402-8566-4743-a7b4-3d2425f2d1e7@cargoone.internal', 'test_drv2_f715521a40@example.com', 'test_drv_e0631ec4f8@example.com', 'test_bf_drv_8885b9d893@example.com', 'test_driver_6f2921b2@example.com', 'test_driver_a9762ddf@example.com', 'deleted+0b61cd6a-06ea-471b-b4f5-b3639d8abe39@cargoone.internal', 'lc-driver-c6c9cbc1ee@x.io', 'lc-driver-cf5c43bfea@x.io', 'lc-driver-5bcff610e1@x.io', 'lc-driver-761dd88a10@x.io', 'lc-driver-f2a478ac86@x.io', 'lc-driver-b63686f5fe@x.io', 'lc-driver-6aae05f63c@x.io', 'lifecycle-drv-1784919835@x.io', 'test_w3p2_driver_27309d74@example.com', 'test_driver_e503081c70@qa.com', 'test_driver_6bcefe5e67@qa.com', 'test_driver_d90bb8bea1@qa.com', 'e2e2d-drv-1784838037@example.com', 'test_driver_46fe8d49@example.com', 'test_driver_945efcf2@example.com', 'test_drv_reg_04fc903f@example.com', 'deleted+6aeabb14-fe86-4a86-a098-dd56b7c38efe@cargoone.internal', 'test_drv2_5961d06b05@example.com', 'test_drv_e93cde3ee3@example.com', 'test_bf_drv_073d3663ae@example.com', 'test_driver_0d331c94@example.com', 'test_driver_ab3218cd@example.com', 'deleted+5d959bd2-d82d-41dc-8aaa-8dd58a8a53f6@cargoone.internal', 'test_w3p2_driver_72a96bad@example.com', 'test_driver_067cecb9fa@qa.com', 'test_driver_acc825f419@qa.com', 'test_driver_6d55a51886@qa.com', 'e2e2d-drv-1784837924@example.com', 'test_driver_c291136f@example.com', 'test_driver_ad2d78d8@example.com', 'test_drv_reg_31943615@example.com', 'deleted+942a8c2c-b41c-4d1f-a9ca-6e52da08a262@cargoone.internal', 'test_drv2_9a522b6639@example.com', 'test_drv_4e010b04fc@example.com', 'test_bf_drv_353b072e05@example.com', 'test_driver_5e20f0e7@example.com', 'test_driver_a689cfc2@example.com', 'deleted+9fee1b98-de6a-4422-aa53-23bce78439ce@cargoone.internal', 'e2e-fixbatch-drv-1784758210@example.com', 'test_w3p2_driver_e66fa65d@example.com', 'test_driver_a7a259480e@qa.com', 'test_driver_bf93813791@qa.com', 'test_driver_9024ae3a86@qa.com', 'e2e2d-drv-1784757610@example.com', 'test_driver_0e64b204@example.com', 'test_driver_877687bc@example.com', 'test_drv_reg_1c488276@example.com', 'deleted+c88363dd-da3f-4252-b8ee-8ad2d3dbc8ed@cargoone.internal', 'test_drv2_7a5940a687@example.com', 'test_drv_edd5b08f6e@example.com', 'test_bf_drv_0ebefdd7ff@example.com', 'test_driver_b5d15a94@example.com', 'test_driver_137d5d23@example.com', 'deleted+3bc5947a-17bf-4c65-a0f8-69cffca08c46@cargoone.internal', 'e2e-drv-1784757532@example.com', 'e2e-drv-1784757515@example.com', 'test_w3p2_driver_0efd7bb4@example.com', 'test_driver_4432531f6a@qa.com', 'test_driver_12d645ff13@qa.com', 'test_driver_4d9bbd9c2a@qa.com', 'e2e2d-drv-1784674853@example.com', 'test_driver_54f92feb@example.com', 'test_driver_fa9a1582@example.com']&#10;assert None&quot;">E   AssertionError: seeded driver driver1@cargoone.com not found: ['deleted+24f24f9d-e331-4105-a742-d5afcb56ed30@cargoone.internal', 'test_drv2_0aba95af82@example.com', 'test_drv_7f1872b7f3@example.com', 'test_bf_drv_7723be9e10@example.com', 'test_driver_31ffb8f9@example.com', 'test_driver_861b05ec@example.com', 'deleted+79ca072f-93f2-4e45-bc3a-da121d850508@cargoone.internal', 'test_qar3_bid_drv_ea2a5531@example.com', 'test_qar3_driver_c717f33f@example.com', 'test_qar3_bid_drv_56d9c735@example.com', 'test_qar3_driver_bbea8b4d@example.com', 'test_qar3_bid_drv_753622ab@example.com', 'test_qar3_driver_a473af97@example.com', 'test_qar3_bid_drv_c1233952@example.com', 'test_qar3_driver_526d5ab0@example.com', 'test_bf_drv_1f5132026f@example.com', 'test_bf_drv_fa4a1eb17e@example.com', 'test_bf_drv_4f06ade5b7@example.com', 'test_bf_drv_ee4b269557@example.com', 'test_bf_drv_b45eb74b74@example.com', 'test_bf_drv_4585510300@example.com', 'test_bf_drv_22bb76478c@example.com', 'test_bf_drv_f550dee604@example.com', 'test_bf_drv_d71b68f9f4@example.com', 'test_bf_drv_e321b57e4f@example.com', 'test_bf_drv_6b64ba7c8a@example.com', 'test_bf_drv_4e7dfceeb4@example.com', 'test_bf_drv_feffca735f@example.com', 'test_bf_drv_13b0fd8617@example.com', 'test_bf_drv_87ba0646b0@example.com', 'test_bf_drv_39bf40561f@example.com', 'test_bf_drv_ceccc9053e@example.com', 'test_bf_drv_a7939ae9a2@example.com', 'test_bf_drv_c7b913ac64@example.com', 'test_bf_drv_100ce47854@example.com', 'test_bf_drv_a9d9f8e519@example.com', 'test_bf_drv_b12748ba02@example.com', 'test_bf_drv_bf8256547d@example.com', 'test_bf_drv_082a44ba43@example.com', 'test_bf_drv_448598d107@example.com', 'test_bf_drv_687fbc406f@example.com', 'test_bf_drv_c8d8da4904@example.com', 'test_bf_drv_d704e51a49@example.com', 'test_bf_drv_e6b5a1506f@example.com', 'test_bf_drv_5103264ffe@example.com', 'test_bf_drv_28dc65e10d@example.com', 'test_bf_drv_c2b9f1266a@example.com', 'test_bf_drv_692cc80196@example.com', 'test_bf_drv_faf48ee941@example.com', 'test_bf_drv_f4af1457df@example.com', 'test_bf_drv_ae9d68e00d@example.com', 'test_bf_drv_814af80755@example.com', 'test_bf_drv_b0b852a063@example.com', 'test_bf_drv_a2db4320a5@example.com', 'test_bf_drv_61c52c1ecb@example.com', 'dispatch-driver-7a619f18e6@x.io', 'dispatch-driver-0f67dad503@x.io', 'dispatch-driver-4209d72d54@x.io', 'dispatch-driver-1148067e21@x.io', 'dispatch-driver-91c82ee299@x.io', 'dispatch-driver-198ca473c1@x.io', 'dispatch-driver-e9a0a7a266@x.io', 'dispatch-driver-5eb2a782c5@x.io', 'dispatch-driver-7c1aa32ca1@x.io', 'dispatch-driver-b494324908@x.io', 'dispatch-driver-fe855dbae3@x.io', 'dispatch-driver-5fc630388d@x.io', 'dispatch-driver-93fa8978c9@x.io', 'dispatch-driver-83702323c1@x.io', 'dispatch-driver-7afc9f86b2@x.io', 'dispatch-driver-3c2d52220f@x.io', 'test_bf_drv_24eea93b1b@example.com', 'test_bf_drv_5fd2ef9409@example.com', 'test_bf_drv_bc03556338@example.com', 'test_bf_drv_3278b7632c@example.com', 'test_bf_drv_f2f1e7d0f9@example.com', 'test_bf_drv_b6054609db@example.com', 'dispatch-driver-66af2d94d2@x.io', 'dispatch-driver-11126a08dd@x.io', 'dispatch-driver-090dedb472@x.io', 'dispatch-driver-267821ebcf@x.io', 'dispatch-driver-628984a70f@x.io', 'dispatch-driver-ba32447b44@x.io', 'dispatch-driver-fcfc480204@x.io', 'dispatch-driver-c3e8998fe9@x.io', 'dispatch-driver-8d5e8458ec@x.io', 'dispatch-driver-c92c423679@x.io', 'dispatch-driver-0a9f6d6c01@x.io', 'dispatch-driver-7b0da6ee7b@x.io', 'dispatch-driver-39a3e802a4@x.io', 'dispatch-driver-6db3cfad3f@x.io', 'dispatch-driver-3ece4222aa@x.io', 'dispatch-driver-683ce3a13c@x.io', 'test_bf_drv_4fbca4f1b8@example.com', 'test_bf_drv_4b5b8dd4b6@example.com', 'dispatch-driver-cb47c378ff@x.io', 'dispatch-driver-d70c79f8e7@x.io', 'test_bf_drv_0c9c69785b@example.com', 'dispatch-driver-281f0827ab@x.io', 'dispatch-driver-e317407219@x.io', 'dispatch-driver-8a335d6a1a@x.io', 'test_bf_drv_18f19c23e5@example.com', 'dispatch-driver-6f64b2dd0c@x.io', 'dispatch-driver-e4c2e34892@x.io', 'dispatch-driver-2236607b59@x.io', 'dispatch-driver-3181886460@x.io', 'dispatch-driver-7bf7754641@x.io', 'dispatch-driver-9761b1492a@x.io', 'dispatch-driver-0a893a3f94@x.io', 'dispatch-driver-a104fd0003@x.io', 'dispatch-driver-71648c7043@x.io', 'dispatch-driver-f5648702ed@x.io', 'dispatch-driver-7ca524a1f0@x.io', 'test_bf_drv_8858d97566@example.com', 'dispatch-driver-dea4850809@x.io', 'dispatch-driver-1c9d9557a2@x.io', 'test_bf_drv_7feaccbe1e@example.com', 'dispatch-driver-b5f05caec9@x.io', 'dispatch-driver-3f8bfcaca6@x.io', 'dispatch-driver-43be06e488@x.io', 'dispatch-driver-ecd54548d9@x.io', 'dispatch-driver-759455c765@x.io', 'dispatch-driver-692cfde38b@x.io', 'dispatch-driver-059711e61a@x.io', 'dispatch-driver-30e5248410@x.io', 'dispatch-driver-6ddf7de828@x.io', 'dispatch-driver-ccca6a01a9@x.io', 'dispatch-driver-a1906f4abd@x.io', 'dispatch-driver-da7885ef20@x.io', 'dispatch-driver-d1e373575f@x.io', 'dispatch-driver-952a3a1167@x.io', 'dispatch-driver-d838d24df6@x.io', 'dispatch-driver-a99f13bf2e@x.io', 'dispatch-driver-e29c2e7e06@x.io', 'dispatch-driver-6dc53b742a@x.io', 'dispatch-driver-43863d2844@x.io', 'dispatch-driver-235300ea91@x.io', 'dispatch-driver-245aa2afdf@x.io', 'dispatch-driver-e48f0d98f1@x.io', 'dispatch-driver-5b440efb8e@x.io', 'dispatch-driver-36ad99947a@x.io', 'dispatch-driver-6064380c94@x.io', 'dispatch-driver-637a3bca73@x.io', 'dispatch-driver-3dc48c4014@x.io', 'dispatch-driver-98fe4607cf@x.io', 'dispatch-driver-20dbb5f569@x.io', 'dispatch-driver-48d9401960@x.io', 'test_bf_drv_5c89c0361e@example.com', 'test_bf_drv_536d55c8fe@example.com', 'dispatch-driver-8635660d12@x.io', 'dispatch-driver-8f787c1974@x.io', 'test_bf_drv_c1aa5609c2@example.com', 'dispatch-driver-18f135db74@x.io', 'dispatch-driver-3c40376437@x.io', 'dispatch-driver-b11484bc1d@x.io', 'dispatch-driver-3233d8b087@x.io', 'dispatch-driver-5b02831013@x.io', 'dispatch-driver-164a2ca30a@x.io', 'dispatch-driver-736661fb54@x.io', 'dispatch-driver-75b3120fd2@x.io', 'dispatch-driver-36c9e6dbf1@x.io', 'dispatch-driver-a73c23ca3d@x.io', 'dispatch-driver-97738cd40d@x.io', 'dispatch-driver-ab9729d5a8@x.io', 'dispatch-driver-7fd82dbe7a@x.io', 'dispatch-driver-98fd74058c@x.io', 'dispatch-driver-1cc7d6da94@x.io', 'dispatch-driver-0ce9fa0721@x.io', 'dispatch-driver-c2a938e63e@x.io', 'dispatch-driver-f42da95cdb@x.io', 'dispatch-driver-78853835b8@x.io', 'dispatch-driver-d57b5cecf5@x.io', 'dispatch-driver-68fb5a00f3@x.io', 'dispatch-driver-4008ff7166@x.io', 'dispatch-driver-8fd20ee85b@x.io', 'dispatch-driver-261ab9707a@x.io', 'dispatch-driver-e0c2ac3938@x.io', 'dispatch-driver-bf036bab83@x.io', 'dispatch-driver-b18a6fba62@x.io', 'dispatch-driver-ba477ed63b@x.io', 'dispatch-driver-e6da99e203@x.io', 'dispatch-driver-70b9705cd6@x.io', 'dispatch-driver-aac849d81a@x.io', 'dispatch-driver-33de943ba7@x.io', 'dispatch-driver-e621da393c@x.io', 'dispatch-driver-66c93e9a67@x.io', 'dispatch-driver-f2772a20a5@x.io', 'dispatch-driver-0228e33379@x.io', 'dispatch-driver-3eeb13c674@x.io', 'dispatch-driver-399b06af61@x.io', 'dispatch-driver-d86873b77a@x.io', 'dispatch-driver-806eb8dfe4@x.io', 'dispatch-driver-8a3ddd4d19@x.io', 'dispatch-driver-707b63b44c@x.io', 'dispatch-driver-735bfc2502@x.io', 'dispatch-driver-a7ff6046c4@x.io', 'dispatch-driver-2bffe34302@x.io', 'dispatch-driver-ce9d04a8c8@x.io', 'dispatch-driver-f5185d2d55@x.io', 'dispatch-driver-83c227c9bf@x.io', 'dispatch-driver-c3ad344fa4@x.io', 'dispatch-driver-7efeecc44a@x.io', 'dispatch-driver-c0e3eac8f5@x.io', 'dispatch-driver-6e2e4a6200@x.io', 'dispatch-driver-a58c76d89e@x.io', 'dispatch-driver-a010451b02@x.io', 'dispatch-driver-b042334207@x.io', 'dispatch-driver-b21dfba099@x.io', 'dispatch-driver-fb929790c6@x.io', 'dispatch-driver-bc9509d4f3@x.io', 'dispatch-driver-392f1b2d2f@x.io', 'dispatch-driver-eabffc7fe6@x.io', 'dispatch-driver-b1b6f2ab58@x.io', 'dispatch-driver-182944ce3c@x.io', 'dispatch-driver-5b4341864e@x.io', 'dispatch-driver-ba6ce1cd08@x.io', 'dispatch-driver-8a51108271@x.io', 'dispatch-driver-18d4565e10@x.io', 'dispatch-driver-ec89e4681a@x.io', 'dispatch-driver-006f7a3e28@x.io', 'dispatch-driver-275efd1bbe@x.io', 'dispatch-driver-b54479fc6c@x.io', 'dispatch-driver-4270d9935b@x.io', 'dispatch-driver-bcfe8f2161@x.io', 'dispatch-driver-b5f1d0fa17@x.io', 'dispatch-driver-94d62bff0e@x.io', 'dispatch-driver-0012fb3e45@x.io', 'dispatch-driver-5310a85b0c@x.io', 'dispatch-driver-86b89fb6d7@x.io', 'dispatch-driver-7c46f075f8@x.io', 'dispatch-driver-bf02ed529b@x.io', 'dispatch-driver-78c03e745e@x.io', 'dispatch-driver-8e28a471f4@x.io', 'dispatch-driver-3acddb080f@x.io', 'dispatch-driver-cc5b1fe803@x.io', 'dispatch-driver-a3281b02af@x.io', 'dispatch-driver-ed55fbf849@x.io', 'dispatch-driver-c88e9a016a@x.io', 'dispatch-driver-28a22a719b@x.io', 'dispatch-driver-5d8b831026@x.io', 'dispatch-driver-8e5861a421@x.io', 'dispatch-driver-4059dd1f87@x.io', 'dispatch-driver-a1a04ae0b0@x.io', 'dispatch-driver-3fde05f317@x.io', 'dispatch-driver-e7bdc6f39a@x.io', 'dispatch-driver-860acb9e24@x.io', 'dispatch-driver-1566baa0ab@x.io', 'dispatch-driver-ff4c2dd7cf@x.io', 'dispatch-driver-c3451e4b03@x.io', 'dispatch-driver-bc39884f67@x.io', 'dispatch-driver-3854fe95be@x.io', 'dispatch-driver-48831b78f3@x.io', 'dispatch-driver-a26fc858af@x.io', 'dispatch-driver-a20f43ae73@x.io', 'dispatch-driver-04707fb57f@x.io', 'dispatch-driver-365aae694f@x.io', 'dispatch-driver-cee31bbf38@x.io', 'dispatch-driver-3380fc6045@x.io', 'dispatch-driver-ab5473ea6c@x.io', 'dispatch-driver-5b31ca1ecb@x.io', 'dispatch-driver-05d7b4c395@x.io', 'dispatch-driver-94fed46406@x.io', 'dispatch-driver-06a185bfa3@x.io', 'dispatch-driver-e6a9092fcb@x.io', 'dispatch-driver-5b306b029b@x.io', 'dispatch-driver-f3601fd4f5@x.io', 'dispatch-driver-9dd588a9b2@x.io', 'dispatch-driver-0c4f0fc375@x.io', 'dispatch-driver-fd315811aa@x.io', 'dispatch-driver-875d3fe6ea@x.io', 'dispatch-driver-f27a2f5230@x.io', 'dispatch-driver-395af7f402@x.io', 'dispatch-driver-d153b9e779@x.io', 'dispatch-driver-91029b396c@x.io', 'dispatch-driver-4ae4b24d0a@x.io', 'dispatch-driver-1c057fea54@x.io', 'dispatch-driver-f91c357c9e@x.io', 'dispatch-driver-82197920a7@x.io', 'dispatch-driver-c360cbc816@x.io', 'dispatch-driver-95a29b7987@x.io', 'dispatch-driver-6695ee12d3@x.io', 'dispatch-driver-e9c0501c94@x.io', 'dispatch-driver-e2146a395e@x.io', 'dispatch-driver-ab352ba16e@x.io', 'dispatch-driver-a7e049d046@x.io', 'dispatch-driver-60c659688c@x.io', 'dispatch-driver-5de8cca9d3@x.io', 'dispatch-driver-5a38c20b96@x.io', 'dispatch-driver-acccf992f5@x.io', 'dispatch-driver-49a6552ba0@x.io', 'dispatch-driver-8eacb3da6c@x.io', 'dispatch-driver-0461d1ee06@x.io', 'dispatch-driver-d16ec4e30b@x.io', 'dispatch-driver-2babded313@x.io', 'dispatch-driver-c7b736e570@x.io', 'dispatch-driver-7707722a81@x.io', 'dispatch-driver-3bc9508ff9@x.io', 'dispatch-driver-62a2110b76@x.io', 'dispatch-driver-bc1b32d7c0@x.io', 'dispatch-driver-facd69f659@x.io', 'dispatch-driver-030a308a09@x.io', 'dispatch-driver-b9a80f0c6a@x.io', 'dispatch-driver-dba4c2bef7@x.io', 'dispatch-driver-6d68909032@x.io', 'dispatch-driver-dcae386956@x.io', 'dispatch-driver-50e0f1c7eb@x.io', 'dispatch-driver-521700fbbe@x.io', 'dispatch-driver-e125380e69@x.io', 'dispatch-driver-c2ad4b82b8@x.io', 'dispatch-driver-c8cf0ace1a@x.io', 'dispatch-driver-01e3624f1c@x.io', 'dispatch-driver-48990e4780@x.io', 'dispatch-driver-0f0cc72af7@x.io', 'dispatch-driver-85611c5fe2@x.io', 'dispatch-driver-e29590bc51@x.io', 'dispatch-driver-1ec54b71e4@x.io', 'dispatch-driver-42663c5f87@x.io', 'dispatch-driver-5ccc6556fc@x.io', 'dispatch-driver-5738e4afa4@x.io', 'dispatch-driver-ce54ab232c@x.io', 'dispatch-driver-e49569eb6a@x.io', 'dispatch-driver-78928a00be@x.io', 'dispatch-driver-5f702b76eb@x.io', 'dispatch-driver-d6c0a70d2d@x.io', 'dispatch-driver-f7b76b5acf@x.io', 'dispatch-driver-f8e6f99a2d@x.io', 'dispatch-driver-f5f391576b@x.io', 'dispatch-driver-59461d84f5@x.io', 'dispatch-driver-a91eea5896@x.io', 'dispatch-driver-c8f2c466af@x.io', 'dispatch-driver-6e4d684945@x.io', 'dispatch-driver-e929667f25@x.io', 'dispatch-driver-2e5b63da2c@x.io', 'dispatch-driver-bba8204422@x.io', 'dispatch-driver-46c8d5f0e0@x.io', 'dispatch-driver-f397dc97d1@x.io', 'dispatch-driver-61c2e7c200@x.io', 'dispatch-driver-91be01f63a@x.io', 'dispatch-driver-ccd7314408@x.io', 'dispatch-driver-dc67d69297@x.io', 'dispatch-driver-605ac560ff@x.io', 'dispatch-driver-e68c467c04@x.io', 'dispatch-driver-0db551292e@x.io', 'dispatch-driver-72d0eff96e@x.io', 'dispatch-driver-2c1d5c7b20@x.io', 'dispatch-driver-c6c0e7d0d3@x.io', 'dispatch-driver-4017cbdef9@x.io', 'dispatch-driver-6d78f7f59a@x.io', 'dispatch-driver-abed8bdd83@x.io', 'dispatch-driver-f0370262fe@x.io', 'dispatch-driver-f0293d84e9@x.io', 'dispatch-driver-139419b929@x.io', 'dispatch-driver-b6982f31e2@x.io', 'dispatch-driver-404a84ad1b@x.io', 'dispatch-driver-c7b9cd4b39@x.io', 'dispatch-driver-0a7ad98612@x.io', 'dispatch-driver-62d8cd4aa4@x.io', 'dispatch-driver-ddd04b4870@x.io', 'dispatch-driver-c6d25c25be@x.io', 'dispatch-driver-2039e20c68@x.io', 'dispatch-driver-9ca89253b2@x.io', 'dispatch-driver-5bbb3b886a@x.io', 'dispatch-driver-36b03e55ac@x.io', 'dispatch-driver-ddbe8985a4@x.io', 'dispatch-driver-eb8cd40c78@x.io', 'dispatch-driver-1fb423ea75@x.io', 'dispatch-driver-56877087ab@x.io', 'dispatch-driver-9e921ee8b6@x.io', 'dispatch-driver-eaf70c1436@x.io', 'dispatch-driver-4c39b66b83@x.io', 'dispatch-driver-05f4a3521a@x.io', 'dispatch-driver-b98adf7ca8@x.io', 'dispatch-driver-14fad8adec@x.io', 'dispatch-driver-b12b3fcdca@x.io', 'dispatch-driver-1841438c4a@x.io', 'dispatch-driver-3ecd3fd838@x.io', 'dispatch-driver-8408aa1f85@x.io', 'dispatch-driver-1fc2af9d16@x.io', 'dispatch-driver-d59135af3c@x.io', 'dispatch-driver-7f5f88f448@x.io', 'dispatch-driver-a2116b73bd@x.io', 'dispatch-driver-3e713148e1@x.io', 'dispatch-driver-f5682efc51@x.io', 'dispatch-driver-0eaf2ad9b5@x.io', 'dispatch-driver-7ee7422f24@x.io', 'dispatch-driver-86c3205c84@x.io', 'dispatch-driver-2ce41c70bd@x.io', 'dispatch-driver-1aa586d0e3@x.io', 'dispatch-driver-874ef925b2@x.io', 'dispatch-driver-fbe39519d7@x.io', 'dispatch-driver-826f716ad0@x.io', 'dispatch-driver-c0770c4882@x.io', 'test_w3p2_driver_c1f0e3fc@example.com', 'test_driver_5ec1703bf0@qa.com', 'test_driver_f4f0c678de@qa.com', 'test_driver_ae26c7f4a0@qa.com', 'e2e2d-drv-1784928790@example.com', 'test_driver_857f0e51@example.com', 'test_driver_3f1f20ce@example.com', 'lc-driver-cce30dfd38@x.io', 'lc-driver-d143d74090@x.io', 'lc-driver-6e083b0969@x.io', 'lc-driver-7292b79ef9@x.io', 'lc-driver-32d54f1d9d@x.io', 'lc-driver-f50d6fdb43@x.io', 'lc-driver-f5573ff3ed@x.io', 'test_drv_reg_ff938621@example.com', 'deleted+e9027aec-42b0-4c23-8ff4-46c372a3d4a1@cargoone.internal', 'test_drv2_7cd7581348@example.com', 'test_drv_d1e887fe64@example.com', 'test_bf_drv_cad7048244@example.com', 'test_driver_b9a67212@example.com', 'test_driver_04ec36e9@example.com', 'deleted+5dcfbb38-080b-4fab-9b90-a4e28dbf22c6@cargoone.internal', 'lc-drv-final-1784920721@x.io', 'test_w3p2_driver_67a45462@example.com', 'test_driver_fa671436ca@qa.com', 'test_driver_125e9493bf@qa.com', 'test_driver_42c6e08261@qa.com', 'e2e2d-drv-1784920523@example.com', 'test_driver_c060f620@example.com', 'test_driver_b781a67c@example.com', 'lc-driver-6dabe016c8@x.io', 'lc-driver-f05881fd0b@x.io', 'lc-driver-ec8ed5c949@x.io', 'lc-driver-333262baad@x.io', 'lc-driver-ef68654e4e@x.io', 'lc-driver-77462f90bc@x.io', 'lc-driver-2c055cc348@x.io', 'test_drv_reg_94ac9248@example.com', 'deleted+a6a1a402-8566-4743-a7b4-3d2425f2d1e7@cargoone.internal', 'test_drv2_f715521a40@example.com', 'test_drv_e0631ec4f8@example.com', 'test_bf_drv_8885b9d893@example.com', 'test_driver_6f2921b2@example.com', 'test_driver_a9762ddf@example.com', 'deleted+0b61cd6a-06ea-471b-b4f5-b3639d8abe39@cargoone.internal', 'lc-driver-c6c9cbc1ee@x.io', 'lc-driver-cf5c43bfea@x.io', 'lc-driver-5bcff610e1@x.io', 'lc-driver-761dd88a10@x.io', 'lc-driver-f2a478ac86@x.io', 'lc-driver-b63686f5fe@x.io', 'lc-driver-6aae05f63c@x.io', 'lifecycle-drv-1784919835@x.io', 'test_w3p2_driver_27309d74@example.com', 'test_driver_e503081c70@qa.com', 'test_driver_6bcefe5e67@qa.com', 'test_driver_d90bb8bea1@qa.com', 'e2e2d-drv-1784838037@example.com', 'test_driver_46fe8d49@example.com', 'test_driver_945efcf2@example.com', 'test_drv_reg_04fc903f@example.com', 'deleted+6aeabb14-fe86-4a86-a098-dd56b7c38efe@cargoone.internal', 'test_drv2_5961d06b05@example.com', 'test_drv_e93cde3ee3@example.com', 'test_bf_drv_073d3663ae@example.com', 'test_driver_0d331c94@example.com', 'test_driver_ab3218cd@example.com', 'deleted+5d959bd2-d82d-41dc-8aaa-8dd58a8a53f6@cargoone.internal', 'test_w3p2_driver_72a96bad@example.com', 'test_driver_067cecb9fa@qa.com', 'test_driver_acc825f419@qa.com', 'test_driver_6d55a51886@qa.com', 'e2e2d-drv-1784837924@example.com', 'test_driver_c291136f@example.com', 'test_driver_ad2d78d8@example.com', 'test_drv_reg_31943615@example.com', 'deleted+942a8c2c-b41c-4d1f-a9ca-6e52da08a262@cargoone.internal', 'test_drv2_9a522b6639@example.com', 'test_drv_4e010b04fc@example.com', 'test_bf_drv_353b072e05@example.com', 'test_driver_5e20f0e7@example.com', 'test_driver_a689cfc2@example.com', 'deleted+9fee1b98-de6a-4422-aa53-23bce78439ce@cargoone.internal', 'e2e-fixbatch-drv-1784758210@example.com', 'test_w3p2_driver_e66fa65d@example.com', 'test_driver_a7a259480e@qa.com', 'test_driver_bf93813791@qa.com', 'test_driver_9024ae3a86@qa.com', 'e2e2d-drv-1784757610@example.com', 'test_driver_0e64b204@example.com', 'test_driver_877687bc@example.com', 'test_drv_reg_1c488276@example.com', 'deleted+c88363dd-da3f-4252-b8ee-8ad2d3dbc8ed@cargoone.internal', 'test_drv2_7a5940a687@example.com', 'test_drv_edd5b08f6e@example.com', 'test_bf_drv_0ebefdd7ff@example.com', 'test_driver_b5d15a94@example.com', 'test_driver_137d5d23@example.com', 'deleted+3bc5947a-17bf-4c65-a0f8-69cffca08c46@cargoone.internal', 'e2e-drv-1784757532@example.com', 'e2e-drv-1784757515@example.com', 'test_w3p2_driver_0efd7bb4@example.com', 'test_driver_4432531f6a@qa.com', 'test_driver_12d645ff13@qa.com', 'test_driver_4d9bbd9c2a@qa.com', 'e2e2d-drv-1784674853@example.com', 'test_driver_54f92feb@example.com', 'test_driver_fa9a1582@example.com']
    assert None</error></testcase><testcase classname="tests.test_final_acceptance.TestAC7_DriverVerificationFlow" name="test_01_admin_get_driver_detail" time="0.000"><error message="failed on setup with &quot;AssertionError: seeded driver driver1@cargoone.com not found: ['deleted+24f24f9d-e331-4105-a742-d5afcb56ed30@cargoone.internal', 'test_drv2_0aba95af82@example.com', 'test_drv_7f1872b7f3@example.com', 'test_bf_drv_7723be9e10@example.com', 'test_driver_31ffb8f9@example.com', 'test_driver_861b05ec@example.com', 'deleted+79ca072f-93f2-4e45-bc3a-da121d850508@cargoone.internal', 'test_qar3_bid_drv_ea2a5531@example.com', 'test_qar3_driver_c717f33f@example.com', 'test_qar3_bid_drv_56d9c735@example.com', 'test_qar3_driver_bbea8b4d@example.com', 'test_qar3_bid_drv_753622ab@example.com', 'test_qar3_driver_a473af97@example.com', 'test_qar3_bid_drv_c1233952@example.com', 'test_qar3_driver_526d5ab0@example.com', 'test_bf_drv_1f5132026f@example.com', 'test_bf_drv_fa4a1eb17e@example.com', 'test_bf_drv_4f06ade5b7@example.com', 'test_bf_drv_ee4b269557@example.com', 'test_bf_drv_b45eb74b74@example.com', 'test_bf_drv_4585510300@example.com', 'test_bf_drv_22bb76478c@example.com', 'test_bf_drv_f550dee604@example.com', 'test_bf_drv_d71b68f9f4@example.com', 'test_bf_drv_e321b57e4f@example.com', 'test_bf_drv_6b64ba7c8a@example.com', 'test_bf_drv_4e7dfceeb4@example.com', 'test_bf_drv_feffca735f@example.com', 'test_bf_drv_13b0fd8617@example.com', 'test_bf_drv_87ba0646b0@example.com', 'test_bf_drv_39bf40561f@example.com', 'test_bf_drv_ceccc9053e@example.com', 'test_bf_drv_a7939ae9a2@example.com', 'test_bf_drv_c7b913ac64@example.com', 'test_bf_drv_100ce47854@example.com', 'test_bf_drv_a9d9f8e519@example.com', 'test_bf_drv_b12748ba02@example.com', 'test_bf_drv_bf8256547d@example.com', 'test_bf_drv_082a44ba43@example.com', 'test_bf_drv_448598d107@example.com', 'test_bf_drv_687fbc406f@example.com', 'test_bf_drv_c8d8da4904@example.com', 'test_bf_drv_d704e51a49@example.com', 'test_bf_drv_e6b5a1506f@example.com', 'test_bf_drv_5103264ffe@example.com', 'test_bf_drv_28dc65e10d@example.com', 'test_bf_drv_c2b9f1266a@example.com', 'test_bf_drv_692cc80196@example.com', 'test_bf_drv_faf48ee941@example.com', 'test_bf_drv_f4af1457df@example.com', 'test_bf_drv_ae9d68e00d@example.com', 'test_bf_drv_814af80755@example.com', 'test_bf_drv_b0b852a063@example.com', 'test_bf_drv_a2db4320a5@example.com', 'test_bf_drv_61c52c1ecb@example.com', 'dispatch-driver-7a619f18e6@x.io', 'dispatch-driver-0f67dad503@x.io', 'dispatch-driver-4209d72d54@x.io', 'dispatch-driver-1148067e21@x.io', 'dispatch-driver-91c82ee299@x.io', 'dispatch-driver-198ca473c1@x.io', 'dispatch-driver-e9a0a7a266@x.io', 'dispatch-driver-5eb2a782c5@x.io', 'dispatch-driver-7c1aa32ca1@x.io', 'dispatch-driver-b494324908@x.io', 'dispatch-driver-fe855dbae3@x.io', 'dispatch-driver-5fc630388d@x.io', 'dispatch-driver-93fa8978c9@x.io', 'dispatch-driver-83702323c1@x.io', 'dispatch-driver-7afc9f86b2@x.io', 'dispatch-driver-3c2d52220f@x.io', 'test_bf_drv_24eea93b1b@example.com', 'test_bf_drv_5fd2ef9409@example.com', 'test_bf_drv_bc03556338@example.com', 'test_bf_drv_3278b7632c@example.com', 'test_bf_drv_f2f1e7d0f9@example.com', 'test_bf_drv_b6054609db@example.com', 'dispatch-driver-66af2d94d2@x.io', 'dispatch-driver-11126a08dd@x.io', 'dispatch-driver-090dedb472@x.io', 'dispatch-driver-267821ebcf@x.io', 'dispatch-driver-628984a70f@x.io', 'dispatch-driver-ba32447b44@x.io', 'dispatch-driver-fcfc480204@x.io', 'dispatch-driver-c3e8998fe9@x.io', 'dispatch-driver-8d5e8458ec@x.io', 'dispatch-driver-c92c423679@x.io', 'dispatch-driver-0a9f6d6c01@x.io', 'dispatch-driver-7b0da6ee7b@x.io', 'dispatch-driver-39a3e802a4@x.io', 'dispatch-driver-6db3cfad3f@x.io', 'dispatch-driver-3ece4222aa@x.io', 'dispatch-driver-683ce3a13c@x.io', 'test_bf_drv_4fbca4f1b8@example.com', 'test_bf_drv_4b5b8dd4b6@example.com', 'dispatch-driver-cb47c378ff@x.io', 'dispatch-driver-d70c79f8e7@x.io', 'test_bf_drv_0c9c69785b@example.com', 'dispatch-driver-281f0827ab@x.io', 'dispatch-driver-e317407219@x.io', 'dispatch-driver-8a335d6a1a@x.io', 'test_bf_drv_18f19c23e5@example.com', 'dispatch-driver-6f64b2dd0c@x.io', 'dispatch-driver-e4c2e34892@x.io', 'dispatch-driver-2236607b59@x.io', 'dispatch-driver-3181886460@x.io', 'dispatch-driver-7bf7754641@x.io', 'dispatch-driver-9761b1492a@x.io', 'dispatch-driver-0a893a3f94@x.io', 'dispatch-driver-a104fd0003@x.io', 'dispatch-driver-71648c7043@x.io', 'dispatch-driver-f5648702ed@x.io', 'dispatch-driver-7ca524a1f0@x.io', 'test_bf_drv_8858d97566@example.com', 'dispatch-driver-dea4850809@x.io', 'dispatch-driver-1c9d9557a2@x.io', 'test_bf_drv_7feaccbe1e@example.com', 'dispatch-driver-b5f05caec9@x.io', 'dispatch-driver-3f8bfcaca6@x.io', 'dispatch-driver-43be06e488@x.io', 'dispatch-driver-ecd54548d9@x.io', 'dispatch-driver-759455c765@x.io', 'dispatch-driver-692cfde38b@x.io', 'dispatch-driver-059711e61a@x.io', 'dispatch-driver-30e5248410@x.io', 'dispatch-driver-6ddf7de828@x.io', 'dispatch-driver-ccca6a01a9@x.io', 'dispatch-driver-a1906f4abd@x.io', 'dispatch-driver-da7885ef20@x.io', 'dispatch-driver-d1e373575f@x.io', 'dispatch-driver-952a3a1167@x.io', 'dispatch-driver-d838d24df6@x.io', 'dispatch-driver-a99f13bf2e@x.io', 'dispatch-driver-e29c2e7e06@x.io', 'dispatch-driver-6dc53b742a@x.io', 'dispatch-driver-43863d2844@x.io', 'dispatch-driver-235300ea91@x.io', 'dispatch-driver-245aa2afdf@x.io', 'dispatch-driver-e48f0d98f1@x.io', 'dispatch-driver-5b440efb8e@x.io', 'dispatch-driver-36ad99947a@x.io', 'dispatch-driver-6064380c94@x.io', 'dispatch-driver-637a3bca73@x.io', 'dispatch-driver-3dc48c4014@x.io', 'dispatch-driver-98fe4607cf@x.io', 'dispatch-driver-20dbb5f569@x.io', 'dispatch-driver-48d9401960@x.io', 'test_bf_drv_5c89c0361e@example.com', 'test_bf_drv_536d55c8fe@example.com', 'dispatch-driver-8635660d12@x.io', 'dispatch-driver-8f787c1974@x.io', 'test_bf_drv_c1aa5609c2@example.com', 'dispatch-driver-18f135db74@x.io', 'dispatch-driver-3c40376437@x.io', 'dispatch-driver-b11484bc1d@x.io', 'dispatch-driver-3233d8b087@x.io', 'dispatch-driver-5b02831013@x.io', 'dispatch-driver-164a2ca30a@x.io', 'dispatch-driver-736661fb54@x.io', 'dispatch-driver-75b3120fd2@x.io', 'dispatch-driver-36c9e6dbf1@x.io', 'dispatch-driver-a73c23ca3d@x.io', 'dispatch-driver-97738cd40d@x.io', 'dispatch-driver-ab9729d5a8@x.io', 'dispatch-driver-7fd82dbe7a@x.io', 'dispatch-driver-98fd74058c@x.io', 'dispatch-driver-1cc7d6da94@x.io', 'dispatch-driver-0ce9fa0721@x.io', 'dispatch-driver-c2a938e63e@x.io', 'dispatch-driver-f42da95cdb@x.io', 'dispatch-driver-78853835b8@x.io', 'dispatch-driver-d57b5cecf5@x.io', 'dispatch-driver-68fb5a00f3@x.io', 'dispatch-driver-4008ff7166@x.io', 'dispatch-driver-8fd20ee85b@x.io', 'dispatch-driver-261ab9707a@x.io', 'dispatch-driver-e0c2ac3938@x.io', 'dispatch-driver-bf036bab83@x.io', 'dispatch-driver-b18a6fba62@x.io', 'dispatch-driver-ba477ed63b@x.io', 'dispatch-driver-e6da99e203@x.io', 'dispatch-driver-70b9705cd6@x.io', 'dispatch-driver-aac849d81a@x.io', 'dispatch-driver-33de943ba7@x.io', 'dispatch-driver-e621da393c@x.io', 'dispatch-driver-66c93e9a67@x.io', 'dispatch-driver-f2772a20a5@x.io', 'dispatch-driver-0228e33379@x.io', 'dispatch-driver-3eeb13c674@x.io', 'dispatch-driver-399b06af61@x.io', 'dispatch-driver-d86873b77a@x.io', 'dispatch-driver-806eb8dfe4@x.io', 'dispatch-driver-8a3ddd4d19@x.io', 'dispatch-driver-707b63b44c@x.io', 'dispatch-driver-735bfc2502@x.io', 'dispatch-driver-a7ff6046c4@x.io', 'dispatch-driver-2bffe34302@x.io', 'dispatch-driver-ce9d04a8c8@x.io', 'dispatch-driver-f5185d2d55@x.io', 'dispatch-driver-83c227c9bf@x.io', 'dispatch-driver-c3ad344fa4@x.io', 'dispatch-driver-7efeecc44a@x.io', 'dispatch-driver-c0e3eac8f5@x.io', 'dispatch-driver-6e2e4a6200@x.io', 'dispatch-driver-a58c76d89e@x.io', 'dispatch-driver-a010451b02@x.io', 'dispatch-driver-b042334207@x.io', 'dispatch-driver-b21dfba099@x.io', 'dispatch-driver-fb929790c6@x.io', 'dispatch-driver-bc9509d4f3@x.io', 'dispatch-driver-392f1b2d2f@x.io', 'dispatch-driver-eabffc7fe6@x.io', 'dispatch-driver-b1b6f2ab58@x.io', 'dispatch-driver-182944ce3c@x.io', 'dispatch-driver-5b4341864e@x.io', 'dispatch-driver-ba6ce1cd08@x.io', 'dispatch-driver-8a51108271@x.io', 'dispatch-driver-18d4565e10@x.io', 'dispatch-driver-ec89e4681a@x.io', 'dispatch-driver-006f7a3e28@x.io', 'dispatch-driver-275efd1bbe@x.io', 'dispatch-driver-b54479fc6c@x.io', 'dispatch-driver-4270d9935b@x.io', 'dispatch-driver-bcfe8f2161@x.io', 'dispatch-driver-b5f1d0fa17@x.io', 'dispatch-driver-94d62bff0e@x.io', 'dispatch-driver-0012fb3e45@x.io', 'dispatch-driver-5310a85b0c@x.io', 'dispatch-driver-86b89fb6d7@x.io', 'dispatch-driver-7c46f075f8@x.io', 'dispatch-driver-bf02ed529b@x.io', 'dispatch-driver-78c03e745e@x.io', 'dispatch-driver-8e28a471f4@x.io', 'dispatch-driver-3acddb080f@x.io', 'dispatch-driver-cc5b1fe803@x.io', 'dispatch-driver-a3281b02af@x.io', 'dispatch-driver-ed55fbf849@x.io', 'dispatch-driver-c88e9a016a@x.io', 'dispatch-driver-28a22a719b@x.io', 'dispatch-driver-5d8b831026@x.io', 'dispatch-driver-8e5861a421@x.io', 'dispatch-driver-4059dd1f87@x.io', 'dispatch-driver-a1a04ae0b0@x.io', 'dispatch-driver-3fde05f317@x.io', 'dispatch-driver-e7bdc6f39a@x.io', 'dispatch-driver-860acb9e24@x.io', 'dispatch-driver-1566baa0ab@x.io', 'dispatch-driver-ff4c2dd7cf@x.io', 'dispatch-driver-c3451e4b03@x.io', 'dispatch-driver-bc39884f67@x.io', 'dispatch-driver-3854fe95be@x.io', 'dispatch-driver-48831b78f3@x.io', 'dispatch-driver-a26fc858af@x.io', 'dispatch-driver-a20f43ae73@x.io', 'dispatch-driver-04707fb57f@x.io', 'dispatch-driver-365aae694f@x.io', 'dispatch-driver-cee31bbf38@x.io', 'dispatch-driver-3380fc6045@x.io', 'dispatch-driver-ab5473ea6c@x.io', 'dispatch-driver-5b31ca1ecb@x.io', 'dispatch-driver-05d7b4c395@x.io', 'dispatch-driver-94fed46406@x.io', 'dispatch-driver-06a185bfa3@x.io', 'dispatch-driver-e6a9092fcb@x.io', 'dispatch-driver-5b306b029b@x.io', 'dispatch-driver-f3601fd4f5@x.io', 'dispatch-driver-9dd588a9b2@x.io', 'dispatch-driver-0c4f0fc375@x.io', 'dispatch-driver-fd315811aa@x.io', 'dispatch-driver-875d3fe6ea@x.io', 'dispatch-driver-f27a2f5230@x.io', 'dispatch-driver-395af7f402@x.io', 'dispatch-driver-d153b9e779@x.io', 'dispatch-driver-91029b396c@x.io', 'dispatch-driver-4ae4b24d0a@x.io', 'dispatch-driver-1c057fea54@x.io', 'dispatch-driver-f91c357c9e@x.io', 'dispatch-driver-82197920a7@x.io', 'dispatch-driver-c360cbc816@x.io', 'dispatch-driver-95a29b7987@x.io', 'dispatch-driver-6695ee12d3@x.io', 'dispatch-driver-e9c0501c94@x.io', 'dispatch-driver-e2146a395e@x.io', 'dispatch-driver-ab352ba16e@x.io', 'dispatch-driver-a7e049d046@x.io', 'dispatch-driver-60c659688c@x.io', 'dispatch-driver-5de8cca9d3@x.io', 'dispatch-driver-5a38c20b96@x.io', 'dispatch-driver-acccf992f5@x.io', 'dispatch-driver-49a6552ba0@x.io', 'dispatch-driver-8eacb3da6c@x.io', 'dispatch-driver-0461d1ee06@x.io', 'dispatch-driver-d16ec4e30b@x.io', 'dispatch-driver-2babded313@x.io', 'dispatch-driver-c7b736e570@x.io', 'dispatch-driver-7707722a81@x.io', 'dispatch-driver-3bc9508ff9@x.io', 'dispatch-driver-62a2110b76@x.io', 'dispatch-driver-bc1b32d7c0@x.io', 'dispatch-driver-facd69f659@x.io', 'dispatch-driver-030a308a09@x.io', 'dispatch-driver-b9a80f0c6a@x.io', 'dispatch-driver-dba4c2bef7@x.io', 'dispatch-driver-6d68909032@x.io', 'dispatch-driver-dcae386956@x.io', 'dispatch-driver-50e0f1c7eb@x.io', 'dispatch-driver-521700fbbe@x.io', 'dispatch-driver-e125380e69@x.io', 'dispatch-driver-c2ad4b82b8@x.io', 'dispatch-driver-c8cf0ace1a@x.io', 'dispatch-driver-01e3624f1c@x.io', 'dispatch-driver-48990e4780@x.io', 'dispatch-driver-0f0cc72af7@x.io', 'dispatch-driver-85611c5fe2@x.io', 'dispatch-driver-e29590bc51@x.io', 'dispatch-driver-1ec54b71e4@x.io', 'dispatch-driver-42663c5f87@x.io', 'dispatch-driver-5ccc6556fc@x.io', 'dispatch-driver-5738e4afa4@x.io', 'dispatch-driver-ce54ab232c@x.io', 'dispatch-driver-e49569eb6a@x.io', 'dispatch-driver-78928a00be@x.io', 'dispatch-driver-5f702b76eb@x.io', 'dispatch-driver-d6c0a70d2d@x.io', 'dispatch-driver-f7b76b5acf@x.io', 'dispatch-driver-f8e6f99a2d@x.io', 'dispatch-driver-f5f391576b@x.io', 'dispatch-driver-59461d84f5@x.io', 'dispatch-driver-a91eea5896@x.io', 'dispatch-driver-c8f2c466af@x.io', 'dispatch-driver-6e4d684945@x.io', 'dispatch-driver-e929667f25@x.io', 'dispatch-driver-2e5b63da2c@x.io', 'dispatch-driver-bba8204422@x.io', 'dispatch-driver-46c8d5f0e0@x.io', 'dispatch-driver-f397dc97d1@x.io', 'dispatch-driver-61c2e7c200@x.io', 'dispatch-driver-91be01f63a@x.io', 'dispatch-driver-ccd7314408@x.io', 'dispatch-driver-dc67d69297@x.io', 'dispatch-driver-605ac560ff@x.io', 'dispatch-driver-e68c467c04@x.io', 'dispatch-driver-0db551292e@x.io', 'dispatch-driver-72d0eff96e@x.io', 'dispatch-driver-2c1d5c7b20@x.io', 'dispatch-driver-c6c0e7d0d3@x.io', 'dispatch-driver-4017cbdef9@x.io', 'dispatch-driver-6d78f7f59a@x.io', 'dispatch-driver-abed8bdd83@x.io', 'dispatch-driver-f0370262fe@x.io', 'dispatch-driver-f0293d84e9@x.io', 'dispatch-driver-139419b929@x.io', 'dispatch-driver-b6982f31e2@x.io', 'dispatch-driver-404a84ad1b@x.io', 'dispatch-driver-c7b9cd4b39@x.io', 'dispatch-driver-0a7ad98612@x.io', 'dispatch-driver-62d8cd4aa4@x.io', 'dispatch-driver-ddd04b4870@x.io', 'dispatch-driver-c6d25c25be@x.io', 'dispatch-driver-2039e20c68@x.io', 'dispatch-driver-9ca89253b2@x.io', 'dispatch-driver-5bbb3b886a@x.io', 'dispatch-driver-36b03e55ac@x.io', 'dispatch-driver-ddbe8985a4@x.io', 'dispatch-driver-eb8cd40c78@x.io', 'dispatch-driver-1fb423ea75@x.io', 'dispatch-driver-56877087ab@x.io', 'dispatch-driver-9e921ee8b6@x.io', 'dispatch-driver-eaf70c1436@x.io', 'dispatch-driver-4c39b66b83@x.io', 'dispatch-driver-05f4a3521a@x.io', 'dispatch-driver-b98adf7ca8@x.io', 'dispatch-driver-14fad8adec@x.io', 'dispatch-driver-b12b3fcdca@x.io', 'dispatch-driver-1841438c4a@x.io', 'dispatch-driver-3ecd3fd838@x.io', 'dispatch-driver-8408aa1f85@x.io', 'dispatch-driver-1fc2af9d16@x.io', 'dispatch-driver-d59135af3c@x.io', 'dispatch-driver-7f5f88f448@x.io', 'dispatch-driver-a2116b73bd@x.io', 'dispatch-driver-3e713148e1@x.io', 'dispatch-driver-f5682efc51@x.io', 'dispatch-driver-0eaf2ad9b5@x.io', 'dispatch-driver-7ee7422f24@x.io', 'dispatch-driver-86c3205c84@x.io', 'dispatch-driver-2ce41c70bd@x.io', 'dispatch-driver-1aa586d0e3@x.io', 'dispatch-driver-874ef925b2@x.io', 'dispatch-driver-fbe39519d7@x.io', 'dispatch-driver-826f716ad0@x.io', 'dispatch-driver-c0770c4882@x.io', 'test_w3p2_driver_c1f0e3fc@example.com', 'test_driver_5ec1703bf0@qa.com', 'test_driver_f4f0c678de@qa.com', 'test_driver_ae26c7f4a0@qa.com', 'e2e2d-drv-1784928790@example.com', 'test_driver_857f0e51@example.com', 'test_driver_3f1f20ce@example.com', 'lc-driver-cce30dfd38@x.io', 'lc-driver-d143d74090@x.io', 'lc-driver-6e083b0969@x.io', 'lc-driver-7292b79ef9@x.io', 'lc-driver-32d54f1d9d@x.io', 'lc-driver-f50d6fdb43@x.io', 'lc-driver-f5573ff3ed@x.io', 'test_drv_reg_ff938621@example.com', 'deleted+e9027aec-42b0-4c23-8ff4-46c372a3d4a1@cargoone.internal', 'test_drv2_7cd7581348@example.com', 'test_drv_d1e887fe64@example.com', 'test_bf_drv_cad7048244@example.com', 'test_driver_b9a67212@example.com', 'test_driver_04ec36e9@example.com', 'deleted+5dcfbb38-080b-4fab-9b90-a4e28dbf22c6@cargoone.internal', 'lc-drv-final-1784920721@x.io', 'test_w3p2_driver_67a45462@example.com', 'test_driver_fa671436ca@qa.com', 'test_driver_125e9493bf@qa.com', 'test_driver_42c6e08261@qa.com', 'e2e2d-drv-1784920523@example.com', 'test_driver_c060f620@example.com', 'test_driver_b781a67c@example.com', 'lc-driver-6dabe016c8@x.io', 'lc-driver-f05881fd0b@x.io', 'lc-driver-ec8ed5c949@x.io', 'lc-driver-333262baad@x.io', 'lc-driver-ef68654e4e@x.io', 'lc-driver-77462f90bc@x.io', 'lc-driver-2c055cc348@x.io', 'test_drv_reg_94ac9248@example.com', 'deleted+a6a1a402-8566-4743-a7b4-3d2425f2d1e7@cargoone.internal', 'test_drv2_f715521a40@example.com', 'test_drv_e0631ec4f8@example.com', 'test_bf_drv_8885b9d893@example.com', 'test_driver_6f2921b2@example.com', 'test_driver_a9762ddf@example.com', 'deleted+0b61cd6a-06ea-471b-b4f5-b3639d8abe39@cargoone.internal', 'lc-driver-c6c9cbc1ee@x.io', 'lc-driver-cf5c43bfea@x.io', 'lc-driver-5bcff610e1@x.io', 'lc-driver-761dd88a10@x.io', 'lc-driver-f2a478ac86@x.io', 'lc-driver-b63686f5fe@x.io', 'lc-driver-6aae05f63c@x.io', 'lifecycle-drv-1784919835@x.io', 'test_w3p2_driver_27309d74@example.com', 'test_driver_e503081c70@qa.com', 'test_driver_6bcefe5e67@qa.com', 'test_driver_d90bb8bea1@qa.com', 'e2e2d-drv-1784838037@example.com', 'test_driver_46fe8d49@example.com', 'test_driver_945efcf2@example.com', 'test_drv_reg_04fc903f@example.com', 'deleted+6aeabb14-fe86-4a86-a098-dd56b7c38efe@cargoone.internal', 'test_drv2_5961d06b05@example.com', 'test_drv_e93cde3ee3@example.com', 'test_bf_drv_073d3663ae@example.com', 'test_driver_0d331c94@example.com', 'test_driver_ab3218cd@example.com', 'deleted+5d959bd2-d82d-41dc-8aaa-8dd58a8a53f6@cargoone.internal', 'test_w3p2_driver_72a96bad@example.com', 'test_driver_067cecb9fa@qa.com', 'test_driver_acc825f419@qa.com', 'test_driver_6d55a51886@qa.com', 'e2e2d-drv-1784837924@example.com', 'test_driver_c291136f@example.com', 'test_driver_ad2d78d8@example.com', 'test_drv_reg_31943615@example.com', 'deleted+942a8c2c-b41c-4d1f-a9ca-6e52da08a262@cargoone.internal', 'test_drv2_9a522b6639@example.com', 'test_drv_4e010b04fc@example.com', 'test_bf_drv_353b072e05@example.com', 'test_driver_5e20f0e7@example.com', 'test_driver_a689cfc2@example.com', 'deleted+9fee1b98-de6a-4422-aa53-23bce78439ce@cargoone.internal', 'e2e-fixbatch-drv-1784758210@example.com', 'test_w3p2_driver_e66fa65d@example.com', 'test_driver_a7a259480e@qa.com', 'test_driver_bf93813791@qa.com', 'test_driver_9024ae3a86@qa.com', 'e2e2d-drv-1784757610@example.com', 'test_driver_0e64b204@example.com', 'test_driver_877687bc@example.com', 'test_drv_reg_1c488276@example.com', 'deleted+c88363dd-da3f-4252-b8ee-8ad2d3dbc8ed@cargoone.internal', 'test_drv2_7a5940a687@example.com', 'test_drv_edd5b08f6e@example.com', 'test_bf_drv_0ebefdd7ff@example.com', 'test_driver_b5d15a94@example.com', 'test_driver_137d5d23@example.com', 'deleted+3bc5947a-17bf-4c65-a0f8-69cffca08c46@cargoone.internal', 'e2e-drv-1784757532@example.com', 'e2e-drv-1784757515@example.com', 'test_w3p2_driver_0efd7bb4@example.com', 'test_driver_4432531f6a@qa.com', 'test_driver_12d645ff13@qa.com', 'test_driver_4d9bbd9c2a@qa.com', 'e2e2d-drv-1784674853@example.com', 'test_driver_54f92feb@example.com', 'test_driver_fa9a1582@example.com']&#10;assert None&quot;">E   AssertionError: seeded driver driver1@cargoone.com not found: ['deleted+24f24f9d-e331-4105-a742-d5afcb56ed30@cargoone.internal', 'test_drv2_0aba95af82@example.com', 'test_drv_7f1872b7f3@example.com', 'test_bf_drv_7723be9e10@example.com', 'test_driver_31ffb8f9@example.com', 'test_driver_861b05ec@example.com', 'deleted+79ca072f-93f2-4e45-bc3a-da121d850508@cargoone.internal', 'test_qar3_bid_drv_ea2a5531@example.com', 'test_qar3_driver_c717f33f@example.com', 'test_qar3_bid_drv_56d9c735@example.com', 'test_qar3_driver_bbea8b4d@example.com', 'test_qar3_bid_drv_753622ab@example.com', 'test_qar3_driver_a473af97@example.com', 'test_qar3_bid_drv_c1233952@example.com', 'test_qar3_driver_526d5ab0@example.com', 'test_bf_drv_1f5132026f@example.com', 'test_bf_drv_fa4a1eb17e@example.com', 'test_bf_drv_4f06ade5b7@example.com', 'test_bf_drv_ee4b269557@example.com', 'test_bf_drv_b45eb74b74@example.com', 'test_bf_drv_4585510300@example.com', 'test_bf_drv_22bb76478c@example.com', 'test_bf_drv_f550dee604@example.com', 'test_bf_drv_d71b68f9f4@example.com', 'test_bf_drv_e321b57e4f@example.com', 'test_bf_drv_6b64ba7c8a@example.com', 'test_bf_drv_4e7dfceeb4@example.com', 'test_bf_drv_feffca735f@example.com', 'test_bf_drv_13b0fd8617@example.com', 'test_bf_drv_87ba0646b0@example.com', 'test_bf_drv_39bf40561f@example.com', 'test_bf_drv_ceccc9053e@example.com', 'test_bf_drv_a7939ae9a2@example.com', 'test_bf_drv_c7b913ac64@example.com', 'test_bf_drv_100ce47854@example.com', 'test_bf_drv_a9d9f8e519@example.com', 'test_bf_drv_b12748ba02@example.com', 'test_bf_drv_bf8256547d@example.com', 'test_bf_drv_082a44ba43@example.com', 'test_bf_drv_448598d107@example.com', 'test_bf_drv_687fbc406f@example.com', 'test_bf_drv_c8d8da4904@example.com', 'test_bf_drv_d704e51a49@example.com', 'test_bf_drv_e6b5a1506f@example.com', 'test_bf_drv_5103264ffe@example.com', 'test_bf_drv_28dc65e10d@example.com', 'test_bf_drv_c2b9f1266a@example.com', 'test_bf_drv_692cc80196@example.com', 'test_bf_drv_faf48ee941@example.com', 'test_bf_drv_f4af1457df@example.com', 'test_bf_drv_ae9d68e00d@example.com', 'test_bf_drv_814af80755@example.com', 'test_bf_drv_b0b852a063@example.com', 'test_bf_drv_a2db4320a5@example.com', 'test_bf_drv_61c52c1ecb@example.com', 'dispatch-driver-7a619f18e6@x.io', 'dispatch-driver-0f67dad503@x.io', 'dispatch-driver-4209d72d54@x.io', 'dispatch-driver-1148067e21@x.io', 'dispatch-driver-91c82ee299@x.io', 'dispatch-driver-198ca473c1@x.io', 'dispatch-driver-e9a0a7a266@x.io', 'dispatch-driver-5eb2a782c5@x.io', 'dispatch-driver-7c1aa32ca1@x.io', 'dispatch-driver-b494324908@x.io', 'dispatch-driver-fe855dbae3@x.io', 'dispatch-driver-5fc630388d@x.io', 'dispatch-driver-93fa8978c9@x.io', 'dispatch-driver-83702323c1@x.io', 'dispatch-driver-7afc9f86b2@x.io', 'dispatch-driver-3c2d52220f@x.io', 'test_bf_drv_24eea93b1b@example.com', 'test_bf_drv_5fd2ef9409@example.com', 'test_bf_drv_bc03556338@example.com', 'test_bf_drv_3278b7632c@example.com', 'test_bf_drv_f2f1e7d0f9@example.com', 'test_bf_drv_b6054609db@example.com', 'dispatch-driver-66af2d94d2@x.io', 'dispatch-driver-11126a08dd@x.io', 'dispatch-driver-090dedb472@x.io', 'dispatch-driver-267821ebcf@x.io', 'dispatch-driver-628984a70f@x.io', 'dispatch-driver-ba32447b44@x.io', 'dispatch-driver-fcfc480204@x.io', 'dispatch-driver-c3e8998fe9@x.io', 'dispatch-driver-8d5e8458ec@x.io', 'dispatch-driver-c92c423679@x.io', 'dispatch-driver-0a9f6d6c01@x.io', 'dispatch-driver-7b0da6ee7b@x.io', 'dispatch-driver-39a3e802a4@x.io', 'dispatch-driver-6db3cfad3f@x.io', 'dispatch-driver-3ece4222aa@x.io', 'dispatch-driver-683ce3a13c@x.io', 'test_bf_drv_4fbca4f1b8@example.com', 'test_bf_drv_4b5b8dd4b6@example.com', 'dispatch-driver-cb47c378ff@x.io', 'dispatch-driver-d70c79f8e7@x.io', 'test_bf_drv_0c9c69785b@example.com', 'dispatch-driver-281f0827ab@x.io', 'dispatch-driver-e317407219@x.io', 'dispatch-driver-8a335d6a1a@x.io', 'test_bf_drv_18f19c23e5@example.com', 'dispatch-driver-6f64b2dd0c@x.io', 'dispatch-driver-e4c2e34892@x.io', 'dispatch-driver-2236607b59@x.io', 'dispatch-driver-3181886460@x.io', 'dispatch-driver-7bf7754641@x.io', 'dispatch-driver-9761b1492a@x.io', 'dispatch-driver-0a893a3f94@x.io', 'dispatch-driver-a104fd0003@x.io', 'dispatch-driver-71648c7043@x.io', 'dispatch-driver-f5648702ed@x.io', 'dispatch-driver-7ca524a1f0@x.io', 'test_bf_drv_8858d97566@example.com', 'dispatch-driver-dea4850809@x.io', 'dispatch-driver-1c9d9557a2@x.io', 'test_bf_drv_7feaccbe1e@example.com', 'dispatch-driver-b5f05caec9@x.io', 'dispatch-driver-3f8bfcaca6@x.io', 'dispatch-driver-43be06e488@x.io', 'dispatch-driver-ecd54548d9@x.io', 'dispatch-driver-759455c765@x.io', 'dispatch-driver-692cfde38b@x.io', 'dispatch-driver-059711e61a@x.io', 'dispatch-driver-30e5248410@x.io', 'dispatch-driver-6ddf7de828@x.io', 'dispatch-driver-ccca6a01a9@x.io', 'dispatch-driver-a1906f4abd@x.io', 'dispatch-driver-da7885ef20@x.io', 'dispatch-driver-d1e373575f@x.io', 'dispatch-driver-952a3a1167@x.io', 'dispatch-driver-d838d24df6@x.io', 'dispatch-driver-a99f13bf2e@x.io', 'dispatch-driver-e29c2e7e06@x.io', 'dispatch-driver-6dc53b742a@x.io', 'dispatch-driver-43863d2844@x.io', 'dispatch-driver-235300ea91@x.io', 'dispatch-driver-245aa2afdf@x.io', 'dispatch-driver-e48f0d98f1@x.io', 'dispatch-driver-5b440efb8e@x.io', 'dispatch-driver-36ad99947a@x.io', 'dispatch-driver-6064380c94@x.io', 'dispatch-driver-637a3bca73@x.io', 'dispatch-driver-3dc48c4014@x.io', 'dispatch-driver-98fe4607cf@x.io', 'dispatch-driver-20dbb5f569@x.io', 'dispatch-driver-48d9401960@x.io', 'test_bf_drv_5c89c0361e@example.com', 'test_bf_drv_536d55c8fe@example.com', 'dispatch-driver-8635660d12@x.io', 'dispatch-driver-8f787c1974@x.io', 'test_bf_drv_c1aa5609c2@example.com', 'dispatch-driver-18f135db74@x.io', 'dispatch-driver-3c40376437@x.io', 'dispatch-driver-b11484bc1d@x.io', 'dispatch-driver-3233d8b087@x.io', 'dispatch-driver-5b02831013@x.io', 'dispatch-driver-164a2ca30a@x.io', 'dispatch-driver-736661fb54@x.io', 'dispatch-driver-75b3120fd2@x.io', 'dispatch-driver-36c9e6dbf1@x.io', 'dispatch-driver-a73c23ca3d@x.io', 'dispatch-driver-97738cd40d@x.io', 'dispatch-driver-ab9729d5a8@x.io', 'dispatch-driver-7fd82dbe7a@x.io', 'dispatch-driver-98fd74058c@x.io', 'dispatch-driver-1cc7d6da94@x.io', 'dispatch-driver-0ce9fa0721@x.io', 'dispatch-driver-c2a938e63e@x.io', 'dispatch-driver-f42da95cdb@x.io', 'dispatch-driver-78853835b8@x.io', 'dispatch-driver-d57b5cecf5@x.io', 'dispatch-driver-68fb5a00f3@x.io', 'dispatch-driver-4008ff7166@x.io', 'dispatch-driver-8fd20ee85b@x.io', 'dispatch-driver-261ab9707a@x.io', 'dispatch-driver-e0c2ac3938@x.io', 'dispatch-driver-bf036bab83@x.io', 'dispatch-driver-b18a6fba62@x.io', 'dispatch-driver-ba477ed63b@x.io', 'dispatch-driver-e6da99e203@x.io', 'dispatch-driver-70b9705cd6@x.io', 'dispatch-driver-aac849d81a@x.io', 'dispatch-driver-33de943ba7@x.io', 'dispatch-driver-e621da393c@x.io', 'dispatch-driver-66c93e9a67@x.io', 'dispatch-driver-f2772a20a5@x.io', 'dispatch-driver-0228e33379@x.io', 'dispatch-driver-3eeb13c674@x.io', 'dispatch-driver-399b06af61@x.io', 'dispatch-driver-d86873b77a@x.io', 'dispatch-driver-806eb8dfe4@x.io', 'dispatch-driver-8a3ddd4d19@x.io', 'dispatch-driver-707b63b44c@x.io', 'dispatch-driver-735bfc2502@x.io', 'dispatch-driver-a7ff6046c4@x.io', 'dispatch-driver-2bffe34302@x.io', 'dispatch-driver-ce9d04a8c8@x.io', 'dispatch-driver-f5185d2d55@x.io', 'dispatch-driver-83c227c9bf@x.io', 'dispatch-driver-c3ad344fa4@x.io', 'dispatch-driver-7efeecc44a@x.io', 'dispatch-driver-c0e3eac8f5@x.io', 'dispatch-driver-6e2e4a6200@x.io', 'dispatch-driver-a58c76d89e@x.io', 'dispatch-driver-a010451b02@x.io', 'dispatch-driver-b042334207@x.io', 'dispatch-driver-b21dfba099@x.io', 'dispatch-driver-fb929790c6@x.io', 'dispatch-driver-bc9509d4f3@x.io', 'dispatch-driver-392f1b2d2f@x.io', 'dispatch-driver-eabffc7fe6@x.io', 'dispatch-driver-b1b6f2ab58@x.io', 'dispatch-driver-182944ce3c@x.io', 'dispatch-driver-5b4341864e@x.io', 'dispatch-driver-ba6ce1cd08@x.io', 'dispatch-driver-8a51108271@x.io', 'dispatch-driver-18d4565e10@x.io', 'dispatch-driver-ec89e4681a@x.io', 'dispatch-driver-006f7a3e28@x.io', 'dispatch-driver-275efd1bbe@x.io', 'dispatch-driver-b54479fc6c@x.io', 'dispatch-driver-4270d9935b@x.io', 'dispatch-driver-bcfe8f2161@x.io', 'dispatch-driver-b5f1d0fa17@x.io', 'dispatch-driver-94d62bff0e@x.io', 'dispatch-driver-0012fb3e45@x.io', 'dispatch-driver-5310a85b0c@x.io', 'dispatch-driver-86b89fb6d7@x.io', 'dispatch-driver-7c46f075f8@x.io', 'dispatch-driver-bf02ed529b@x.io', 'dispatch-driver-78c03e745e@x.io', 'dispatch-driver-8e28a471f4@x.io', 'dispatch-driver-3acddb080f@x.io', 'dispatch-driver-cc5b1fe803@x.io', 'dispatch-driver-a3281b02af@x.io', 'dispatch-driver-ed55fbf849@x.io', 'dispatch-driver-c88e9a016a@x.io', 'dispatch-driver-28a22a719b@x.io', 'dispatch-driver-5d8b831026@x.io', 'dispatch-driver-8e5861a421@x.io', 'dispatch-driver-4059dd1f87@x.io', 'dispatch-driver-a1a04ae0b0@x.io', 'dispatch-driver-3fde05f317@x.io', 'dispatch-driver-e7bdc6f39a@x.io', 'dispatch-driver-860acb9e24@x.io', 'dispatch-driver-1566baa0ab@x.io', 'dispatch-driver-ff4c2dd7cf@x.io', 'dispatch-driver-c3451e4b03@x.io', 'dispatch-driver-bc39884f67@x.io', 'dispatch-driver-3854fe95be@x.io', 'dispatch-driver-48831b78f3@x.io', 'dispatch-driver-a26fc858af@x.io', 'dispatch-driver-a20f43ae73@x.io', 'dispatch-driver-04707fb57f@x.io', 'dispatch-driver-365aae694f@x.io', 'dispatch-driver-cee31bbf38@x.io', 'dispatch-driver-3380fc6045@x.io', 'dispatch-driver-ab5473ea6c@x.io', 'dispatch-driver-5b31ca1ecb@x.io', 'dispatch-driver-05d7b4c395@x.io', 'dispatch-driver-94fed46406@x.io', 'dispatch-driver-06a185bfa3@x.io', 'dispatch-driver-e6a9092fcb@x.io', 'dispatch-driver-5b306b029b@x.io', 'dispatch-driver-f3601fd4f5@x.io', 'dispatch-driver-9dd588a9b2@x.io', 'dispatch-driver-0c4f0fc375@x.io', 'dispatch-driver-fd315811aa@x.io', 'dispatch-driver-875d3fe6ea@x.io', 'dispatch-driver-f27a2f5230@x.io', 'dispatch-driver-395af7f402@x.io', 'dispatch-driver-d153b9e779@x.io', 'dispatch-driver-91029b396c@x.io', 'dispatch-driver-4ae4b24d0a@x.io', 'dispatch-driver-1c057fea54@x.io', 'dispatch-driver-f91c357c9e@x.io', 'dispatch-driver-82197920a7@x.io', 'dispatch-driver-c360cbc816@x.io', 'dispatch-driver-95a29b7987@x.io', 'dispatch-driver-6695ee12d3@x.io', 'dispatch-driver-e9c0501c94@x.io', 'dispatch-driver-e2146a395e@x.io', 'dispatch-driver-ab352ba16e@x.io', 'dispatch-driver-a7e049d046@x.io', 'dispatch-driver-60c659688c@x.io', 'dispatch-driver-5de8cca9d3@x.io', 'dispatch-driver-5a38c20b96@x.io', 'dispatch-driver-acccf992f5@x.io', 'dispatch-driver-49a6552ba0@x.io', 'dispatch-driver-8eacb3da6c@x.io', 'disp
[...]
ame="tests.test_realtime_dispatch.TestDriverLiveMode" name="test_non_driver_blocked" time="0.600" /><testcase classname="tests.test_realtime_dispatch.TestDriverLiveMode" name="test_online_offline_roundtrip" time="1.053" /><testcase classname="tests.test_realtime_dispatch.TestDriverLiveMode" name="test_invalid_coordinates_rejected" time="1.006" /><testcase classname="tests.test_realtime_dispatch.TestDriverLiveMode" name="test_heartbeat_requires_online_first" time="0.512" /><testcase classname="tests.test_realtime_dispatch.TestDriverLiveMode" name="test_offline_driver_gets_no_offers" time="0.563" /><testcase classname="tests.test_realtime_dispatch.TestOfferMatching" name="test_nearby_online_driver_receives_paid_asap_offer" time="1.303"><failure message="AssertionError: assert '80b27240-aed9-4d0c-877a-cfb1b42fe64f' in ['b0b1776a-02ea-4dd3-9d08-31686de94bf2', 'f15e2a91-42b9-419b-9061-430208442b68', '3f4e6d3d-321b-4dd7-a92a-dd6f31a0917c...12ed-faff-4039-9318-ab59faeec3eb', 'f3abd0fe-c801-4ae1-9f59-cd821132769a', 'e8fe62ab-301e-4575-b0bc-d634548377f0', ...]">E   AssertionError: assert '80b27240-aed9-4d0c-877a-cfb1b42fe64f' in ['b0b1776a-02ea-4dd3-9d08-31686de94bf2', 'f15e2a91-42b9-419b-9061-430208442b68', '3f4e6d3d-321b-4dd7-a92a-dd6f31a0917c...12ed-faff-4039-9318-ab59faeec3eb', 'f3abd0fe-c801-4ae1-9f59-cd821132769a', 'e8fe62ab-301e-4575-b0bc-d634548377f0', ...]</failure></testcase><testcase classname="tests.test_realtime_dispatch.TestOfferMatching" name="test_distant_driver_does_not_receive_offer" time="1.422" /><testcase classname="tests.test_realtime_dispatch.TestAtomicClaim" name="test_many_concurrent_claims_exactly_one_wins" time="4.597" /><testcase classname="tests.test_realtime_dispatch.TestAtomicClaim" name="test_winner_duplicate_claim_is_idempotent" time="1.524" /><testcase classname="tests.test_realtime_dispatch.TestAtomicClaim" name="test_cancelled_job_cannot_be_claimed" time="1.281" /><testcase classname="tests.test_realtime_dispatch.TestAtomicClaim" name="test_scheduled_job_rejects_claim_endpoint" time="30.398"><failure message="requests.exceptions.ConnectTimeout: HTTPSConnectionPool(host='cargo-repo-bridge.preview.emergentagent.com', port=443): Max retries exceeded with url: /api/auth/register (Caused by ConnectTimeoutError(&lt;HTTPSConnection(host='cargo-repo-bridge.preview.emergentagent.com', port=443) at 0xf866f0c86990&gt;, 'Connection to cargo-repo-bridge.preview.emergentagent.com timed out. (connect timeout=15)'))">E   TimeoutError: timed out

The above exception was the direct cause of the following exception:
E   urllib3.exceptions.ConnectTimeoutError: (&lt;HTTPSConnection(host='cargo-repo-bridge.preview.emergentagent.com', port=443) at 0xf866f0c86990&gt;, 'Connection to cargo-repo-bridge.preview.emergentagent.com timed out. (connect timeout=15)')

The above exception was the direct cause of the following exception:
E   urllib3.exceptions.MaxRetryError: HTTPSConnectionPool(host='cargo-repo-bridge.preview.emergentagent.com', port=443): Max retries exceeded with url: /api/auth/register (Caused by ConnectTimeoutError(&lt;HTTPSConnection(host='cargo-repo-bridge.preview.emergentagent.com', port=443) at 0xf866f0c86990&gt;, 'Connection to cargo-repo-bridge.preview.emergentagent.com timed out. (connect timeout=15)'))

During handling of the above exception, another exception occurred:
E   requests.exceptions.ConnectTimeout: HTTPSConnectionPool(host='cargo-repo-bridge.preview.emergentagent.com', port=443): Max retries exceeded with url: /api/auth/register (Caused by ConnectTimeoutError(&lt;HTTPSConnection(host='cargo-repo-bridge.preview.emergentagent.com', port=443) at 0xf866f0c86990&gt;, 'Connection to cargo-repo-bridge.preview.emergentagent.com timed out. (connect timeout=15)'))</failure></testcase><testcase classname="tests.test_realtime_dispatch.TestAtomicClaim" name="test_asap_job_rejects_accept_endpoint" time="19.495" /><testcase classname="tests.test_smoke_sweep" name="test_section_a_health" time="0.002" /><testcase classname="tests.test_smoke_sweep" name="test_section_b_auth" time="0.228" /><testcase classname="tests.test_smoke_sweep" name="test_section_c_catalog" time="0.009" /><testcase classname="tests.test_smoke_sweep" name="test_section_d_geo" time="0.089" /><testcase classname="tests.test_smoke_sweep" name="test_section_e_quote" time="0.000"><error message="failed on setup with &quot;file /app/backend/tests/test_smoke_sweep.py, line 137&#10;  def test_section_e_quote(admin_token):&#10;E       fixture 'admin_token' not found&#10;&gt;       available fixtures: _bootstrap_fixture_users, anyio_backend, anyio_backend_name, anyio_backend_options, api, base_url, cache, capfd, capfdbinary, caplog, capsys, capsysbinary, capteesys, doctest_namespace, free_tcp_port, free_tcp_port_factory, free_udp_port, free_udp_port_factory, monkeypatch, pytestconfig, record_property, record_testsuite_property, record_xml_attribute, recwarn, subtests, testrun_uid, tmp_path, tmp_path_factory, tmpdir, tmpdir_factory, worker_id&#10;&gt;       use 'pytest --fixtures [testpath]' for help on them.&#10;&#10;/app/backend/tests/test_smoke_sweep.py:137&quot;">file /app/backend/tests/test_smoke_sweep.py, line 137
  def test_section_e_quote(admin_token):
E       fixture 'admin_token' not found
&gt;       available fixtures: _bootstrap_fixture_users, anyio_backend, anyio_backend_name, anyio_backend_options, api, base_url, cache, capfd, capfdbinary, caplog, capsys, capsysbinary, capteesys, doctest_namespace, free_tcp_port, free_tcp_port_factory, free_udp_port, free_udp_port_factory, monkeypatch, pytestconfig, record_property, record_testsuite_property, record_xml_attribute, recwarn, subtests, testrun_uid, tmp_path, tmp_path_factory, tmpdir, tmpdir_factory, worker_id
&gt;       use 'pytest --fixtures [testpath]' for help on them.

/app/backend/tests/test_smoke_sweep.py:137</error></testcase><testcase classname="tests.test_smoke_sweep" name="test_section_f_regression" time="0.000"><error message="failed on setup with &quot;file /app/backend/tests/test_smoke_sweep.py, line 173&#10;  def test_section_f_regression(admin_token):&#10;E       fixture 'admin_token' not found&#10;&gt;       available fixtures: _bootstrap_fixture_users, anyio_backend, anyio_backend_name, anyio_backend_options, api, base_url, cache, capfd, capfdbinary, caplog, capsys, capsysbinary, capteesys, doctest_namespace, free_tcp_port, free_tcp_port_factory, free_udp_port, free_udp_port_factory, monkeypatch, pytestconfig, record_property, record_testsuite_property, record_xml_attribute, recwarn, subtests, testrun_uid, tmp_path, tmp_path_factory, tmpdir, tmpdir_factory, worker_id&#10;&gt;       use 'pytest --fixtures [testpath]' for help on them.&#10;&#10;/app/backend/tests/test_smoke_sweep.py:173&quot;">file /app/backend/tests/test_smoke_sweep.py, line 173
  def test_section_f_regression(admin_token):
E       fixture 'admin_token' not found
&gt;       available fixtures: _bootstrap_fixture_users, anyio_backend, anyio_backend_name, anyio_backend_options, api, base_url, cache, capfd, capfdbinary, caplog, capsys, capsysbinary, capteesys, doctest_namespace, free_tcp_port, free_tcp_port_factory, free_udp_port, free_udp_port_factory, monkeypatch, pytestconfig, record_property, record_testsuite_property, record_xml_attribute, recwarn, subtests, testrun_uid, tmp_path, tmp_path_factory, tmpdir, tmpdir_factory, worker_id
&gt;       use 'pytest --fixtures [testpath]' for help on them.

/app/backend/tests/test_smoke_sweep.py:173</error></testcase><testcase classname="tests.test_smoke_sweep" name="test_section_g_logs" time="0.005" /><testcase classname="tests.test_wave2_smoke" name="test_root_endpoint" time="0.132" /><testcase classname="tests.test_wave2_smoke" name="test_admin_login" time="0.299" /><testcase classname="tests.test_wave2_smoke" name="test_register_new_customer" time="0.300" /><testcase classname="tests.test_wave2_smoke" name="test_deposit_bands" time="0.075" /><testcase classname="tests.test_wave2_smoke" name="test_booking_fee_preview" time="0.076" /><testcase classname="tests.test_wave3_catalog.TestPublicCatalog" name="test_categories_returns_26_ordered" time="0.005" /><testcase classname="tests.test_wave3_catalog.TestPublicCatalog" name="test_vehicles_returns_16_ordered" time="0.003" /><testcase classname="tests.test_wave3_catalog.TestPublicCatalog" name="test_categories_include_inactive_returns_all" time="0.004" /><testcase classname="tests.test_wave3_catalog.TestRecommendVehicle" name="test_parcels_small_load" time="0.005" /><testcase classname="tests.test_wave3_catalog.TestRecommendVehicle" name="test_house_removals_needs_loading_help" time="0.004" /><testcase classname="tests.test_wave3_catalog.TestRecommendVehicle" name="test_machinery_forklift_boost" time="0.004" /><testcase classname="tests.test_wave3_catalog.TestRecommendVehicle" name="test_documents_motorcycle_first" time="0.004" /><testcase classname="tests.test_wave3_catalog.TestRecommendVehicle" name="test_unknown_category_returns_404" time="0.003" /><testcase classname="tests.test_wave3_catalog.TestRecommendVehicle" name="test_dimensions_compute_volume" time="0.004" /><testcase classname="tests.test_wave3_catalog.TestAdminCategoriesCRUD" name="test_admin_list_shows_all" time="0.231" /><testcase classname="tests.test_wave3_catalog.TestAdminCategoriesCRUD" name="test_create_update_delete_cycle" time="0.026" /><testcase classname="tests.test_wave3_catalog.TestAdminVehiclesCRUD" name="test_create_update_delete_cycle" time="0.018" /><testcase classname="tests.test_wave3_catalog.TestQuoteEstimate" name="test_legacy_category_normalized" time="0.262" /><testcase classname="tests.test_wave3_catalog.TestQuoteEstimate" name="test_shipping_containers_large_vehicle" time="0.088" /><testcase classname="tests.test_wave3_phase2.TestCapabilitiesCatalog" name="test_public_list_returns_21_active" time="0.003" /><testcase classname="tests.test_wave3_phase2.TestCapabilitiesCatalog" name="test_public_include_inactive" time="0.003" /><testcase classname="tests.test_wave3_phase2.TestCapabilitiesCatalog" name="test_admin_list_requires_admin" time="0.231" /><testcase classname="tests.test_wave3_phase2.TestCapabilitiesCatalog" name="test_admin_full_cycle" time="0.257" /><testcase classname="tests.test_wave3_phase2.TestFeaturedFlags" name="test_categories_have_featured_flag" time="0.003" /><testcase classname="tests.test_wave3_phase2.TestFeaturedFlags" name="test_vehicles_have_featured_flag" time="0.003" /><testcase classname="tests.test_wave3_phase2.TestFeaturedFlags" name="test_admin_toggle_featured_on_category" time="0.013" /><testcase classname="tests.test_wave3_phase2.TestFeaturedFlags" name="test_admin_toggle_featured_on_vehicle" time="0.010" /><testcase classname="tests.test_wave3_phase2.TestDriverFleet" name="test_full_fleet_lifecycle" time="0.045" /><testcase classname="tests.test_wave3_phase2.TestRecommenderEnhanced" name="test_required_capabilities_hard_filter" time="0.003" /><testcase classname="tests.test_wave3_phase2.TestRecommenderEnhanced" name="test_nonexistent_capability_does_not_crash" time="0.003" /><testcase classname="tests.test_wave3_phase2.TestRecommenderEnhanced" name="test_no_required_caps_baseline" time="0.003" /><testcase classname="tests.test_wave3_phase2.TestAnalyticsOverview" name="test_non_admin_forbidden" time="0.003" /><testcase classname="tests.test_wave3_phase2.TestAnalyticsOverview" name="test_admin_overview_schema" time="1.061" /><testcase classname="tests.test_wave3_phaseB_search_and_driver_dashboard.TestSearchPublic" name="test_empty_query_returns_default_marketing_pages" time="0.104" /><testcase classname="tests.test_wave3_phaseB_search_and_driver_dashboard.TestSearchPublic" name="test_query_matches_categories_and_vehicles" time="0.048" /><testcase classname="tests.test_wave3_phaseB_search_and_driver_dashboard.TestSearchPublic" name="test_malformed_jwt_does_not_crash" time="0.054" /><testcase classname="tests.test_wave3_phaseB_search_and_driver_dashboard.TestSearchDriver" name="test_driver_jobs_only_posted_or_own_assignments" time="0.374" /><testcase classname="tests.test_wave3_phaseB_search_and_driver_dashboard.TestSearchDriver" name="test_driver_dashboard_public_structure" time="0.062" /><testcase classname="tests.test_wave3_phaseB_search_and_driver_dashboard.TestSearchCustomer" name="test_customer_jobs_only_their_own" time="0.695" /><testcase classname="tests.test_wave3_phaseB_search_and_driver_dashboard.TestSearchAdmin" name="test_admin_users_populated_for_driver_query" time="0.335" /><testcase classname="tests.test_wave3_phaseB_search_and_driver_dashboard.TestSearchAdmin" name="test_admin_users_populated_for_email_domain_query" time="0.061" /><testcase classname="tests.test_wave3_phaseB_search_and_driver_dashboard.TestSearchScopeMarketing" name="test_marketing_scope_filters_admin_users" time="0.057" /><testcase classname="tests.test_wave3_phaseB_search_and_driver_dashboard.TestSearchScopeMarketing" name="test_marketing_scope_filters_driver_jobs" time="0.083" /><testcase classname="tests.test_wave3_phaseB_search_and_driver_dashboard.TestDriverDashboard" name="test_driver_dashboard_ok_schema" time="0.097" /><testcase classname="tests.test_wave3_phaseB_search_and_driver_dashboard.TestDriverDashboard" name="test_driver_dashboard_forbidden_for_customer" time="0.051" /><testcase classname="tests.test_wave3_phaseB_search_and_driver_dashboard.TestDriverDashboard" name="test_driver_dashboard_forbidden_for_admin" time="0.053" /><testcase classname="tests.test_wave3_phaseB_search_and_driver_dashboard.TestRegression" name="test_login_existing_users" time="0.841" /><testcase classname="tests.test_wave3_phaseB_search_and_driver_dashboard.TestRegression" name="test_catalog_categories" time="0.053" /><testcase classname="tests.test_wave3_phaseB_search_and_driver_dashboard.TestRegression" name="test_catalog_vehicles" time="0.053" /><testcase classname="tests.test_wave3_phaseB_search_and_driver_dashboard.TestRegression" name="test_catalog_capabilities" time="0.046" /><testcase classname="tests.test_wave3_phaseB_search_and_driver_dashboard.TestRegression" name="test_admin_stats" time="0.062" /><testcase classname="tests.test_wave3_phaseB_search_and_driver_dashboard.TestRegression" name="test_jobs_nearby" time="0.082" /><testcase classname="tests.test_wave3_prelaunch_A_driver_verification.TestAdminDriverDetail" name="test_admin_ok_schema" time="0.945" /><testcase classname="tests.test_wave3_prelaunch_A_driver_verification.TestAdminDriverDetail" name="test_403_for_driver_jwt" time="0.453" /><testcase classname="tests.test_wave3_prelaunch_A_driver_verification.TestAdminDriverDetail" name="test_403_for_customer_jwt" time="0.753" /><testcase classname="tests.test_wave3_prelaunch_A_driver_verification.TestAdminDriverDetail" name="test_404_unknown_driver" time="0.067" /><testcase classname="tests.test_wave3_prelaunch_A_driver_verification.TestAdminDriverDetail" name="test_400_non_driver_id_admin" time="0.165" /><testcase classname="tests.test_wave3_prelaunch_A_driver_verification.TestAdminDriverDetail" name="test_400_non_driver_id_customer" time="0.143" /><testcase classname="tests.test_wave3_prelaunch_A_driver_verification.TestAdminApproveHistory" name="test_approve_appends_history" time="0.248" /><testcase classname="tests.test_wave3_prelaunch_A_driver_verification.TestAdminApproveHistory" name="test_approve_404_unknown" time="0.072" /><testcase classname="tests.test_wave3_prelaunch_A_driver_verification.TestAdminSuspend" name="test_suspend_with_reason" time="0.283" /><testcase classname="tests.test_wave3_prelaunch_A_driver_verification.TestAdminSuspend" name="test_suspend_empty_body_still_ok" time="0.238" /><testcase classname="tests.test_wave3_prelaunch_A_driver_verification.TestAdminSuspend" name="test_suspend_forbidden_for_non_admin" time="0.065" /><testcase classname="tests.test_wave3_prelaunch_A_driver_verification.TestAdminRequestChanges" name="test_request_changes_ok" time="0.223" /><testcase classname="tests.test_wave3_prelaunch_A_driver_verification.TestAdminRequestChanges" name="test_request_changes_reason_too_short" time="0.069" /><testcase classname="tests.test_wave3_prelaunch_A_driver_verification.TestAdminRequestChanges" name="test_request_changes_non_driver_target" time="0.068" /><testcase classname="tests.test_wave3_prelaunch_A_driver_verification.TestAdminRequestChanges" name="test_request_changes_unknown_user" time="0.065" /><testcase classname="tests.test_wave3_prelaunch_A_driver_verification.TestAdminRequestChanges" name="test_request_changes_forbidden_for_non_admin" time="0.068" /><testcase classname="tests.test_wave3_prelaunch_A_driver_verification.TestDriverResubmit" name="test_resubmit_from_changes_requested" time="0.620" /><testcase classname="tests.test_wave3_prelaunch_A_driver_verification.TestDriverResubmit" name="test_resubmit_400_when_not_in_changes_requested" time="0.442" /><testcase classname="tests.test_wave3_prelaunch_A_driver_verification.TestDriverResubmit" name="test_resubmit_401_missing_token" time="0.068" /><testcase classname="tests.test_wave3_prelaunch_A_driver_verification.TestDriverResubmit" name="test_resubmit_400_when_not_driver" time="0.069" /><testcase classname="tests.test_wave3_prelaunch_A_driver_verification.TestAuthMeNewFields" name="test_me_reflects_changes_requested" time="0.634" /><testcase classname="tests.test_wave3_prelaunch_A_driver_verification.TestFullStateMachine" name="test_approve_suspend_approve_request_resubmit" time="0.981" /><testcase classname="tests.test_wave3_prelaunch_B_international_routes.TestGeoMarkets" name="test_markets_returns_16_entries_and_gb_configured" time="0.164" /><testcase classname="tests.test_wave3_prelaunch_B_international_routes.TestGeoMarkets" name="test_markets_shape_has_required_fields" time="0.119" /><testcase classname="tests.test_wave3_prelaunch_B_international_routes.TestGeoMarkets" name="test_markets_is_public_no_auth_required" time="0.105" /><testcase classname="tests.test_wave3_prelaunch_B_international_routes.TestGeoAutocomplete" name="test_short_query_returns_empty_manual" time="0.058" /><testcase classname="tests.test_wave3_prelaunch_B_international_routes.TestGeoAutocomplete" name="test_empty_query_returns_empty_manual" time="0.049" /><testcase classname="tests.test_wave3_prelaunch_B_international_routes.TestGeoAutocomplete" name="test_no_google_key_fallback_returns_manual" time="0.120"><failure message="AssertionError: assert 'google' == 'manual'&#10;  &#10;  - manual&#10;  + google">E   AssertionError: assert 'google' == 'manual'
      
      - manual
      + google</failure></testcase><testcase classname="tests.test_wave3_prelaunch_B_international_routes.TestGeoAutocomplete" name="test_autocomplete_is_public_no_auth_required" time="0.180" /><testcase classname="tests.test_wave3_prelaunch_B_international_routes.TestQuoteEstimate" name="test_requires_auth" time="0.047" /><testcase classname="tests.test_wave3_prelaunch_B_international_routes.TestQuoteEstimate" name="test_uk_to_uk_with_country_codes" time="0.374" /><testcase classname="tests.test_wave3_prelaunch_B_international_routes.TestQuoteEstimate" name="test_gb_to_ie_international" time="0.109" /><testcase classname="tests.test_wave3_prelaunch_B_international_routes.TestQuoteEstimate" name="test_fr_to_fr_domestic_other" time="0.086" /><testcase classname="tests.test_wave3_prelaunch_B_international_routes.TestQuoteEstimate" name="test_legacy_no_country_codes_defaults_uk" time="0.102" /><testcase classname="tests.test_wave3_prelaunch_B_international_routes.TestQuoteEstimate" name="test_unsupported_country_dropoff" time="0.086" /><testcase classname="tests.test_wave3_prelaunch_B_international_routes.TestJobsIntlAddressing" name="test_uk_only_no_country_codes_posted" time="0.110" /><testcase classname="tests.test_wave3_prelaunch_B_international_routes.TestJobsIntlAddressing" name="test_gb_to_ie_awaiting_manual_quote" time="0.109" /></testsuite></testsuites>