<?xml version="1.0" encoding="utf-8"?><testsuites name="pytest tests"><testsuite name="pytest" errors="0" failures="0" skipped="0" tests="11" time="5.211" timestamp="2026-07-16T21:28:16.370476+00:00" hostname="agent-env-578267fa-29cc-40ab-a485-bcfc402afbb0"><testcase classname="backend.tests.test_contact_newsletter_gdpr.TestContactForm" name="test_valid_contact_submission" time="0.757" /><testcase classname="backend.tests.test_contact_newsletter_gdpr.TestContactForm" name="test_short_message_returns_400" time="0.101" /><testcase classname="backend.tests.test_contact_newsletter_gdpr.TestContactForm" name="test_short_name_returns_400" time="0.150" /><testcase classname="backend.tests.test_contact_newsletter_gdpr.TestContactForm" name="test_invalid_email_returns_422" time="0.139" /><testcase classname="backend.tests.test_contact_newsletter_gdpr.TestContactForm" name="test_admin_contact_messages_requires_admin" time="0.575" /><testcase classname="backend.tests.test_contact_newsletter_gdpr.TestNewsletter" name="test_valid_subscription" time="0.688" /><testcase classname="backend.tests.test_contact_newsletter_gdpr.TestNewsletter" name="test_invalid_email_returns_422" time="0.117" /><testcase classname="backend.tests.test_contact_newsletter_gdpr.TestNewsletter" name="test_admin_newsletter_requires_admin" time="0.145" /><testcase classname="backend.tests.test_contact_newsletter_gdpr.TestGdprDeleteScrubbing" name="test_names_present_before_delete" time="1.802" /><testcase classname="backend.tests.test_contact_newsletter_gdpr.TestGdprDeleteScrubbing" name="test_customer_delete_anonymises_customer_name_on_job" time="0.309" /><testcase classname="backend.tests.test_contact_newsletter_gdpr.TestGdprDeleteScrubbing" name="test_driver_delete_anonymises_driver_name_on_job_and_bid" time="0.383" /></testsuite></testsuites>