<?xml version="1.0" encoding="utf-8"?><testsuites name="pytest tests"><testsuite name="pytest" errors="8" failures="16" skipped="1" tests="246" time="69.331" timestamp="2026-07-21T22:31:20.970111+00:00" hostname="agent-env-b80cdd74-988f-432a-a6ab-4527ecf6944f"><testcase classname="tests.test_account_delete.TestAccountDelete" name="test_delete_requires_auth" time="1.283" /><testcase classname="tests.test_account_delete.TestAccountDelete" name="test_delete_invalid_token" time="0.124" /><testcase classname="tests.test_account_delete.TestAccountDelete" name="test_delete_anonymises_user" time="1.064" /><testcase classname="tests.test_account_delete.TestAccountDelete" name="test_login_after_delete_returns_403" time="0.604" /><testcase classname="tests.test_account_delete.TestAccountDelete" name="test_delete_purges_documents_and_notifications" time="1.158" /><testcase classname="tests.test_account_delete.TestPublicProfileRegression" name="test_public_profile_returns_expected_fields" time="0.805" /><testcase classname="tests.test_account_delete.TestPublicProfileRegression" name="test_public_profile_missing_user" time="0.532" /><testcase classname="tests.test_account_delete.TestBidsVerifiedDriverEnrichment" name="test_bids_include_verified_driver_flag" time="1.630" /><testcase classname="tests.test_booking_fees.TestBookingFeePreview" name="test_preview_270_returns_new_and_legacy_fields" time="0.480" /><testcase classname="tests.test_booking_fees.TestBookingFeePreview" name="test_preview_rejects_negative_driver_charge" time="0.118" /><testcase classname="tests.test_booking_fees.TestBookingFeePreview" name="test_preview_requires_auth" time="0.126" /><testcase classname="tests.test_booking_fees.TestBookingFeePreview" name="test_preview_bands_across_tiers[50.0-10.0-60.0]" time="0.117" /><testcase classname="tests.test_booking_fees.TestBookingFeePreview" name="test_preview_bands_across_tiers[100.0-10.0-110.0]" time="0.113" /><testcase classname="tests.test_booking_fees.TestBookingFeePreview" name="test_preview_bands_across_tiers[100.01-25.0-125.01]" time="0.111" /><testcase classname="tests.test_booking_fees.TestBookingFeePreview" name="test_preview_bands_across_tiers[500.0-50.0-550.0]" time="0.102" /><testcase classname="tests.test_booking_fees.TestBookingFeePreview" name="test_preview_bands_across_tiers[1200.0-100.0-1300.0]" time="0.104" /><testcase classname="tests.test_booking_fees.TestBookingFeePreview" name="test_preview_bands_across_tiers[3000.0-150.0-3150.0]" time="0.120" /><testcase classname="tests.test_booking_fees.TestLegacyPreviewAlias" name="test_legacy_alias_identical_to_new" time="0.231" /><testcase classname="tests.test_booking_fees.TestLegacyPreviewAlias" name="test_legacy_alias_rejects_negative" time="0.112" /><testcase classname="tests.test_booking_fees.TestFixedPriceBooking" name="test_fixed_price_270_booking_math" time="1.560" /><testcase classname="tests.test_booking_fees.TestBiddingBooking" name="test_accepted_bid_booking_math[500.0-50.0-550.0]" time="0.435" /><testcase classname="tests.test_booking_fees.TestBiddingBooking" name="test_accepted_bid_booking_math[50.0-10.0-60.0]" time="0.451" /><testcase classname="tests.test_booking_fees.TestBiddingBooking" name="test_accepted_bid_booking_math[1200.0-100.0-1300.0]" time="0.464" /><testcase classname="tests.test_booking_fees.TestBiddingBooking" name="test_accepted_bid_booking_math[3000.0-150.0-3150.0]" time="0.457" /><testcase classname="tests.test_booking_fees.TestStripeChargesBookingFee" name="test_deposit_session_amount_equals_booking_fee" time="0.975"><failure message="AssertionError: payment_transactions row missing&#10;assert None is not None">E   AssertionError: payment_transactions row missing
    assert None is not None</failure></testcase><testcase classname="tests.test_booking_fees.TestFallbackAllBandsDisabled" name="test_fallback_percentage_of_driver_charge" time="0.098"><failure message="AssertionError: fallback booking_fee: expected 70.0, got 50.0&#10;assert 20.0 &lt; 1e-06&#10; +  where 20.0 = abs((50.0 - 70.0))&#10; +    where 50.0 = float(50.0)&#10; +    and   70.0 = float(70.0)">E   AssertionError: fallback booking_fee: expected 70.0, got 50.0
    assert 20.0 &lt; 1e-06
     +  where 20.0 = abs((50.0 - 70.0))
     +    where 50.0 = float(50.0)
     +    and   70.0 = float(70.0)</failure></testcase><testcase classname="tests.test_booking_fees.TestAdminCRUDRegression" name="test_admin_list_bands" time="0.096" /><testcase classname="tests.test_booking_fees.TestAdminCRUDRegression" name="test_admin_create_update_delete" time="0.343" /><testcase classname="tests.test_booking_fees.TestAdminCRUDRegression" name="test_public_deposit_bands_returns_enabled_only" time="0.127" /><testcase classname="tests.test_cargoone_api.TestHealth" name="test_root" time="0.110" /><testcase classname="tests.test_cargoone_api.TestAuth" name="test_register_customer" time="0.321" /><testcase classname="tests.test_cargoone_api.TestAuth" name="test_register_driver_pending" time="0.354" /><testcase classname="tests.test_cargoone_api.TestAuth" name="test_register_duplicate_email" time="0.093" /><testcase classname="tests.test_cargoone_api.TestAuth" name="test_login_admin_seeded" time="0.345" /><testcase classname="tests.test_cargoone_api.TestAuth" name="test_login_invalid" time="0.381" /><testcase classname="tests.test_cargoone_api.TestAuth" name="test_me_returns_current_user" time="0.121" /><testcase classname="tests.test_cargoone_api.TestAuth" name="test_me_no_token" time="0.119" /><testcase classname="tests.test_cargoone_api.TestAdminApprove" name="test_admin_stats_requires_admin" time="0.111" /><testcase classname="tests.test_cargoone_api.TestAdminApprove" name="test_admin_stats_ok" time="0.129" /><testcase classname="tests.test_cargoone_api.TestAdminApprove" name="test_admin_list_drivers" time="0.125" /><testcase classname="tests.test_cargoone_api.TestAdminApprove" name="test_admin_approve_driver" time="0.422" /><testcase classname="tests.test_cargoone_api.TestJobs" name="test_customer_creates_fixed_job" time="0.131" /><testcase classname="tests.test_cargoone_api.TestJobs" name="test_customer_creates_bidding_job" time="0.118" /><testcase classname="tests.test_cargoone_api.TestJobs" name="test_jobs_mine" time="0.094" /><testcase classname="tests.test_cargoone_api.TestJobs" name="test_jobs_nearby_driver_privacy" time="0.140" /><testcase classname="tests.test_cargoone_api.TestJobs" name="test_jobs_nearby_forbidden_for_customer" time="0.132" /><testcase classname="tests.test_cargoone_api.TestJobs" name="test_driver_accepts_fixed" time="0.216" /><testcase classname="tests.test_cargoone_api.TestJobs" name="test_driver_cannot_accept_bidding_job" time="0.120" /><testcase classname="tests.test_cargoone_api.TestBids" name="test_submit_bid" time="0.151" /><testcase classname="tests.test_cargoone_api.TestBids" name="test_list_bids_as_customer" time="0.222" /><testcase classname="tests.test_cargoone_api.TestBids" name="test_accept_bid" time="0.208" /><testcase classname="tests.test_cargoone_api.TestBookings" name="test_create_booking" time="0.127"><failure message="assert 205.0 == 180.0">E   assert 205.0 == 180.0</failure></testcase><testcase classname="tests.test_cargoone_api.TestBookings" name="test_create_booking_idempotent" time="0.121"><failure message="KeyError: 'booking'">E   KeyError: 'booking'</failure></testcase><testcase classname="tests.test_cargoone_api.TestBookings" name="test_deposit_session_creation" time="0.000"><failure message="KeyError: 'booking'">E   KeyError: 'booking'</failure></testcase><testcase classname="tests.test_cargoone_api.TestBookings" name="test_payment_status_unpaid" time="0.000"><skipped type="pytest.skip" message="No session_id from previous step">/app/backend/tests/test_cargoone_api.py:293: No session_id from previous step</skipped></testcase><testcase classname="tests.test_cargoone_api.TestBookings" name="test_payment_status_bad_session" time="0.123" /><testcase classname="tests.test_cargoone_api.TestBookings" name="test_bookings_mine_privacy" time="0.107"><failure message="KeyError: 'booking'">E   KeyError: 'booking'</failure></testcase><testcase classname="tests.test_cargoone_api.TestBookings" name="test_messages_blocked_before_payment" time="0.000"><failure message="KeyError: 'booking'">E   KeyError: 'booking'</failure></testcase><testcase classname="tests.test_cargoone_api.TestPostPaymentFeatures" name="test_booking_privacy_after_payment" time="0.002"><error message="failed on setup with &quot;KeyError: 'booking'&quot;">E   KeyError: 'booking'</error></testcase><testcase classname="tests.test_cargoone_api.TestPostPaymentFeatures" name="test_send_message_after_payment" time="0.002"><error message="failed on setup with &quot;KeyError: 'booking'&quot;">E   KeyError: 'booking'</error></testcase><testcase classname="tests.test_cargoone_api.TestPostPaymentFeatures" name="test_tracking_update_and_get" time="0.001"><error message="failed on setup with &quot;KeyError: 'booking'&quot;">E   KeyError: 'booking'</error></testcase><testcase classname="tests.test_cargoone_api.TestPostPaymentFeatures" name="test_booking_status_update" time="0.001"><error message="failed on setup with &quot;KeyError: 'booking'&quot;">E   KeyError: 'booking'</error></testcase><testcase classname="tests.test_cargoone_api.TestPostPaymentFeatures" name="test_pod_upload_and_get" time="0.001"><error message="failed on setup with &quot;KeyError: 'booking'&quot;">E   KeyError: 'booking'</error></testcase><testcase classname="tests.test_cargoone_api.TestPostPaymentFeatures" name="test_review_after_pod" time="0.001"><error message="failed on setup with &quot;KeyError: 'booking'&quot;">E   KeyError: 'booking'</error></testcase><testcase classname="tests.test_cargoone_api.TestAdminSuspend" name="test_suspend_driver" time="0.735" /><testcase classname="tests.test_contact_newsletter_gdpr.TestContactForm" name="test_valid_contact_submission" time="0.826" /><testcase classname="tests.test_contact_newsletter_gdpr.TestContactForm" name="test_short_message_returns_400" time="0.166" /><testcase classname="tests.test_contact_newsletter_gdpr.TestContactForm" name="test_short_name_returns_400" time="0.122" /><testcase classname="tests.test_contact_newsletter_gdpr.TestContactForm" name="test_invalid_email_returns_422" time="0.100" /><testcase classname="tests.test_contact_newsletter_gdpr.TestContactForm" name="test_admin_contact_messages_requires_admin" time="0.599" /><testcase classname="tests.test_contact_newsletter_gdpr.TestNewsletter" name="test_valid_subscription" time="0.745" /><testcase classname="tests.test_contact_newsletter_gdpr.TestNewsletter" name="test_invalid_email_returns_422" time="2.177" /><testcase classname="tests.test_contact_newsletter_gdpr.TestNewsletter" name="test_admin_newsletter_requires_admin" time="0.102" /><testcase classname="tests.test_contact_newsletter_gdpr.TestGdprDeleteScrubbing" name="test_names_present_before_delete" time="5.266" /><testcase classname="tests.test_contact_newsletter_gdpr.TestGdprDeleteScrubbing" name="test_customer_delete_anonymises_customer_name_on_job" time="0.431" /><testcase classname="tests.test_contact_newsletter_gdpr.TestGdprDeleteScrubbing" name="test_driver_delete_anonymises_driver_name_on_job_and_bid" time="0.447" /><testcase classname="tests.test_cookie_auth" name="test_login_sets_httponly_cookie" time="0.338" /><testcase classname="tests.test_cookie_auth" name="test_me_works_with_cookie_only" time="0.424" /><testcase classname="tests.test_cookie_auth" name="test_bearer_still_works" time="0.448" /><testcase classname="tests.test_cookie_auth" name="test_register_sets_cookie_and_returns_token" time="0.459" /><testcase classname="tests.test_cookie_auth" name="test_logout_clears_cookie_and_blocks_subsequent_requests" time="0.461" /><testcase classname="tests.test_cookie_auth" name="test_no_auth_returns_401" time="0.349" /><testcase classname="tests.test_final_acceptance.TestAC1_UKDomesticQuote" name="test_gb_gb_domestic_returns_price" time="0.444" /><testcase classname="tests.test_final_acceptance.TestAC1_UKDomesticQuote" name="test_deposit_bands_still_returns_bands" time="0.074" /><testcase classname="tests.test_final_acceptance.TestAC2_NorthernIrelandDomestic" name="test_belfast_dropoff_domestic_uk" time="0.076" /><testcase classname="tests.test_final_acceptance.TestAC3_GBtoIE" name="test_gb_ie_international_manual_review" time="0.076" /><testcase classname="tests.test_final_acceptance.TestAC4_IEtoGB" name="test_ie_gb_international_manual_review" time="0.077" /><testcase classname="tests.test_final_acceptance.TestAC5_EuropeanRoutes" name="test_london_paris_international" time="0.076" /><testcase classname="tests.test_final_acceptance.TestAC5_EuropeanRoutes" name="test_dublin_berlin_international" time="0.073" /><testcase classname="tests.test_final_acceptance.TestAC6_LegacyUKJob" name="test_legacy_job_creates_posted_domestic_uk" time="0.144" /><testcase classname="tests.test_final_acceptance.TestAC7_DriverVerificationFlow" name="test_00_reset_driver_to_active" time="0.600" /><testcase classname="tests.test_final_acceptance.TestAC7_DriverVerificationFlow" name="test_01_admin_get_driver_detail" time="0.084" /><testcase classname="tests.test_final_acceptance.TestAC7_DriverVerificationFlow" name="test_02_admin_request_changes" time="0.075" /><testcase classname="tests.test_final_acceptance.TestAC7_DriverVerificationFlow" name="test_03_driver_me_shows_changes_requested" time="0.367" /><testcase classname="tests.test_final_acceptance.TestAC7_DriverVerificationFlow" name="test_04_driver_resubmit_verification" time="0.454" /><testcase classname="tests.test_final_acceptance.TestAC7_DriverVerificationFlow" name="test_05_admin_approve" time="0.079" /><testcase classname="tests.test_final_acceptance.TestAC7_DriverVerificationFlow" name="test_06_verification_history_contains_all_three" time="0.090" /><testcase classname="tests.test_final_acceptance.TestAC8_AdminRouteAudit" name="test_admin_can_access_all_admin_endpoints" time="0.724" /><testcase classname="tests.test_final_acceptance.TestAC8_AdminRouteAudit" name="test_driver_cannot_access_admin_endpoints" time="0.751" /><testcase classname="tests.test_final_acceptance.TestAC8_AdminRouteAudit" name="test_customer_cannot_access_admin_endpoints" time="0.451" /><testcase classname="tests.test_final_acceptance.TestAC8_AdminRouteAudit" name="test_no_admin_endpoint_accessible_without_jwt" time="0.630" /><testcase classname="tests.test_final_acceptance.TestAC9_SecurityRegression" name="test_register_as_admin_rejected" time="0.077" /><testcase classname="tests.test_final_acceptance.TestAC9_SecurityRegression" name="test_register_as_customer_succeeds" time="0.300" /><testcase classname="tests.test_final_acceptance.TestAC9_SecurityRegression" name="test_register_as_driver_succeeds" time="0.294" /><testcase classname="tests.test_final_acceptance.TestAC9_SecurityRegression" name="test_suspended_user_token_rejected" time="0.540" /><testcase classname="tests.test_phase22_trust_delivery.TestDocumentUpload" name="test_upload_all_six_doc_types" time="0.727" /><testcase classname="tests.test_phase22_trust_delivery.TestDocumentUpload" name="test_invalid_doc_type_400" time="0.066" /><testcase classname="tests.test_phase22_trust_delivery.TestDocumentUpload" name="test_profile_photo_sets_user_profile_photo" time="0.127" /><testcase classname="tests.test_phase22_trust_delivery.TestDocumentUpload" name="test_reupload_deactivates_previous" time="0.427" /><testcase classname="tests.test_phase22_trust_delivery.TestDocumentUpload" name="test_list_documents_shape" time="0.061" /><testcase classname="tests.test_phase22_trust_delivery.TestDocumentUpload" name="test_get_document_by_id_includes_base64" time="0.139" /><testcase classname="tests.test_phase22_trust_delivery.TestAdminDocReview" name="test_admin_list_user_docs" time="0.440" /><testcase classname="tests.test_phase22_trust_delivery.TestAdminDocReview" name="test_admin_list_forbidden_for_driver" time="0.056" /><testcase classname="tests.test_phase22_trust_delivery.TestAdminDocReview" name="test_reject_doc_stores_reason_and_notifies" time="0.248" /><testcase classname="tests.test_phase22_trust_delivery.TestAdminDocReview" name="test_approve_all_activates_driver" time="0.503" /><testcase classname="tests.test_phase22_trust_delivery.TestVerifiedDriverFlag" name="test_before_first_job_false" time="0.067" /><testcase classname="tests.test_phase22_trust_delivery.TestVerifiedDriverFlag" name="test_after_completed_booking_true" time="0.587" /><testcase classname="tests.test_phase22_trust_delivery.TestVerifiedDriverFlag" name="test_non_driver_never_verified" time="0.059" /><testcase classname="tests.test_phase22_trust_delivery.TestVerifiedDriverFlag" name="test_pending_driver_not_verified" time="0.346" /><testcase classname="tests.test_phase22_trust_delivery.TestPublicProfile" name="test_public_profile_fields" time="0.063" /><testcase classname="tests.test_phase22_trust_delivery.TestPODAndReview" name="test_pod_stores_photos_and_signature" time="0.429" /><testcase classname="tests.test_phase22_trust_delivery.TestBidVerifiedFlag" name="test_bid_list_includes_verified_flag" time="0.188" /><testcase classname="tests.test_phase22_trust_delivery.TestNoRegression" name="test_login" time="0.279" /><testcase classname="tests.test_phase22_trust_delivery.TestNoRegression" name="test_booking_fees_preview" time="0.171" /><testcase classname="tests.test_phase22_trust_delivery.TestNoRegression" name="test_quote_estimate" time="0.069" /><testcase classname="tests.test_phase22_trust_delivery.TestNoRegression" name="test_admin_deposit_bands" time="0.062" /><testcase classname="tests.test_quote_and_tracking.TestQuoteEndpoint" name="test_requires_auth" time="0.132" /><testcase classname="tests.test_quote_and_tracking.TestQuoteEndpoint" name="test_haversine_fallback_london_manchester" time="0.461"><failure message="AssertionError: assert 'Long Wheelbase Van' == 'Luton Van'&#10;  &#10;  - Luton Van&#10;  + Long Wheelbase Van">E   AssertionError: assert 'Long Wheelbase Van' == 'Luton Van'
      
      - Luton Van
      + Long Wheelbase Van</failure></testcase><testcase classname="tests.test_quote_and_tracking.TestQuoteEndpoint" name="test_all_10_categories_return_distinct_vehicle[furniture]" time="0.118"><failure message="AssertionError: cat=furniture: got Long Wheelbase Van, expected Luton Van&#10;assert 'Long Wheelbase Van' == 'Luton Van'&#10;  &#10;  - Luton Van&#10;  + Long Wheelbase Van">E   AssertionError: cat=furniture: got Long Wheelbase Van, expected Luton Van
    assert 'Long Wheelbase Van' == 'Luton Van'
      
      - Luton Van
      + Long Wheelbase Van</failure></testcase><testcase classname="tests.test_quote_and_tracking.TestQuoteEndpoint" name="test_all_10_categories_return_distinct_vehicle[pallets]" time="0.138"><failure message="AssertionError: cat=pallets: got Long Wheelbase Van, expected 3.5T Curtain-side&#10;assert 'Long Wheelbase Van' == '3.5T Curtain-side'&#10;  &#10;  - 3.5T Curtain-side&#10;  + Long Wheelbase Van">E   AssertionError: cat=pallets: got Long Wheelbase Van, expected 3.5T Curtain-side
    assert 'Long Wheelbase Van' == '3.5T Curtain-side'
      
      - 3.5T Curtain-side
      + Long Wheelbase Van</failure></testcase><testcase classname="tests.test_quote_and_tracking.TestQuoteEndpoint" name="test_all_10_categories_return_distinct_vehicle[cars]" time="0.110" /><testcase classname="tests.test_quote_and_tracking.TestQuoteEndpoint" name="test_all_10_categories_return_distinct_vehicle[motorcycles]" time="0.125"><failure message="AssertionError: cat=motorcycles: got Recovery Truck, expected Motorcycle Trailer&#10;assert 'Recovery Truck' == 'Motorcycle Trailer'&#10;  &#10;  - Motorcycle Trailer&#10;  + Recovery Truck">E   AssertionError: cat=motorcycles: got Recovery Truck, expected Motorcycle Trailer
    assert 'Recovery Truck' == 'Motorcycle Trailer'
      
      - Motorcycle Trailer
      + Recovery Truck</failure></testcase><testcase classname="tests.test_quote_and_tracking.TestQuoteEndpoint" name="test_all_10_categories_return_distinct_vehicle[house_moves]" time="0.126" /><testcase classname="tests.test_quote_and_tracking.TestQuoteEndpoint" name="test_all_10_categories_return_distinct_vehicle[parcels]" time="0.128"><failure message="AssertionError: cat=parcels: got Motorcycle Courier, expected Small Van&#10;assert 'Motorcycle Courier' == 'Small Van'&#10;  &#10;  - Small Van&#10;  + Motorcycle Courier">E   AssertionError: cat=parcels: got Motorcycle Courier, expected Small Van
    assert 'Motorcycle Courier' == 'Small Van'
      
      - Small Van
      + Motorcycle Courier</failure></testcase><testcase classname="tests.test_quote_and_tracking.TestQuoteEndpoint" name="test_all_10_categories_return_distinct_vehicle[freight]" time="0.123"><failure message="AssertionError: cat=freight: got 7.5 Tonne Lorry, expected 7.5T HGV&#10;assert '7.5 Tonne Lorry' == '7.5T HGV'&#10;  &#10;  - 7.5T HGV&#10;  + 7.5 Tonne Lorry">E   AssertionError: cat=freight: got 7.5 Tonne Lorry, expected 7.5T HGV
    assert '7.5 Tonne Lorry' == '7.5T HGV'
      
      - 7.5T HGV
      + 7.5 Tonne Lorry</failure></testcase><testcase classname="tests.test_quote_and_tracking.TestQuoteEndpoint" name="test_all_10_categories_return_distinct_vehicle[documents]" time="0.134"><failure message="AssertionError: cat=documents: got Motorcycle Courier, expected Car / Bike&#10;assert 'Motorcycle Courier' == 'Car / Bike'&#10;  &#10;  - Car / Bike&#10;  + Motorcycle Courier">E   AssertionError: cat=documents: got Motorcycle Courier, expected Car / Bike
    assert 'Motorcycle Courier' == 'Car / Bike'
      
      - Car / Bike
      + Motorcycle Courier</failure></testcase><testcase classname="tests.test_quote_and_tracking.TestQuoteEndpoint" name="test_all_10_categories_return_distinct_vehicle[boats]" time="0.207"><failure message="AssertionError: cat=boats: got Recovery Truck, expected Boat Trailer&#10;assert 'Recovery Truck' == 'Boat Trailer'&#10;  &#10;  - Boat Trailer&#10;  + Recovery Truck">E   AssertionError: cat=boats: got Recovery Truck, expected Boat Trailer
    assert 'Recovery Truck' == 'Boat Trailer'
      
      - Boat Trailer
      + Recovery Truck</failure></testcase><testcase classname="tests.test_quote_and_tracking.TestQuoteEndpoint" name="test_all_10_categories_return_distinct_vehicle[machinery]" time="0.099"><failure message="AssertionError: cat=machinery: got Flatbed Truck, expected Flatbed HGV&#10;assert 'Flatbed Truck' == 'Flatbed HGV'&#10;  &#10;  - Flatbed HGV&#10;  + Flatbed Truck">E   AssertionError: cat=machinery: got Flatbed Truck, expected Flatbed HGV
    assert 'Flatbed Truck' == 'Flatbed HGV'
      
      - Flatbed HGV
      + Flatbed Truck</failure></testcase><testcase classname="tests.test_quote_and_tracking.TestQuoteEndpoint" name="test_category_multiplier_effects_price" time="0.514" /><testcase classname="tests.test_quote_and_tracking.TestQuoteEndpoint" name="test_minimum_price_floor_30" time="0.202" /><testcase classname="tests.test_quote_and_tracking.TestEnhancedTracking" name="test_requires_auth" time="1.709" /><testcase classname="tests.test_quote_and_tracking.TestEnhancedTracking" name="test_forbidden_for_other_users" time="0.425" /><testcase classname="tests.test_quote_and_tracking.TestEnhancedTracking" name="test_no_location_returns_null_fields" time="0.176" /><testcase classname="tests.test_quote_and_tracking.TestEnhancedTracking" name="test_target_pickup_when_travelling" time="1.615" /><testcase classname="tests.test_quote_and_tracking.TestEnhancedTracking" name="test_target_dropoff_when_on_route" time="3.430" /><testcase classname="tests.test_quote_and_tracking.TestRegression" name="test_auth_login_admin" time="0.323" /><testcase classname="tests.test_quote_and_tracking.TestRegression" name="test_create_job" time="0.154" /><testcase classname="tests.test_quote_and_tracking.TestRegression" name="test_create_booking_after_accept" time="0.799" /><testcase classname="tests.test_quote_and_tracking.TestRegression" name="test_booking_fees_preview_regression" time="0.098" /><testcase classname="tests.test_quote_and_tracking.TestRegression" name="test_admin_deposit_bands_list" time="0.128" /><testcase classname="tests.test_smoke_sweep" name="test_section_a_health" time="0.002" /><testcase classname="tests.test_smoke_sweep" name="test_section_b_auth" time="0.228" /><testcase classname="tests.test_smoke_sweep" name="test_section_c_catalog" time="0.008" /><testcase classname="tests.test_smoke_sweep" name="test_section_d_geo" time="0.003" /><testcase classname="tests.test_smoke_sweep" name="test_section_e_quote" time="0.000"><error message="failed on setup with &quot;file /app/backend/tests/test_smoke_sweep.py, line 137&#10;  def test_section_e_quote(admin_token):&#10;E       fixture 'admin_token' not found&#10;&gt;       available fixtures: _bootstrap_fixture_users, anyio_backend, anyio_backend_name, anyio_backend_options, api, base_url, cache, capfd, capfdbinary, caplog, capsys, capsysbinary, capteesys, doctest_namespace, free_tcp_port, free_tcp_port_factory, free_udp_port, free_udp_port_factory, monkeypatch, pytestconfig, record_property, record_testsuite_property, record_xml_attribute, recwarn, subtests, testrun_uid, tmp_path, tmp_path_factory, tmpdir, tmpdir_factory, worker_id&#10;&gt;       use 'pytest --fixtures [testpath]' for help on them.&#10;&#10;/app/backend/tests/test_smoke_sweep.py:137&quot;">file /app/backend/tests/test_smoke_sweep.py, line 137
  def test_section_e_quote(admin_token):
E       fixture 'admin_token' not found
&gt;       available fixtures: _bootstrap_fixture_users, anyio_backend, anyio_backend_name, anyio_backend_options, api, base_url, cache, capfd, capfdbinary, caplog, capsys, capsysbinary, capteesys, doctest_namespace, free_tcp_port, free_tcp_port_factory, free_udp_port, free_udp_port_factory, monkeypatch, pytestconfig, record_property, record_testsuite_property, record_xml_attribute, recwarn, subtests, testrun_uid, tmp_path, tmp_path_factory, tmpdir, tmpdir_factory, worker_id
&gt;       use 'pytest --fixtures [testpath]' for help on them.

/app/backend/tests/test_smoke_sweep.py:137</error></testcase><testcase classname="tests.test_smoke_sweep" name="test_section_f_regression" time="0.000"><error message="failed on setup with &quot;file /app/backend/tests/test_smoke_sweep.py, line 173&#10;  def test_section_f_regression(admin_token):&#10;E       fixture 'admin_token' not found&#10;&gt;       available fixtures: _bootstrap_fixture_users, anyio_backend, anyio_backend_name, anyio_backend_options, api, base_url, cache, capfd, capfdbinary, caplog, capsys, capsysbinary, capteesys, doctest_namespace, free_tcp_port, free_tcp_port_factory, free_udp_port, free_udp_port_factory, monkeypatch, pytestconfig, record_property, record_testsuite_property, record_xml_attribute, recwarn, subtests, testrun_uid, tmp_path, tmp_path_factory, tmpdir, tmpdir_factory, worker_id&#10;&gt;       use 'pytest --fixtures [testpath]' for help on them.&#10;&#10;/app/backend/tests/test_smoke_sweep.py:173&quot;">file /app/backend/tests/test_smoke_sweep.py, line 173
  def test_section_f_regression(admin_token):
E       fixture 'admin_token' not found
&gt;       available fixtures: _bootstrap_fixture_users, anyio_backend, anyio_backend_name, anyio_backend_options, api, base_url, cache, capfd, capfdbinary, caplog, capsys, capsysbinary, capteesys, doctest_namespace, free_tcp_port, free_tcp_port_factory, free_udp_port, free_udp_port_factory, monkeypatch, pytestconfig, record_property, record_testsuite_property, record_xml_attribute, recwarn, subtests, testrun_uid, tmp_path, tmp_path_factory, tmpdir, tmpdir_factory, worker_id
&gt;       use 'pytest --fixtures [testpath]' for help on them.

/app/backend/tests/test_smoke_sweep.py:173</error></testcase><testcase classname="tests.test_smoke_sweep" name="test_section_g_logs" time="0.000" /><testcase classname="tests.test_wave2_smoke" name="test_root_endpoint" time="0.099" /><testcase classname="tests.test_wave2_smoke" name="test_admin_login" time="0.271" /><testcase classname="tests.test_wave2_smoke" name="test_register_new_customer" time="0.270" /><testcase classname="tests.test_wave2_smoke" name="test_deposit_bands" time="0.051" /><testcase classname="tests.test_wave2_smoke" name="test_booking_fee_preview" time="0.051" /><testcase classname="tests.test_wave3_catalog.TestPublicCatalog" name="test_categories_returns_26_ordered" time="0.004" /><testcase classname="tests.test_wave3_catalog.TestPublicCatalog" name="test_vehicles_returns_16_ordered" time="0.003" /><testcase classname="tests.test_wave3_catalog.TestPublicCatalog" name="test_categories_include_inactive_returns_all" time="0.003" /><testcase classname="tests.test_wave3_catalog.TestRecommendVehicle" name="test_parcels_small_load" time="0.003" /><testcase classname="tests.test_wave3_catalog.TestRecommendVehicle" name="test_house_removals_needs_loading_help" time="0.003" /><testcase classname="tests.test_wave3_catalog.TestRecommendVehicle" name="test_machinery_forklift_boost" time="0.003" /><testcase classname="tests.test_wave3_catalog.TestRecommendVehicle" name="test_documents_motorcycle_first" time="0.003" /><testcase classname="tests.test_wave3_catalog.TestRecommendVehicle" name="test_unknown_category_returns_404" time="0.002" /><testcase classname="tests.test_wave3_catalog.TestRecommendVehicle" name="test_dimensions_compute_volume" time="0.003" /><testcase classname="tests.test_wave3_catalog.TestAdminCategoriesCRUD" name="test_admin_list_shows_all" time="0.229" /><testcase classname="tests.test_wave3_catalog.TestAdminCategoriesCRUD" name="test_create_update_delete_cycle" time="0.021" /><testcase classname="tests.test_wave3_catalog.TestAdminVehiclesCRUD" name="test_create_update_delete_cycle" time="0.012" /><testcase classname="tests.test_wave3_catalog.TestQuoteEstimate" name="test_legacy_category_normalized" time="0.236" /><testcase classname="tests.test_wave3_catalog.TestQuoteEstimate" name="test_shipping_containers_large_vehicle" time="0.005" /><testcase classname="tests.test_wave3_phase2.TestCapabilitiesCatalog" name="test_public_list_returns_21_active" time="0.003" /><testcase classname="tests.test_wave3_phase2.TestCapabilitiesCatalog" name="test_public_include_inactive" time="0.002" /><testcase classname="tests.test_wave3_phase2.TestCapabilitiesCatalog" name="test_admin_list_requires_admin" time="0.238" /><testcase classname="tests.test_wave3_phase2.TestCapabilitiesCatalog" name="test_admin_full_cycle" time="0.246" /><testcase classname="tests.test_wave3_phase2.TestFeaturedFlags" name="test_categories_have_featured_flag" time="0.003" /><testcase classname="tests.test_wave3_phase2.TestFeaturedFlags" name="test_vehicles_have_featured_flag" time="0.002" /><testcase classname="tests.test_wave3_phase2.TestFeaturedFlags" name="test_admin_toggle_featured_on_category" time="0.010" /><testcase classname="tests.test_wave3_phase2.TestFeaturedFlags" name="test_admin_toggle_featured_on_vehicle" time="0.007" /><testcase classname="tests.test_wave3_phase2.TestDriverFleet" name="test_full_fleet_lifecycle" time="0.029" /><testcase classname="tests.test_wave3_phase2.TestRecommenderEnhanced" name="test_required_capabilities_hard_filter" time="0.003" /><testcase classname="tests.test_wave3_phase2.TestRecommenderEnhanced" name="test_nonexistent_capability_does_not_crash" time="0.003" /><testcase classname="tests.test_wave3_phase2.TestRecommenderEnhanced" name="test_no_required_caps_baseline" time="0.003" /><testcase classname="tests.test_wave3_phase2.TestAnalyticsOverview" name="test_non_admin_forbidden" time="0.003" /><testcase classname="tests.test_wave3_phase2.TestAnalyticsOverview" name="test_admin_overview_schema" time="0.141" /><testcase classname="tests.test_wave3_phaseB_search_and_driver_dashboard.TestSearchPublic" name="test_empty_query_returns_default_marketing_pages" time="0.139" /><testcase classname="tests.test_wave3_phaseB_search_and_driver_dashboard.TestSearchPublic" name="test_query_matches_categories_and_vehicles" time="0.078" /><testcase classname="tests.test_wave3_phaseB_search_and_driver_dashboard.TestSearchPublic" name="test_malformed_jwt_does_not_crash" time="0.083" /><testcase classname="tests.test_wave3_phaseB_search_and_driver_dashboard.TestSearchDriver" name="test_driver_jobs_only_posted_or_own_assignments" time="0.451" /><testcase classname="tests.test_wave3_phaseB_search_and_driver_dashboard.TestSearchDriver" name="test_driver_dashboard_public_structure" time="0.085" /><testcase classname="tests.test_wave3_phaseB_search_and_driver_dashboard.TestSearchCustomer" name="test_customer_jobs_only_their_own" time="0.949" /><testcase classname="tests.test_wave3_phaseB_search_and_driver_dashboard.TestSearchAdmin" name="test_admin_users_populated_for_driver_query" time="0.409" /><testcase classname="tests.test_wave3_phaseB_search_and_driver_dashboard.TestSearchAdmin" name="test_admin_users_populated_for_email_domain_query" time="0.080" /><testcase classname="tests.test_wave3_phaseB_search_and_driver_dashboard.TestSearchScopeMarketing" name="test_marketing_scope_filters_admin_users" time="0.082" /><testcase classname="tests.test_wave3_phaseB_search_and_driver_dashboard.TestSearchScopeMarketing" name="test_marketing_scope_filters_driver_jobs" time="0.081" /><testcase classname="tests.test_wave3_phaseB_search_and_driver_dashboard.TestDriverDashboard" name="test_driver_dashboard_ok_schema" time="0.078" /><testcase classname="tests.test_wave3_phaseB_search_and_driver_dashboard.TestDriverDashboard" name="test_driver_dashboard_forbidden_for_customer" time="0.081" /><testcase classname="tests.test_wave3_phaseB_search_and_driver_dashboard.TestDriverDashboard" name="test_driver_dashboard_forbidden_for_admin" time="0.081" /><testcase classname="tests.test_wave3_phaseB_search_and_driver_dashboard.TestRegression" name="test_login_existing_users" time="0.926" /><testcase classname="tests.test_wave3_phaseB_search_and_driver_dashboard.TestRegression" name="test_catalog_categories" time="0.079" /><testcase classname="tests.test_wave3_phaseB_search_and_driver_dashboard.TestRegression" name="test_catalog_vehicles" time="0.075" /><testcase classname="tests.test_wave3_phaseB_search_and_driver_dashboard.TestRegression" name="test_catalog_capabilities" time="0.074" /><testcase classname="tests.test_wave3_phaseB_search_and_driver_dashboard.TestRegression" name="test_admin_stats" time="0.085" /><testcase classname="tests.test_wave3_phaseB_search_and_driver_dashboard.TestRegression" name="test_jobs_nearby" time="0.098" /><testcase classname="tests.test_wave3_prelaunch_A_driver_verification.TestAdminDriverDetail" name="test_admin_ok_schema" time="0.794" /><testcase classname="tests.test_wave3_prelaunch_A_driver_verification.TestAdminDriverDetail" name="test_403_for_driver_jwt" time="0.357" /><testcase classname="tests.test_wave3_prelaunch_A_driver_verification.TestAdminDriverDetail" name="test_403_for_customer_jwt" time="0.629" /><testcase classname="tests.test_wave3_prelaunch_A_driver_verification.TestAdminDriverDetail" name="test_404_unknown_driver" time="0.045" /><testcase classname="tests.test_wave3_prelaunch_A_driver_verification.TestAdminDriverDetail" name="test_400_non_driver_id_admin" time="0.093" /><testcase classname="tests.test_wave3_prelaunch_A_driver_verification.TestAdminDriverDetail" name="test_400_non_driver_id_customer" time="0.100" /><testcase classname="tests.test_wave3_prelaunch_A_driver_verification.TestAdminApproveHistory" name="test_approve_appends_history" time="0.171" /><testcase classname="tests.test_wave3_prelaunch_A_driver_verification.TestAdminApproveHistory" name="test_approve_404_unknown" time="0.049" /><testcase classname="tests.test_wave3_prelaunch_A_driver_verification.TestAdminSuspend" name="test_suspend_with_reason" time="0.251" /><testcase classname="tests.test_wave3_prelaunch_A_driver_verification.TestAdminSuspend" name="test_suspend_empty_body_still_ok" time="0.154" /><testcase classname="tests.test_wave3_prelaunch_A_driver_verification.TestAdminSuspend" name="test_suspend_forbidden_for_non_admin" time="0.043" /><testcase classname="tests.test_wave3_prelaunch_A_driver_verification.TestAdminRequestChanges" name="test_request_changes_ok" time="0.155" /><testcase classname="tests.test_wave3_prelaunch_A_driver_verification.TestAdminRequestChanges" name="test_request_changes_reason_too_short" time="0.046" /><testcase classname="tests.test_wave3_prelaunch_A_driver_verification.TestAdminRequestChanges" name="test_request_changes_non_driver_target" time="0.049" /><testcase classname="tests.test_wave3_prelaunch_A_driver_verification.TestAdminRequestChanges" name="test_request_changes_unknown_user" time="0.047" /><testcase classname="tests.test_wave3_prelaunch_A_driver_verification.TestAdminRequestChanges" name="test_request_changes_forbidden_for_non_admin" time="0.048" /><testcase classname="tests.test_wave3_prelaunch_A_driver_verification.TestDriverResubmit" name="test_resubmit_from_changes_requested" time="0.475" /><testcase classname="tests.test_wave3_prelaunch_A_driver_verification.TestDriverResubmit" name="test_resubmit_400_when_not_in_changes_requested" time="0.376" /><testcase classname="tests.test_wave3_prelaunch_A_driver_verification.TestDriverResubmit" name="test_resubmit_401_missing_token" time="0.048" /><testcase classname="tests.test_wave3_prelaunch_A_driver_verification.TestDriverResubmit" name="test_resubmit_400_when_not_driver" time="0.050" /><testcase classname="tests.test_wave3_prelaunch_A_driver_verification.TestAuthMeNewFields" name="test_me_reflects_changes_requested" time="0.500" /><testcase classname="tests.test_wave3_prelaunch_A_driver_verification.TestFullStateMachine" name="test_approve_suspend_approve_request_resubmit" time="0.733" /><testcase classname="tests.test_wave3_prelaunch_B_international_routes.TestGeoMarkets" name="test_markets_returns_16_entries_and_gb_configured" time="0.158" /><testcase classname="tests.test_wave3_prelaunch_B_international_routes.TestGeoMarkets" name="test_markets_shape_has_required_fields" time="0.071" /><testcase classname="tests.test_wave3_prelaunch_B_international_routes.TestGeoMarkets" name="test_markets_is_public_no_auth_required" time="0.118" /><testcase classname="tests.test_wave3_prelaunch_B_international_routes.TestGeoAutocomplete" name="test_short_query_returns_empty_manual" time="0.070" /><testcase classname="tests.test_wave3_prelaunch_B_international_routes.TestGeoAutocomplete" name="test_empty_query_returns_empty_manual" time="0.072" /><testcase classname="tests.test_wave3_prelaunch_B_international_routes.TestGeoAutocomplete" name="test_no_google_key_fallback_returns_manual" time="0.072" /><testcase classname="tests.test_wave3_prelaunch_B_international_routes.TestGeoAutocomplete" name="test_autocomplete_is_public_no_auth_required" time="0.114" /><testcase classname="tests.test_wave3_prelaunch_B_international_routes.TestQuoteEstimate" name="test_requires_auth" time="0.068" /><testcase classname="tests.test_wave3_prelaunch_B_international_routes.TestQuoteEstimate" name="test_uk_to_uk_with_country_codes" time="0.365" /><testcase classname="tests.test_wave3_prelaunch_B_international_routes.TestQuoteEstimate" name="test_gb_to_ie_international" time="0.075" /><testcase classname="tests.test_wave3_prelaunch_B_international_routes.TestQuoteEstimate" name="test_fr_to_fr_domestic_other" time="0.083" /><testcase classname="tests.test_wave3_prelaunch_B_international_routes.TestQuoteEstimate" name="test_legacy_no_country_codes_defaults_uk" time="0.075" /><testcase classname="tests.test_wave3_prelaunch_B_international_routes.TestQuoteEstimate" name="test_unsupported_country_dropoff" time="0.079" /><testcase classname="tests.test_wave3_prelaunch_B_international_routes.TestJobsIntlAddressing" name="test_uk_only_no_country_codes_posted" time="0.145" /><testcase classname="tests.test_wave3_prelaunch_B_international_routes.TestJobsIntlAddressing" name="test_gb_to_ie_awaiting_manual_quote" time="0.149" /></testsuite></testsuites>