<?xml version="1.0" encoding="utf-8"?><testsuites name="pytest tests"><testsuite name="pytest" errors="0" failures="0" skipped="0" tests="21" time="5.924" timestamp="2026-07-16T19:50:26.392443+00:00" hostname="agent-env-578267fa-29cc-40ab-a485-bcfc402afbb0"><testcase classname="backend.tests.test_phase22_trust_delivery.TestDocumentUpload" name="test_upload_all_six_doc_types" time="0.967" /><testcase classname="backend.tests.test_phase22_trust_delivery.TestDocumentUpload" name="test_invalid_doc_type_400" time="0.077" /><testcase classname="backend.tests.test_phase22_trust_delivery.TestDocumentUpload" name="test_profile_photo_sets_user_profile_photo" time="0.150" /><testcase classname="backend.tests.test_phase22_trust_delivery.TestDocumentUpload" name="test_reupload_deactivates_previous" time="0.229" /><testcase classname="backend.tests.test_phase22_trust_delivery.TestDocumentUpload" name="test_list_documents_shape" time="0.074" /><testcase classname="backend.tests.test_phase22_trust_delivery.TestDocumentUpload" name="test_get_document_by_id_includes_base64" time="0.153" /><testcase classname="backend.tests.test_phase22_trust_delivery.TestAdminDocReview" name="test_admin_list_user_docs" time="0.442" /><testcase classname="backend.tests.test_phase22_trust_delivery.TestAdminDocReview" name="test_admin_list_forbidden_for_driver" time="0.067" /><testcase classname="backend.tests.test_phase22_trust_delivery.TestAdminDocReview" name="test_reject_doc_stores_reason_and_notifies" time="0.382" /><testcase classname="backend.tests.test_phase22_trust_delivery.TestAdminDocReview" name="test_approve_all_activates_driver" time="0.635" /><testcase classname="backend.tests.test_phase22_trust_delivery.TestVerifiedDriverFlag" name="test_before_first_job_false" time="0.084" /><testcase classname="backend.tests.test_phase22_trust_delivery.TestVerifiedDriverFlag" name="test_after_completed_booking_true" time="0.728" /><testcase classname="backend.tests.test_phase22_trust_delivery.TestVerifiedDriverFlag" name="test_non_driver_never_verified" time="0.072" /><testcase classname="backend.tests.test_phase22_trust_delivery.TestVerifiedDriverFlag" name="test_pending_driver_not_verified" time="0.382" /><testcase classname="backend.tests.test_phase22_trust_delivery.TestPublicProfile" name="test_public_profile_fields" time="0.073" /><testcase classname="backend.tests.test_phase22_trust_delivery.TestPODAndReview" name="test_pod_stores_photos_and_signature" time="0.538" /><testcase classname="backend.tests.test_phase22_trust_delivery.TestBidVerifiedFlag" name="test_bid_list_includes_verified_flag" time="0.290" /><testcase classname="backend.tests.test_phase22_trust_delivery.TestNoRegression" name="test_login" time="0.304" /><testcase classname="backend.tests.test_phase22_trust_delivery.TestNoRegression" name="test_booking_fees_preview" time="0.083" /><testcase classname="backend.tests.test_phase22_trust_delivery.TestNoRegression" name="test_quote_estimate" time="0.077" /><testcase classname="backend.tests.test_phase22_trust_delivery.TestNoRegression" name="test_admin_deposit_bands" time="0.094" /></testsuite></testsuites>