<?xml version="1.0" encoding="utf-8"?><testsuites name="pytest tests"><testsuite name="pytest" errors="0" failures="7" skipped="0" tests="21" time="4.783" timestamp="2026-07-16T19:47:57.010334+00:00" hostname="agent-env-578267fa-29cc-40ab-a485-bcfc402afbb0"><testcase classname="backend.tests.test_phase22_trust_delivery.TestDocumentUpload" name="test_upload_all_six_doc_types" time="1.106" /><testcase classname="backend.tests.test_phase22_trust_delivery.TestDocumentUpload" name="test_invalid_doc_type_400" time="0.052" /><testcase classname="backend.tests.test_phase22_trust_delivery.TestDocumentUpload" name="test_profile_photo_sets_user_profile_photo" time="0.098"><failure message="AssertionError: assert None == 'iVBORw0KGgoAAAANSUhEUgAAAAEAAAABCAQAAAC1HAwCAAAAC0lEQVR4nGNgAAIAAAUAAeIVWDAAAAAASUVORK5CYII='&#10; +  where None = &lt;built-in method get of dict object at 0xf8432c1a69c0&gt;('profile_photo')&#10; +    where &lt;built-in method get of dict object at 0xf8432c1a69c0&gt; = {'id': '9079165d-fcb1-4049-a880-0c12ccbba7f8', 'email': 'test_driver_e727731c@example.com', 'name': 'T driver', 'phone': None, ...}.get&#10; +      where {'id': '9079165d-fcb1-4049-a880-0c12ccbba7f8', 'email': 'test_driver_e727731c@example.com', 'name': 'T driver', 'phone': None, ...} = json()&#10; +        where json = &lt;Response [200]&gt;.json">backend/tests/test_phase22_trust_delivery.py:117: in test_profile_photo_sets_user_profile_photo
    assert me.json().get("profile_photo") == TINY_PNG_B64
E   AssertionError: assert None == 'iVBORw0KGgoAAAANSUhEUgAAAAEAAAABCAQAAAC1HAwCAAAAC0lEQVR4nGNgAAIAAAUAAeIVWDAAAAAASUVORK5CYII='
E    +  where None = &lt;built-in method get of dict object at 0xf8432c1a69c0&gt;('profile_photo')
E    +    where &lt;built-in method get of dict object at 0xf8432c1a69c0&gt; = {'id': '9079165d-fcb1-4049-a880-0c12ccbba7f8', 'email': 'test_driver_e727731c@example.com', 'name': 'T driver', 'phone': None, ...}.get
E    +      where {'id': '9079165d-fcb1-4049-a880-0c12ccbba7f8', 'email': 'test_driver_e727731c@example.com', 'name': 'T driver', 'phone': None, ...} = json()
E    +        where json = &lt;Response [200]&gt;.json</failure></testcase><testcase classname="backend.tests.test_phase22_trust_delivery.TestDocumentUpload" name="test_reupload_deactivates_previous" time="0.147" /><testcase classname="backend.tests.test_phase22_trust_delivery.TestDocumentUpload" name="test_list_documents_shape" time="0.050" /><testcase classname="backend.tests.test_phase22_trust_delivery.TestDocumentUpload" name="test_get_document_by_id_includes_base64" time="0.095" /><testcase classname="backend.tests.test_phase22_trust_delivery.TestAdminDocReview" name="test_admin_list_user_docs" time="0.381" /><testcase classname="backend.tests.test_phase22_trust_delivery.TestAdminDocReview" name="test_admin_list_forbidden_for_driver" time="0.045" /><testcase classname="backend.tests.test_phase22_trust_delivery.TestAdminDocReview" name="test_reject_doc_stores_reason_and_notifies" time="0.280" /><testcase classname="backend.tests.test_phase22_trust_delivery.TestAdminDocReview" name="test_approve_all_activates_driver" time="0.435" /><testcase classname="backend.tests.test_phase22_trust_delivery.TestVerifiedDriverFlag" name="test_before_first_job_false" time="0.049"><failure message="AssertionError: assert None is False&#10; +  where None = &lt;built-in method get of dict object at 0xf8432c16b740&gt;('verified_driver')&#10; +    where &lt;built-in method get of dict object at 0xf8432c16b740&gt; = {'id': '9079165d-fcb1-4049-a880-0c12ccbba7f8', 'email': 'test_driver_e727731c@example.com', 'name': 'T driver', 'phone': None, ...}.get&#10; +      where {'id': '9079165d-fcb1-4049-a880-0c12ccbba7f8', 'email': 'test_driver_e727731c@example.com', 'name': 'T driver', 'phone': None, ...} = json()&#10; +        where json = &lt;Response [200]&gt;.json">backend/tests/test_phase22_trust_delivery.py:231: in test_before_first_job_false
    assert prof.json().get("verified_driver") is False
E   AssertionError: assert None is False
E    +  where None = &lt;built-in method get of dict object at 0xf8432c16b740&gt;('verified_driver')
E    +    where &lt;built-in method get of dict object at 0xf8432c16b740&gt; = {'id': '9079165d-fcb1-4049-a880-0c12ccbba7f8', 'email': 'test_driver_e727731c@example.com', 'name': 'T driver', 'phone': None, ...}.get
E    +      where {'id': '9079165d-fcb1-4049-a880-0c12ccbba7f8', 'email': 'test_driver_e727731c@example.com', 'name': 'T driver', 'phone': None, ...} = json()
E    +        where json = &lt;Response [200]&gt;.json</failure></testcase><testcase classname="backend.tests.test_phase22_trust_delivery.TestVerifiedDriverFlag" name="test_after_completed_booking_true" time="0.578"><failure message="AssertionError: {'id': '9079165d-fcb1-4049-a880-0c12ccbba7f8', 'email': 'test_driver_e727731c@example.com', 'name': 'T driver', 'phone': None, ...}&#10;assert None is True&#10; +  where None = &lt;built-in method get of dict object at 0xf8432c2c6f40&gt;('verified_driver')&#10; +    where &lt;built-in method get of dict object at 0xf8432c2c6f40&gt; = {'id': '9079165d-fcb1-4049-a880-0c12ccbba7f8', 'email': 'test_driver_e727731c@example.com', 'name': 'T driver', 'phone': None, ...}.get">backend/tests/test_phase22_trust_delivery.py:272: in test_after_completed_booking_true
    assert prof.get("verified_driver") is True, prof
E   AssertionError: {'id': '9079165d-fcb1-4049-a880-0c12ccbba7f8', 'email': 'test_driver_e727731c@example.com', 'name': 'T driver', 'phone': None, ...}
E   assert None is True
E    +  where None = &lt;built-in method get of dict object at 0xf8432c2c6f40&gt;('verified_driver')
E    +    where &lt;built-in method get of dict object at 0xf8432c2c6f40&gt; = {'id': '9079165d-fcb1-4049-a880-0c12ccbba7f8', 'email': 'test_driver_e727731c@example.com', 'name': 'T driver', 'phone': None, ...}.get</failure></testcase><testcase classname="backend.tests.test_phase22_trust_delivery.TestVerifiedDriverFlag" name="test_non_driver_never_verified" time="0.050"><failure message="AssertionError: assert None is False&#10; +  where None = &lt;built-in method get of dict object at 0xf8432c2a5500&gt;('verified_driver')&#10; +    where &lt;built-in method get of dict object at 0xf8432c2a5500&gt; = {'id': '1f068561-c3a6-4c4c-aa11-e8bb035b1197', 'email': 'test_customer_d1a441f2@example.com', 'name': 'T customer', 'phone': None, ...}.get">backend/tests/test_phase22_trust_delivery.py:282: in test_non_driver_never_verified
    assert prof.get("verified_driver") is False
E   AssertionError: assert None is False
E    +  where None = &lt;built-in method get of dict object at 0xf8432c2a5500&gt;('verified_driver')
E    +    where &lt;built-in method get of dict object at 0xf8432c2a5500&gt; = {'id': '1f068561-c3a6-4c4c-aa11-e8bb035b1197', 'email': 'test_customer_d1a441f2@example.com', 'name': 'T customer', 'phone': None, ...}.get</failure></testcase><testcase classname="backend.tests.test_phase22_trust_delivery.TestVerifiedDriverFlag" name="test_pending_driver_not_verified" time="0.331"><failure message="AssertionError: assert None is False&#10; +  where None = &lt;built-in method get of dict object at 0xf8432c119f00&gt;('verified_driver')&#10; +    where &lt;built-in method get of dict object at 0xf8432c119f00&gt; = {'id': 'f413b158-ac9f-4ce6-84fd-b68280d0e3ab', 'email': 'test_driver_3975d53c@example.com', 'name': 'T driver', 'phone': None, ...}.get">backend/tests/test_phase22_trust_delivery.py:291: in test_pending_driver_not_verified
    assert prof.get("verified_driver") is False
E   AssertionError: assert None is False
E    +  where None = &lt;built-in method get of dict object at 0xf8432c119f00&gt;('verified_driver')
E    +    where &lt;built-in method get of dict object at 0xf8432c119f00&gt; = {'id': 'f413b158-ac9f-4ce6-84fd-b68280d0e3ab', 'email': 'test_driver_3975d53c@example.com', 'name': 'T driver', 'phone': None, ...}.get</failure></testcase><testcase classname="backend.tests.test_phase22_trust_delivery.TestPublicProfile" name="test_public_profile_fields" time="0.050"><failure message="AssertionError: ('verified_driver', {'id': '9079165d-fcb1-4049-a880-0c12ccbba7f8', 'email': 'test_driver_e727731c@example.com', 'name': 'T driver', 'phone': None, ...})&#10;assert 'verified_driver' in {'id': '9079165d-fcb1-4049-a880-0c12ccbba7f8', 'email': 'test_driver_e727731c@example.com', 'name': 'T driver', 'phone': None, ...}">backend/tests/test_phase22_trust_delivery.py:307: in test_public_profile_fields
    assert k in body, (k, body)
E   AssertionError: ('verified_driver', {'id': '9079165d-fcb1-4049-a880-0c12ccbba7f8', 'email': 'test_driver_e727731c@example.com', 'name': 'T driver', 'phone': None, ...})
E   assert 'verified_driver' in {'id': '9079165d-fcb1-4049-a880-0c12ccbba7f8', 'email': 'test_driver_e727731c@example.com', 'name': 'T driver', 'phone': None, ...}</failure></testcase><testcase classname="backend.tests.test_phase22_trust_delivery.TestPODAndReview" name="test_pod_stores_photos_and_signature" time="0.356" /><testcase classname="backend.tests.test_phase22_trust_delivery.TestBidVerifiedFlag" name="test_bid_list_includes_verified_flag" time="0.152"><failure message="AssertionError: {'id': '54ea6d8f-1aa0-4d49-b419-71431ed3c641', 'job_id': 'f06faa49-21f3-41f9-9317-9ce20a5ee06c', 'driver_id': '9079165d-fcb1-4049-a880-0c12ccbba7f8', 'driver_name': 'T driver', ...}&#10;assert False is True">backend/tests/test_phase22_trust_delivery.py:385: in test_bid_list_includes_verified_flag
    assert bids[0]["verified_driver"] is True, bids[0]
E   AssertionError: {'id': '54ea6d8f-1aa0-4d49-b419-71431ed3c641', 'job_id': 'f06faa49-21f3-41f9-9317-9ce20a5ee06c', 'driver_id': '9079165d-fcb1-4049-a880-0c12ccbba7f8', 'driver_name': 'T driver', ...}
E   assert False is True</failure></testcase><testcase classname="backend.tests.test_phase22_trust_delivery.TestNoRegression" name="test_login" time="0.270" /><testcase classname="backend.tests.test_phase22_trust_delivery.TestNoRegression" name="test_booking_fees_preview" time="0.050" /><testcase classname="backend.tests.test_phase22_trust_delivery.TestNoRegression" name="test_quote_estimate" time="0.055" /><testcase classname="backend.tests.test_phase22_trust_delivery.TestNoRegression" name="test_admin_deposit_bands" time="0.049" /></testsuite></testsuites>