<?xml version="1.0" encoding="utf-8"?><testsuites name="pytest tests"><testsuite name="pytest" errors="0" failures="0" skipped="0" tests="24" time="18.275" timestamp="2026-07-22T14:56:44.669131+00:00" hostname="agent-env-b80cdd74-988f-432a-a6ab-4527ecf6944f"><testcase classname="tests.test_prod_acceptance.TestDeploymentSanity" name="test_api_health" time="0.818" /><testcase classname="tests.test_prod_acceptance.TestDeploymentSanity" name="test_homepage_200" time="0.429" /><testcase classname="tests.test_prod_acceptance.TestDeploymentSanity" name="test_www_redirect" time="0.208" /><testcase classname="tests.test_prod_acceptance.TestDeploymentSanity" name="test_spa_deeplink" time="3.507" /><testcase classname="tests.test_prod_acceptance.TestDeploymentSanity" name="test_cors_strict" time="0.174" /><testcase classname="tests.test_prod_acceptance.TestAuthProduction" name="test_register_customer" time="1.734" /><testcase classname="tests.test_prod_acceptance.TestAuthProduction" name="test_register_driver" time="1.742" /><testcase classname="tests.test_prod_acceptance.TestAuthProduction" name="test_admin_login" time="1.622" /><testcase classname="tests.test_prod_acceptance.TestAuthProduction" name="test_logout_clears_session" time="2.218" /><testcase classname="tests.test_prod_acceptance.TestAuthProduction" name="test_bad_login" time="1.745" /><testcase classname="tests.test_prod_acceptance.TestAuthProduction" name="test_duplicate_register" time="0.150" /><testcase classname="tests.test_prod_acceptance.TestAuthProduction" name="test_unauth_me" time="0.605" /><testcase classname="tests.test_prod_acceptance.TestRBAC" name="test_customer_cannot_admin" time="0.213" /><testcase classname="tests.test_prod_acceptance.TestRBAC" name="test_driver_cannot_admin" time="0.095" /><testcase classname="tests.test_prod_acceptance.TestRBAC" name="test_customer_cannot_driver_jobs" time="0.100" /><testcase classname="tests.test_prod_acceptance.TestE2EJobFlow" name="test_a_customer_creates_job" time="0.162" /><testcase classname="tests.test_prod_acceptance.TestE2EJobFlow" name="test_b_admin_approves_driver" time="0.101" /><testcase classname="tests.test_prod_acceptance.TestE2EJobFlow" name="test_c_driver_bids" time="1.672" /><testcase classname="tests.test_prod_acceptance.TestE2EJobFlow" name="test_d_customer_accepts_bid_and_booking" time="0.342" /><testcase classname="tests.test_prod_acceptance.TestE2EJobFlow" name="test_e_admin_sees_booking" time="0.175" /><testcase classname="tests.test_prod_acceptance.TestE2EJobFlow" name="test_f_data_consistency" time="0.091" /><testcase classname="tests.test_prod_acceptance.TestNegative" name="test_invalid_booking" time="0.227" /><testcase classname="tests.test_prod_acceptance.TestNegative" name="test_pickup_equals_dropoff_gate" time="0.091" /><testcase classname="tests.test_prod_acceptance" name="test_final_report" time="0.000" /></testsuite></testsuites>