<?xml version="1.0" encoding="utf-8"?><testsuites name="pytest tests"><testsuite name="pytest" errors="0" failures="0" skipped="0" tests="36" time="7.225" timestamp="2026-07-15T17:51:25.261089+00:00" hostname="agent-env-578267fa-29cc-40ab-a485-bcfc402afbb0"><testcase classname="backend.tests.test_cargoone_api.TestHealth" name="test_root" time="0.154" /><testcase classname="backend.tests.test_cargoone_api.TestAuth" name="test_register_customer" time="0.344" /><testcase classname="backend.tests.test_cargoone_api.TestAuth" name="test_register_driver_pending" time="0.329" /><testcase classname="backend.tests.test_cargoone_api.TestAuth" name="test_register_duplicate_email" time="0.106" /><testcase classname="backend.tests.test_cargoone_api.TestAuth" name="test_login_admin_seeded" time="0.338" /><testcase classname="backend.tests.test_cargoone_api.TestAuth" name="test_login_invalid" time="0.328" /><testcase classname="backend.tests.test_cargoone_api.TestAuth" name="test_me_returns_current_user" time="0.096" /><testcase classname="backend.tests.test_cargoone_api.TestAuth" name="test_me_no_token" time="0.094" /><testcase classname="backend.tests.test_cargoone_api.TestAdminApprove" name="test_admin_stats_requires_admin" time="0.102" /><testcase classname="backend.tests.test_cargoone_api.TestAdminApprove" name="test_admin_stats_ok" time="0.118" /><testcase classname="backend.tests.test_cargoone_api.TestAdminApprove" name="test_admin_list_drivers" time="0.098" /><testcase classname="backend.tests.test_cargoone_api.TestAdminApprove" name="test_admin_approve_driver" time="0.376" /><testcase classname="backend.tests.test_cargoone_api.TestJobs" name="test_customer_creates_fixed_job" time="0.100" /><testcase classname="backend.tests.test_cargoone_api.TestJobs" name="test_customer_creates_bidding_job" time="0.093" /><testcase classname="backend.tests.test_cargoone_api.TestJobs" name="test_jobs_mine" time="0.104" /><testcase classname="backend.tests.test_cargoone_api.TestJobs" name="test_jobs_nearby_driver_privacy" time="0.110" /><testcase classname="backend.tests.test_cargoone_api.TestJobs" name="test_jobs_nearby_forbidden_for_customer" time="0.100" /><testcase classname="backend.tests.test_cargoone_api.TestJobs" name="test_driver_accepts_fixed" time="0.164" /><testcase classname="backend.tests.test_cargoone_api.TestJobs" name="test_driver_cannot_accept_bidding_job" time="0.098" /><testcase classname="backend.tests.test_cargoone_api.TestBids" name="test_submit_bid" time="0.107" /><testcase classname="backend.tests.test_cargoone_api.TestBids" name="test_list_bids_as_customer" time="0.101" /><testcase classname="backend.tests.test_cargoone_api.TestBids" name="test_accept_bid" time="0.159" /><testcase classname="backend.tests.test_cargoone_api.TestBookings" name="test_create_booking" time="0.093" /><testcase classname="backend.tests.test_cargoone_api.TestBookings" name="test_create_booking_idempotent" time="0.108" /><testcase classname="backend.tests.test_cargoone_api.TestBookings" name="test_deposit_session_creation" time="0.700" /><testcase classname="backend.tests.test_cargoone_api.TestBookings" name="test_payment_status_unpaid" time="0.431" /><testcase classname="backend.tests.test_cargoone_api.TestBookings" name="test_payment_status_bad_session" time="0.098" /><testcase classname="backend.tests.test_cargoone_api.TestBookings" name="test_bookings_mine_privacy" time="0.121" /><testcase classname="backend.tests.test_cargoone_api.TestBookings" name="test_messages_blocked_before_payment" time="0.163" /><testcase classname="backend.tests.test_cargoone_api.TestPostPaymentFeatures" name="test_booking_privacy_after_payment" time="0.199" /><testcase classname="backend.tests.test_cargoone_api.TestPostPaymentFeatures" name="test_send_message_after_payment" time="0.159" /><testcase classname="backend.tests.test_cargoone_api.TestPostPaymentFeatures" name="test_tracking_update_and_get" time="0.216" /><testcase classname="backend.tests.test_cargoone_api.TestPostPaymentFeatures" name="test_booking_status_update" time="0.286" /><testcase classname="backend.tests.test_cargoone_api.TestPostPaymentFeatures" name="test_pod_upload_and_get" time="0.158" /><testcase classname="backend.tests.test_cargoone_api.TestPostPaymentFeatures" name="test_review_after_pod" time="0.131" /><testcase classname="backend.tests.test_cargoone_api.TestAdminSuspend" name="test_suspend_driver" time="0.647" /></testsuite></testsuites>