<?xml version="1.0" encoding="utf-8"?><testsuites name="pytest tests"><testsuite name="pytest" errors="0" failures="0" skipped="0" tests="17" time="13.785" timestamp="2026-08-08T14:33:53.338611+00:00" hostname="agent-env-b80cdd74-988f-432a-a6ab-4527ecf6944f"><testcase classname="tests.test_final_qa_r10" name="test_fixed_price_accept_returns_ok" time="1.785" /><testcase classname="tests.test_final_qa_r10" name="test_fixed_price_accepted_job_still_visible_for_customer" time="1.012" /><testcase classname="tests.test_final_qa_r10" name="test_fixed_price_accept_pushes_customer_notification_with_job_id" time="1.504" /><testcase classname="tests.test_final_qa_r10" name="test_fixed_price_accept_writes_customer_email_log_row" time="0.914" /><testcase classname="tests.test_final_qa_r10" name="test_admin_job_detail_envelope" time="0.902" /><testcase classname="tests.test_final_qa_r10" name="test_admin_job_detail_derives_recommended_vehicle_for_historic" time="0.879" /><testcase classname="tests.test_final_qa_r10" name="test_admin_job_detail_404_for_missing" time="0.440" /><testcase classname="tests.test_final_qa_r10" name="test_admin_users_role_filter_customer_only" time="0.453" /><testcase classname="tests.test_final_qa_r10" name="test_admin_users_role_filter_driver_only" time="0.538" /><testcase classname="tests.test_final_qa_r10" name="test_admin_users_no_filter_returns_all_roles" time="0.808" /><testcase classname="tests.test_final_qa_r10" name="test_admin_user_detail_customer" time="0.890" /><testcase classname="tests.test_final_qa_r10" name="test_admin_user_detail_driver" time="0.771" /><testcase classname="tests.test_final_qa_r10" name="test_admin_user_detail_404" time="0.444" /><testcase classname="tests.test_final_qa_r10" name="test_admin_reply_contact_message_success" time="0.435" /><testcase classname="tests.test_final_qa_r10" name="test_admin_reply_rejects_short_body" time="0.446" /><testcase classname="tests.test_final_qa_r10" name="test_admin_reply_404_for_missing_message" time="0.436" /><testcase classname="tests.test_final_qa_r10" name="test_admin_endpoints_reject_customer" time="0.670" /></testsuite></testsuites>