<?xml version="1.0" encoding="utf-8"?><testsuites name="pytest tests"><testsuite name="pytest" errors="0" failures="0" skipped="0" tests="23" time="24.006" timestamp="2026-08-05T14:11:58.439848+00:00" hostname="agent-env-b80cdd74-988f-432a-a6ab-4527ecf6944f"><testcase classname="tests.test_final_qa_r6" name="test_radius_ladder_bands[0-10.0]" time="2.514" /><testcase classname="tests.test_final_qa_r6" name="test_radius_ladder_bands[30-20.0]" time="0.665" /><testcase classname="tests.test_final_qa_r6" name="test_radius_ladder_bands[90-40.0]" time="0.584" /><testcase classname="tests.test_final_qa_r6" name="test_radius_ladder_bands[180-75.0]" time="0.682" /><testcase classname="tests.test_final_qa_r6" name="test_radius_ladder_bands[300-500.0]" time="0.606" /><testcase classname="tests.test_final_qa_r6" name="test_radius_ladder_bands[900-500.0]" time="0.614" /><testcase classname="tests.test_final_qa_r6" name="test_radius_ladder_no_dispatch_ready_defaults_to_first_band" time="0.643" /><testcase classname="tests.test_final_qa_r6" name="test_dispatch_log_offline_reason_written" time="0.470" /><testcase classname="tests.test_final_qa_r6" name="test_dispatch_log_offered_and_out_of_radius" time="1.400" /><testcase classname="tests.test_final_qa_r6" name="test_dispatch_log_busy_when_driver_has_active_asap" time="1.216" /><testcase classname="tests.test_final_qa_r6" name="test_e2e_driver_outside_radius_becomes_eligible_after_escalation" time="1.226" /><testcase classname="tests.test_final_qa_r6" name="test_driver_own_radius_cap_narrows_inbox" time="1.068" /><testcase classname="tests.test_final_qa_r6" name="test_admin_dispatch_active_shape_and_auth" time="1.091" /><testcase classname="tests.test_final_qa_r6" name="test_admin_dispatch_log_endpoint" time="1.699" /><testcase classname="tests.test_final_qa_r6" name="test_customer_dispatch_state_enrichment" time="0.593" /><testcase classname="tests.test_final_qa_r6" name="test_customer_dispatch_state_anonymous_blocked" time="0.200" /><testcase classname="tests.test_final_qa_r6" name="test_persistent_queue_no_removal_at_nationwide_band" time="1.009" /><testcase classname="tests.test_final_qa_r6" name="test_cancel_removes_job_from_active_queue" time="1.123" /><testcase classname="tests.test_final_qa_r6" name="test_e2e_transport_asap_claim_flow" time="1.683" /><testcase classname="tests.test_final_qa_r6" name="test_e2e_recovery_asap_requires_capability_and_dispatches" time="1.062" /><testcase classname="tests.test_final_qa_r6" name="test_recovery_driver_without_capability_excluded" time="1.130" /><testcase classname="tests.test_final_qa_r6" name="test_multi_driver_near_wins_far_only_after_escalation" time="1.790" /><testcase classname="tests.test_final_qa_r6" name="test_zzz_cleanup" time="0.004" /></testsuite></testsuites>