<?xml version="1.0" encoding="utf-8"?><testsuites name="pytest tests"><testsuite name="pytest" errors="0" failures="1" skipped="0" tests="8" time="7.184" timestamp="2026-08-07T19:30:21.270265+00:00" hostname="agent-env-b80cdd74-988f-432a-a6ab-4527ecf6944f"><testcase classname="tests.test_final_qa_r7" name="test_render_driver_booking_accepted_shape" time="0.797" /><testcase classname="tests.test_final_qa_r7" name="test_render_driver_booking_accepted_missing_phone_and_amount" time="0.000" /><testcase classname="tests.test_final_qa_r7" name="test_asap_claim_wires_driver_booking_accepted_email_once" time="1.082" /><testcase classname="tests.test_final_qa_r7" name="test_asap_claim_is_idempotent_and_does_not_double_log" time="3.128" /><testcase classname="tests.test_final_qa_r7" name="test_finalise_paid_deposit_wires_driver_email_for_non_asap" time="0.001" /><testcase classname="tests.test_final_qa_r7" name="test_driver_email_helper_writes_email_log_row_when_invoked_directly" time="0.013" /><testcase classname="tests.test_final_qa_r7" name="test_live_offers_exposes_acceptance_info_fields" time="1.046"><failure message="AssertionError: offer missing transport_category — AcceptanceInfo cannot render Transport Item on driver Live popup: {'job_id': '07a48e3a-5561-4220-81d0-62fbdcc3265b', 'title': 'QAR7-OFFERS', 'category': 'parcels', 'service_type': 'transport', 'distance_to_pickup_miles': 0.0, 'pickup_town': 'London', 'pickup_address': 'Pickup Rd', 'pickup_lat': 51.51, 'pickup_lng': -0.1, 'dropoff_lat': 51.55, 'dropoff_lng': -0.08, 'dropoff_town': 'London', 'dropoff_address': 'Drop Rd', 'distance_miles': 2.9, 'duration_minutes': None, 'vehicle_label': 'Large Van', 'accepted_price': 250.0, 'vehicle_details': None, 'customer_note': None, 'photos': [], 'dispatch_ready_at': '2026-08-07T19:30:27.322150+00:00', 'current_search_radius_miles': 10.0, 'waiting_seconds': 0}&#10;assert None == 'pallet'&#10; +  where None = &lt;built-in method get of dict object at 0xf8d0a81cef40&gt;('transport_category')&#10; +    where &lt;built-in method get of dict object at 0xf8d0a81cef40&gt; = {'job_id': '07a48e3a-5561-4220-81d0-62fbdcc3265b', 'title': 'QAR7-OFFERS', 'category': 'parcels', 'service_type': 'transport', ...}.get">tests/test_final_qa_r7.py:392: in test_live_offers_exposes_acceptance_info_fields
    assert o.get("transport_category") == "pallet", (
E   AssertionError: offer missing transport_category — AcceptanceInfo cannot render Transport Item on driver Live popup: {'job_id': '07a48e3a-5561-4220-81d0-62fbdcc3265b', 'title': 'QAR7-OFFERS', 'category': 'parcels', 'service_type': 'transport', 'distance_to_pickup_miles': 0.0, 'pickup_town': 'London', 'pickup_address': 'Pickup Rd', 'pickup_lat': 51.51, 'pickup_lng': -0.1, 'dropoff_lat': 51.55, 'dropoff_lng': -0.08, 'dropoff_town': 'London', 'dropoff_address': 'Drop Rd', 'distance_miles': 2.9, 'duration_minutes': None, 'vehicle_label': 'Large Van', 'accepted_price': 250.0, 'vehicle_details': None, 'customer_note': None, 'photos': [], 'dispatch_ready_at': '2026-08-07T19:30:27.322150+00:00', 'current_search_radius_miles': 10.0, 'waiting_seconds': 0}
E   assert None == 'pallet'
E    +  where None = &lt;built-in method get of dict object at 0xf8d0a81cef40&gt;('transport_category')
E    +    where &lt;built-in method get of dict object at 0xf8d0a81cef40&gt; = {'job_id': '07a48e3a-5561-4220-81d0-62fbdcc3265b', 'title': 'QAR7-OFFERS', 'category': 'parcels', 'service_type': 'transport', ...}.get</failure></testcase><testcase classname="tests.test_final_qa_r7" name="test_recovery_offer_exposes_vehicle_details" time="0.986" /></testsuite></testsuites>