<?xml version="1.0" encoding="utf-8"?><testsuites name="pytest tests"><testsuite name="pytest" errors="0" failures="0" skipped="0" tests="9" time="6.507" timestamp="2026-08-07T19:49:49.032007+00:00" hostname="agent-env-b80cdd74-988f-432a-a6ab-4527ecf6944f"><testcase classname="tests.test_final_qa_r8" name="test_online_response_shape_backward_compatible" time="1.217" /><testcase classname="tests.test_final_qa_r8" name="test_zero_missed_when_no_eligible_asaps" time="0.451" /><testcase classname="tests.test_final_qa_r8" name="test_one_missed_when_one_eligible_asap" time="0.438" /><testcase classname="tests.test_final_qa_r8" name="test_lookback_cap_60_minutes_when_offline_for_weeks" time="0.477" /><testcase classname="tests.test_final_qa_r8" name="test_old_jobs_not_counted" time="0.440" /><testcase classname="tests.test_final_qa_r8" name="test_not_capable_jobs_excluded" time="0.659" /><testcase classname="tests.test_final_qa_r8" name="test_out_of_radius_jobs_excluded" time="0.880" /><testcase classname="tests.test_final_qa_r8" name="test_candidate_cap_50_items" time="0.615" /><testcase classname="tests.test_final_qa_r8" name="test_cancelled_jobs_excluded" time="0.454" /></testsuite></testsuites>