<?xml version="1.0" encoding="utf-8"?><testsuites name="pytest tests"><testsuite name="pytest" errors="0" failures="0" skipped="0" tests="16" time="9.778" timestamp="2026-08-07T22:07:28.033425+00:00" hostname="agent-env-b80cdd74-988f-432a-a6ab-4527ecf6944f"><testcase classname="tests.test_final_qa_r9_vehicle" name="test_derive_transport_pallet_returns_large_van" time="1.071" /><testcase classname="tests.test_final_qa_r9_vehicle" name="test_derive_transport_furniture_returns_luton" time="0.000" /><testcase classname="tests.test_final_qa_r9_vehicle" name="test_derive_transport_machinery_returns_75t" time="0.000" /><testcase classname="tests.test_final_qa_r9_vehicle" name="test_derive_recovery_car_returns_35t" time="0.000" /><testcase classname="tests.test_final_qa_r9_vehicle" name="test_derive_recovery_motorbike_returns_motorcycle" time="0.000" /><testcase classname="tests.test_final_qa_r9_vehicle" name="test_derive_transport_weight_fallback" time="0.000" /><testcase classname="tests.test_final_qa_r9_vehicle" name="test_asap_transport_job_response_has_derived_vehicle" time="0.514" /><testcase classname="tests.test_final_qa_r9_vehicle" name="test_asap_recovery_car_job_response_has_derived_vehicle" time="0.435" /><testcase classname="tests.test_final_qa_r9_vehicle" name="test_asap_recovery_motorbike_job_response_has_derived_vehicle" time="0.425" /><testcase classname="tests.test_final_qa_r9_vehicle" name="test_booking_get_exposes_recommended_vehicle_for_asap_transport" time="0.576" /><testcase classname="tests.test_final_qa_r9_vehicle" name="test_booking_get_derives_vehicle_for_historic_job_missing_field" time="0.550" /><testcase classname="tests.test_final_qa_r9_vehicle" name="test_live_offers_transport_includes_recommended_vehicle" time="0.995" /><testcase classname="tests.test_final_qa_r9_vehicle" name="test_live_offers_recovery_car_includes_recommended_vehicle" time="1.040" /><testcase classname="tests.test_final_qa_r9_vehicle" name="test_claim_email_log_and_render_has_vehicle_line_for_transport" time="1.056" /><testcase classname="tests.test_final_qa_r9_vehicle" name="test_claim_email_render_has_vehicle_line_for_recovery_car" time="1.003" /><testcase classname="tests.test_final_qa_r9_vehicle" name="test_claim_email_belt_and_braces_derives_for_historic_job" time="1.038" /></testsuite></testsuites>