<?xml version="1.0" encoding="utf-8"?><testsuites name="pytest tests"><testsuite name="pytest" errors="0" failures="0" skipped="0" tests="24" time="8.885" timestamp="2026-07-16T19:23:44.320303+00:00" hostname="agent-env-578267fa-29cc-40ab-a485-bcfc402afbb0"><testcase classname="backend.tests.test_quote_and_tracking.TestQuoteEndpoint" name="test_requires_auth" time="0.124" /><testcase classname="backend.tests.test_quote_and_tracking.TestQuoteEndpoint" name="test_haversine_fallback_london_manchester" time="0.441" /><testcase classname="backend.tests.test_quote_and_tracking.TestQuoteEndpoint" name="test_all_10_categories_return_distinct_vehicle[furniture]" time="0.178" /><testcase classname="backend.tests.test_quote_and_tracking.TestQuoteEndpoint" name="test_all_10_categories_return_distinct_vehicle[pallets]" time="0.103" /><testcase classname="backend.tests.test_quote_and_tracking.TestQuoteEndpoint" name="test_all_10_categories_return_distinct_vehicle[cars]" time="0.124" /><testcase classname="backend.tests.test_quote_and_tracking.TestQuoteEndpoint" name="test_all_10_categories_return_distinct_vehicle[motorcycles]" time="0.186" /><testcase classname="backend.tests.test_quote_and_tracking.TestQuoteEndpoint" name="test_all_10_categories_return_distinct_vehicle[house_moves]" time="0.103" /><testcase classname="backend.tests.test_quote_and_tracking.TestQuoteEndpoint" name="test_all_10_categories_return_distinct_vehicle[parcels]" time="0.103" /><testcase classname="backend.tests.test_quote_and_tracking.TestQuoteEndpoint" name="test_all_10_categories_return_distinct_vehicle[freight]" time="0.105" /><testcase classname="backend.tests.test_quote_and_tracking.TestQuoteEndpoint" name="test_all_10_categories_return_distinct_vehicle[documents]" time="0.106" /><testcase classname="backend.tests.test_quote_and_tracking.TestQuoteEndpoint" name="test_all_10_categories_return_distinct_vehicle[boats]" time="0.108" /><testcase classname="backend.tests.test_quote_and_tracking.TestQuoteEndpoint" name="test_all_10_categories_return_distinct_vehicle[machinery]" time="0.117" /><testcase classname="backend.tests.test_quote_and_tracking.TestQuoteEndpoint" name="test_category_multiplier_effects_price" time="0.461" /><testcase classname="backend.tests.test_quote_and_tracking.TestQuoteEndpoint" name="test_minimum_price_floor_30" time="0.129" /><testcase classname="backend.tests.test_quote_and_tracking.TestEnhancedTracking" name="test_requires_auth" time="1.687" /><testcase classname="backend.tests.test_quote_and_tracking.TestEnhancedTracking" name="test_forbidden_for_other_users" time="0.498" /><testcase classname="backend.tests.test_quote_and_tracking.TestEnhancedTracking" name="test_no_location_returns_null_fields" time="0.101" /><testcase classname="backend.tests.test_quote_and_tracking.TestEnhancedTracking" name="test_target_pickup_when_travelling" time="1.562" /><testcase classname="backend.tests.test_quote_and_tracking.TestEnhancedTracking" name="test_target_dropoff_when_on_route" time="1.132" /><testcase classname="backend.tests.test_quote_and_tracking.TestRegression" name="test_auth_login_admin" time="0.352" /><testcase classname="backend.tests.test_quote_and_tracking.TestRegression" name="test_create_job" time="0.128" /><testcase classname="backend.tests.test_quote_and_tracking.TestRegression" name="test_create_booking_after_accept" time="0.796" /><testcase classname="backend.tests.test_quote_and_tracking.TestRegression" name="test_booking_fees_preview_regression" time="0.119" /><testcase classname="backend.tests.test_quote_and_tracking.TestRegression" name="test_admin_deposit_bands_list" time="0.098" /></testsuite></testsuites>