<?xml version="1.0" encoding="utf-8"?><testsuites name="pytest tests"><testsuite name="pytest" errors="0" failures="0" skipped="1" tests="9" time="5.461" timestamp="2026-08-08T17:15:45.637892+00:00" hostname="agent-env-b80cdd74-988f-432a-a6ab-4527ecf6944f"><testcase classname="tests.test_final_qa_r11" name="test_driver_register_without_phone_rejected" time="0.818" /><testcase classname="tests.test_final_qa_r11" name="test_driver_register_with_phone_succeeds" time="0.398" /><testcase classname="tests.test_final_qa_r11" name="test_customer_register_without_phone_still_succeeds" time="0.318" /><testcase classname="tests.test_final_qa_r11" name="test_driver_put_me_clear_phone_rejected_null" time="0.470" /><testcase classname="tests.test_final_qa_r11" name="test_driver_put_me_clear_phone_rejected_empty" time="0.468" /><testcase classname="tests.test_final_qa_r11" name="test_driver_put_me_short_phone_rejected" time="0.418" /><testcase classname="tests.test_final_qa_r11" name="test_customer_put_me_clear_phone_allowed" time="0.464" /><testcase classname="tests.test_final_qa_r11" name="test_driver_put_me_new_phone_persists_and_returns_via_get_me" time="0.559" /><testcase classname="tests.test_final_qa_r11" name="test_booking_other_party_phone_hidden_pre_payment" time="1.006"><skipped type="pytest.skip" message="no booking row pre-payment — phone gating is on GET /bookings/{id}">/app/backend/tests/test_final_qa_r11.py:213: no booking row pre-payment — phone gating is on GET /bookings/{id}</skipped></testcase></testsuite></testsuites>