<?xml version="1.0" encoding="utf-8"?><testsuites name="pytest tests"><testsuite name="pytest" errors="0" failures="0" skipped="0" tests="24" time="7.764" timestamp="2026-08-08T17:38:27.152278+00:00" hostname="agent-env-b80cdd74-988f-432a-a6ab-4527ecf6944f"><testcase classname="tests.test_final_qa_r12" name="test_driver_register_junk_phone_rejected[1234567]" time="0.825" /><testcase classname="tests.test_final_qa_r12" name="test_driver_register_junk_phone_rejected[abcdefg]" time="0.100" /><testcase classname="tests.test_final_qa_r12" name="test_driver_register_junk_phone_rejected[07abc900123]" time="0.094" /><testcase classname="tests.test_final_qa_r12" name="test_driver_register_junk_phone_rejected[+]" time="0.098" /><testcase classname="tests.test_final_qa_r12" name="test_driver_register_junk_phone_rejected[12]" time="0.112" /><testcase classname="tests.test_final_qa_r12" name="test_driver_register_valid_phone_accepted[07700900123]" time="0.398" /><testcase classname="tests.test_final_qa_r12" name="test_driver_register_valid_phone_accepted[+447700900456]" time="0.328" /><testcase classname="tests.test_final_qa_r12" name="test_driver_register_valid_phone_accepted[00447700900789]" time="0.320" /><testcase classname="tests.test_final_qa_r12" name="test_driver_register_valid_phone_accepted[07700 900 123]" time="0.356" /><testcase classname="tests.test_final_qa_r12" name="test_driver_register_valid_phone_accepted[+44 7700 900 456]" time="0.320" /><testcase classname="tests.test_final_qa_r12" name="test_driver_register_missing_phone_rejected" time="0.098" /><testcase classname="tests.test_final_qa_r12" name="test_driver_register_empty_phone_rejected" time="0.105" /><testcase classname="tests.test_final_qa_r12" name="test_customer_register_junk_phone_rejected" time="0.102" /><testcase classname="tests.test_final_qa_r12" name="test_customer_register_empty_phone_accepted" time="0.334" /><testcase classname="tests.test_final_qa_r12" name="test_customer_register_missing_phone_accepted" time="0.321" /><testcase classname="tests.test_final_qa_r12" name="test_customer_register_valid_phone_accepted" time="0.319" /><testcase classname="tests.test_final_qa_r12" name="test_driver_put_me_junk_phone_rejected" time="0.420" /><testcase classname="tests.test_final_qa_r12" name="test_driver_put_me_valid_phone_persists" time="0.536" /><testcase classname="tests.test_final_qa_r12" name="test_driver_put_me_empty_phone_rejected" time="0.437" /><testcase classname="tests.test_final_qa_r12" name="test_customer_put_me_clear_phone_ok" time="0.431" /><testcase classname="tests.test_final_qa_r12" name="test_customer_put_me_junk_phone_rejected" time="0.418" /><testcase classname="tests.test_final_qa_r12" name="test_admin_drivers_missing_phone_shape" time="0.459" /><testcase classname="tests.test_final_qa_r12" name="test_admin_drivers_missing_phone_requires_admin" time="0.417" /><testcase classname="tests.test_final_qa_r12" name="test_admin_drivers_missing_phone_unauth" time="0.096" /></testsuite></testsuites>