<?xml version="1.0" encoding="utf-8"?><testsuites name="pytest tests"><testsuite name="pytest" errors="0" failures="0" skipped="0" tests="7" time="3.184" timestamp="2026-08-08T17:51:57.378373+00:00" hostname="agent-env-b80cdd74-988f-432a-a6ab-4527ecf6944f"><testcase classname="tests.test_final_qa_r13" name="test_get_drivers_missing_phone_shape" time="1.178" /><testcase classname="tests.test_final_qa_r13" name="test_nudge_requires_auth" time="0.130" /><testcase classname="tests.test_final_qa_r13" name="test_nudge_forbids_customer" time="0.523" /><testcase classname="tests.test_final_qa_r13" name="test_nudge_forbids_driver" time="0.446" /><testcase classname="tests.test_final_qa_r13" name="test_nudge_first_and_second_call" time="0.286" /><testcase classname="tests.test_final_qa_r13" name="test_nudge_stamps_users_and_email_log" time="0.247" /><testcase classname="tests.test_final_qa_r13" name="test_render_driver_add_phone_nudge_template" time="0.052" /></testsuite></testsuites>