<?xml version="1.0" encoding="utf-8"?><testsuites name="pytest tests"><testsuite name="pytest" errors="0" failures="0" skipped="0" tests="5" time="2.370" timestamp="2026-08-08T18:27:29.269883+00:00" hostname="agent-env-b80cdd74-988f-432a-a6ab-4527ecf6944f"><testcase classname="tests.test_final_qa_r15" name="test_post_job_fixed_with_r15_fields_roundtrip" time="1.268" /><testcase classname="tests.test_final_qa_r15" name="test_post_job_minimal_defaults" time="0.111" /><testcase classname="tests.test_final_qa_r15" name="test_post_job_bidding_with_r15_fields_roundtrip" time="0.100" /><testcase classname="tests.test_final_qa_r15" name="test_jobs_mine_echoes_r15_fields" time="0.127" /><testcase classname="tests.test_final_qa_r15" name="test_admin_jobs_detail_echoes_r15_fields" time="0.463" /></testsuite></testsuites>