<?xml version="1.0" encoding="utf-8"?><testsuites name="pytest tests"><testsuite name="pytest" errors="0" failures="0" skipped="0" tests="5" time="1.793" timestamp="2026-08-08T18:36:15.716884+00:00" hostname="agent-env-b80cdd74-988f-432a-a6ab-4527ecf6944f"><testcase classname="tests.test_final_qa_r16" name="test_asap_transport_post_roundtrips_r16_fields" time="1.003" /><testcase classname="tests.test_final_qa_r16" name="test_jobs_mine_echoes_r16_fields" time="0.117" /><testcase classname="tests.test_final_qa_r16" name="test_admin_jobs_detail_echoes_r16_fields" time="0.464" /><testcase classname="tests.test_final_qa_r16" name="test_asap_recovery_forklift_loading_false" time="0.091" /><testcase classname="tests.test_final_qa_r16" name="test_asap_transport_minimal_defaults" time="0.101" /></testsuite></testsuites>