<?xml version="1.0" encoding="utf-8"?><testsuites name="pytest tests"><testsuite name="pytest" errors="0" failures="0" skipped="0" tests="11" time="4.660" timestamp="2026-08-08T20:40:31.397867+00:00" hostname="agent-env-b80cdd74-988f-432a-a6ab-4527ecf6944f"><testcase classname="tests.test_final_qa_r19_dispatch_refund" name="test_anonymous_returns_401" time="0.930" /><testcase classname="tests.test_final_qa_r19_dispatch_refund" name="test_driver_token_forbidden" time="1.031" /><testcase classname="tests.test_final_qa_r19_dispatch_refund" name="test_admin_token_forbidden" time="0.455" /><testcase classname="tests.test_final_qa_r19_dispatch_refund" name="test_not_your_booking_forbidden" time="0.107" /><testcase classname="tests.test_final_qa_r19_dispatch_refund" name="test_booking_not_found" time="0.102" /><testcase classname="tests.test_final_qa_r19_dispatch_refund" name="test_non_asap_scheduled_returns_400" time="0.109" /><testcase classname="tests.test_final_qa_r19_dispatch_refund" name="test_unpaid_asap_returns_400" time="0.103" /><testcase classname="tests.test_final_qa_r19_dispatch_refund" name="test_already_claimed_asap_returns_409" time="0.104" /><testcase classname="tests.test_final_qa_r19_dispatch_refund" name="test_happy_path_cancels_and_audits" time="0.486" /><testcase classname="tests.test_final_qa_r19_dispatch_refund" name="test_second_call_returns_409" time="0.309" /><testcase classname="tests.test_final_qa_r19_dispatch_refund" name="test_race_safety_customer_cancel_vs_driver_claim" time="0.114" /></testsuite></testsuites>