<?xml version="1.0" encoding="utf-8"?><testsuites name="pytest tests"><testsuite name="pytest" errors="0" failures="0" skipped="0" tests="23" time="74.568" timestamp="2026-08-10T19:02:39.881811+00:00" hostname="agent-env-b80cdd74-988f-432a-a6ab-4527ecf6944f"><testcase classname="tests.test_final_qa_r23.TestDriverProfile" name="test_C_auth_me_returns_address_fields" time="32.947" /><testcase classname="tests.test_final_qa_r23.TestDriverProfile" name="test_D_auth_me_put_persists_address" time="0.631" /><testcase classname="tests.test_final_qa_r23.TestDriverProfile" name="test_E_avatar_upload_via_documents" time="1.510" /><testcase classname="tests.test_final_qa_r23.TestCancelValidation" name="test_I_invalid_reason_400" time="34.479" /><testcase classname="tests.test_final_qa_r23.TestCancelValidation" name="test_I_other_needs_explanation" time="0.122" /><testcase classname="tests.test_final_qa_r23.TestDriverProfile" name="test_F_avatar_remove_via_put_null" time="0.275" /><testcase classname="tests.test_final_qa_r23.TestWelcomeEmails" name="test_A_customer_welcome_email_template" time="36.868" /><testcase classname="tests.test_final_qa_r23.TestCancelValidation" name="test_I_customer_forbidden" time="2.556" /><testcase classname="tests.test_final_qa_r23.TestCancelValidation" name="test_I_missing_booking_404" time="0.113" /><testcase classname="tests.test_final_qa_r23.TestCancelValidation" name="test_I_not_assigned_driver_403" time="0.116" /><testcase classname="tests.test_final_qa_r23.TestCancelValidation" name="test_I_delivered_conflict_409" time="0.151" /><testcase classname="tests.test_final_qa_r23.TestCancellationHistory" name="test_R_driver_history" time="0.110" /><testcase classname="tests.test_final_qa_r23.TestCancellationHistory" name="test_S_admin_history" time="11.791" /><testcase classname="tests.test_final_qa_r23.TestCancelReasons" name="test_H_reasons_driver_only" time="1.245" /><testcase classname="tests.test_final_qa_r23.TestScheduledFixedCancel" name="test_J_and_K_and_L" time="0.988" /><testcase classname="tests.test_final_qa_r23.TestScheduledBidding" name="test_M" time="0.164" /><testcase classname="tests.test_final_qa_r23.TestReviewDedup" name="test_V_W" time="6.207" /><testcase classname="tests.test_final_qa_r23.TestPodCompleteSplit" name="test_AC_role_split" time="1.009" /><testcase classname="tests.test_final_qa_r23.TestDriverIdHardening" name="test_AE" time="0.432" /><testcase classname="tests.test_final_qa_r23.TestRegression" name="test_AF_regression_endpoints" time="0.397" /><testcase classname="tests.test_final_qa_r23.TestWelcomeEmails" name="test_B_driver_welcome_email_template" time="0.931" /><testcase classname="tests.test_final_qa_r23.TestAsapCancel" name="test_N_O_asap_returns_to_dispatch_ready[transport]" time="0.491" /><testcase classname="tests.test_final_qa_r23.TestAsapCancel" name="test_N_O_asap_returns_to_dispatch_ready[breakdown_recovery]" time="0.143" /></testsuite></testsuites>