<?xml version="1.0" encoding="utf-8"?><testsuites name="pytest tests"><testsuite name="pytest" errors="0" failures="2" skipped="0" tests="26" time="4.896" timestamp="2026-08-10T20:24:10.948415+00:00" hostname="agent-env-b80cdd74-988f-432a-a6ab-4527ecf6944f"><testcase classname="tests.test_final_qa_r25" name="test_A_pricing_quote_happy_path" time="1.338" /><testcase classname="tests.test_final_qa_r25" name="test_Z_pricing_quote_requires_auth" time="0.135" /><testcase classname="tests.test_final_qa_r25" name="test_BCDE_validation_errors[overrides0-invalid_weight]" time="0.099" /><testcase classname="tests.test_final_qa_r25" name="test_BCDE_validation_errors[overrides1-weight_too_large]" time="0.093" /><testcase classname="tests.test_final_qa_r25" name="test_BCDE_validation_errors[overrides2-invalid_dims]" time="0.085" /><testcase classname="tests.test_final_qa_r25" name="test_BCDE_validation_errors[overrides3-volume_too_large]" time="0.088" /><testcase classname="tests.test_final_qa_r25" name="test_BCDE_validation_errors[overrides4-too_many_items]" time="0.087" /><testcase classname="tests.test_final_qa_r25" name="test_BCDE_validation_errors[overrides5-invalid_items]" time="0.118" /><testcase classname="tests.test_final_qa_r25" name="test_F_motorcycle_recovery" time="0.098" /><testcase classname="tests.test_final_qa_r25" name="test_G_car_recovery_uses_3_5t" time="0.087" /><testcase classname="tests.test_final_qa_r25" name="test_H_pricing_quote_and_estimate_match" time="0.190" /><testcase classname="tests.test_final_qa_r25" name="test_P_weight_tier_picker[250-small_van]" time="0.085" /><testcase classname="tests.test_final_qa_r25" name="test_P_weight_tier_picker[500-medium_van]" time="0.093" /><testcase classname="tests.test_final_qa_r25" name="test_P_weight_tier_picker[1000-large_van]" time="0.087" /><testcase classname="tests.test_final_qa_r25" name="test_P_weight_tier_picker[1500-luton_van]" time="0.089"><failure message="AssertionError: 1500kg → 3_5t_truck, expected luton_van&#10;assert '3_5t_truck' == 'luton_van'&#10;  &#10;  - luton_van&#10;  + 3_5t_truck">tests/test_final_qa_r25.py:165: in test_P_weight_tier_picker
    assert got == expected_vehicle, f"{weight}kg → {got}, expected {expected_vehicle}"
E   AssertionError: 1500kg → 3_5t_truck, expected luton_van
E   assert '3_5t_truck' == 'luton_van'
E     
E     - luton_van
E     + 3_5t_truck</failure></testcase><testcase classname="tests.test_final_qa_r25" name="test_P_weight_tier_picker[2000-7_5t_truck]" time="0.095" /><testcase classname="tests.test_final_qa_r25" name="test_P_weight_tier_picker[4000-18t_hgv]" time="0.110" /><testcase classname="tests.test_final_qa_r25" name="test_Q_volume_tier_picker[0.5-small_van]" time="0.109" /><testcase classname="tests.test_final_qa_r25" name="test_Q_volume_tier_picker[5-medium_van]" time="0.089" /><testcase classname="tests.test_final_qa_r25" name="test_Q_volume_tier_picker[10-large_van]" time="0.099" /><testcase classname="tests.test_final_qa_r25" name="test_Q_volume_tier_picker[17-luton_van]" time="0.089" /><testcase classname="tests.test_final_qa_r25" name="test_Q_volume_tier_picker[28-7_5t_truck]" time="0.086" /><testcase classname="tests.test_final_qa_r25" name="test_T_recovery_asap_single_application" time="0.088" /><testcase classname="tests.test_final_qa_r25" name="test_R_forklift_loading_flat_fees" time="0.706" /><testcase classname="tests.test_final_qa_r25" name="test_O_distance_source_present" time="0.093" /><testcase classname="tests.test_final_qa_r25" name="test_L_booking_fee_bands_preview" time="0.137"><failure message="AssertionError: assert ('percent' in {'driver_charge': 103.2, 'booking_fee': 15.48, 'booking_fee_percent': 15.0, 'booking_fee_band_id': '8908cbcd-1e0c-4233-ab2c-e505602cbf82', ...} or 'amount' in {'driver_charge': 103.2, 'booking_fee': 15.48, 'booking_fee_percent': 15.0, 'booking_fee_band_id': '8908cbcd-1e0c-4233-ab2c-e505602cbf82', ...})">tests/test_final_qa_r25.py:239: in test_L_booking_fee_bands_preview
    assert "percent" in prev or "amount" in prev
E   AssertionError: assert ('percent' in {'driver_charge': 103.2, 'booking_fee': 15.48, 'booking_fee_percent': 15.0, 'booking_fee_band_id': '8908cbcd-1e0c-4233-ab2c-e505602cbf82', ...} or 'amount' in {'driver_charge': 103.2, 'booking_fee': 15.48, 'booking_fee_percent': 15.0, 'booking_fee_band_id': '8908cbcd-1e0c-4233-ab2c-e505602cbf82', ...})</failure></testcase></testsuite></testsuites>