<?xml version="1.0" encoding="utf-8"?><testsuites name="pytest tests"><testsuite name="pytest" errors="0" failures="0" skipped="0" tests="49" time="1.232" timestamp="2026-08-10T20:22:49.750416+00:00" hostname="agent-env-b80cdd74-988f-432a-a6ab-4527ecf6944f"><testcase classname="tests.test_pricing_engine" name="test_distance_matrix_small_van[0.5-35-45]" time="0.803" /><testcase classname="tests.test_pricing_engine" name="test_distance_matrix_small_van[5-35-55]" time="0.001" /><testcase classname="tests.test_pricing_engine" name="test_distance_matrix_small_van[10-38-60]" time="0.001" /><testcase classname="tests.test_pricing_engine" name="test_distance_matrix_small_van[25-50-80]" time="0.001" /><testcase classname="tests.test_pricing_engine" name="test_distance_matrix_small_van[50-75-130]" time="0.001" /><testcase classname="tests.test_pricing_engine" name="test_distance_matrix_small_van[100-140-230]" time="0.001" /><testcase classname="tests.test_pricing_engine" name="test_distance_matrix_small_van[250-340-540]" time="0.001" /><testcase classname="tests.test_pricing_engine" name="test_distance_matrix_small_van[500-680-1050]" time="0.001" /><testcase classname="tests.test_pricing_engine" name="test_weight_bands_50mi[None-small_van-80-130]" time="0.002" /><testcase classname="tests.test_pricing_engine" name="test_weight_bands_50mi[0-small_van-80-130]" time="0.001" /><testcase classname="tests.test_pricing_engine" name="test_weight_bands_50mi[1-small_van-80-130]" time="0.001" /><testcase classname="tests.test_pricing_engine" name="test_weight_bands_50mi[20-small_van-80-130]" time="0.009" /><testcase classname="tests.test_pricing_engine" name="test_weight_bands_50mi[100-small_van-80-130]" time="0.001" /><testcase classname="tests.test_pricing_engine" name="test_weight_bands_50mi[250-small_van-80-130]" time="0.001" /><testcase classname="tests.test_pricing_engine" name="test_weight_bands_50mi[500-medium_van-95-170]" time="0.001" /><testcase classname="tests.test_pricing_engine" name="test_weight_bands_50mi[1000-large_van-120-230]" time="0.001" /><testcase classname="tests.test_pricing_engine" name="test_weight_bands_50mi[2000-7_5t_truck-260-460]" time="0.001" /><testcase classname="tests.test_pricing_engine" name="test_volume_picks_vehicle[0.5-small_van]" time="0.001" /><testcase classname="tests.test_pricing_engine" name="test_volume_picks_vehicle[5-medium_van]" time="0.001" /><testcase classname="tests.test_pricing_engine" name="test_volume_picks_vehicle[10-large_van]" time="0.001" /><testcase classname="tests.test_pricing_engine" name="test_volume_picks_vehicle[17-luton_van]" time="0.001" /><testcase classname="tests.test_pricing_engine" name="test_volume_picks_vehicle[28-7_5t_truck]" time="0.001" /><testcase classname="tests.test_pricing_engine" name="test_pallets_more_expensive_than_parcels" time="0.001" /><testcase classname="tests.test_pricing_engine" name="test_documents_cheaper_than_parcels" time="0.001" /><testcase classname="tests.test_pricing_engine" name="test_forklift_and_loading_add_flat_fees" time="0.001" /><testcase classname="tests.test_pricing_engine" name="test_extra_items_capped" time="0.001" /><testcase classname="tests.test_pricing_engine" name="test_asap_more_expensive_than_scheduled" time="0.001" /><testcase classname="tests.test_pricing_engine" name="test_recovery_uses_recovery_vehicle_and_higher_price" time="0.001" /><testcase classname="tests.test_pricing_engine" name="test_recovery_double_multiplication_bug_regression" time="0.001" /><testcase classname="tests.test_pricing_engine" name="test_negative_weight_rejected" time="0.001" /><testcase classname="tests.test_pricing_engine" name="test_absurd_weight_rejected" time="0.001" /><testcase classname="tests.test_pricing_engine" name="test_negative_dims_rejected" time="0.001" /><testcase classname="tests.test_pricing_engine" name="test_absurd_distance_rejected" time="0.001" /><testcase classname="tests.test_pricing_engine" name="test_vehicle_capacity_exceeded" time="0.001" /><testcase classname="tests.test_pricing_engine" name="test_snapshot_contains_all_pricing_inputs" time="0.002" /><testcase classname="tests.test_pricing_engine" name="test_haversine_flags_low_confidence" time="0.001" /><testcase classname="tests.test_pricing_engine" name="test_google_road_not_low_confidence" time="0.001" /><testcase classname="tests.test_pricing_engine" name="test_uk_market_benchmark[London \u2192 Reading 40mi parcel scheduled]" time="0.001" /><testcase classname="tests.test_pricing_engine" name="test_uk_market_benchmark[London \u2192 Bristol 120mi furniture scheduled loading]" time="0.001" /><testcase classname="tests.test_pricing_engine" name="test_uk_market_benchmark[London \u2192 Birmingham 100mi pallet ASAP]" time="0.001" /><testcase classname="tests.test_pricing_engine" name="test_uk_market_benchmark[Manchester \u2192 Leeds 45mi small van same-day]" time="0.001" /><testcase classname="tests.test_pricing_engine" name="test_uk_market_benchmark[London \u2192 Edinburgh 400mi long-haul freight]" time="0.001" /><testcase classname="tests.test_pricing_engine" name="test_uk_market_benchmark[Local car recovery 15mi ASAP]" time="0.001" /><testcase classname="tests.test_pricing_engine" name="test_uk_market_benchmark[Cross-country van recovery 100mi ASAP]" time="0.001" /><testcase classname="tests.test_pricing_engine" name="test_uk_market_benchmark[Motorcycle recovery 30mi ASAP]" time="0.001" /><testcase classname="tests.test_pricing_engine" name="test_uk_market_benchmark[Office-move 60mi scheduled]" time="0.001" /><testcase classname="tests.test_pricing_engine" name="test_uk_market_benchmark[Small documents run 8mi ASAP]" time="0.001" /><testcase classname="tests.test_pricing_engine" name="test_load_pricing_config_returns_defaults_when_empty" time="0.001" /><testcase classname="tests.test_pricing_engine" name="test_load_pricing_config_merges_override" time="0.001" /></testsuite></testsuites>