<?xml version="1.0" encoding="utf-8"?><testsuites name="pytest tests"><testsuite name="pytest" errors="0" failures="0" skipped="0" tests="28" time="4.640" timestamp="2026-08-12T17:31:49.178354+00:00" hostname="agent-env-b80cdd74-988f-432a-a6ab-4527ecf6944f"><testcase classname="tests.test_asap_pricing_r26.TestEngineDirect" name="test_F_asap_premium_is_15_not_20" time="1.104" /><testcase classname="tests.test_asap_pricing_r26.TestEngineDirect" name="test_G_ceiling_capped_at_50_pct" time="0.005" /><testcase classname="tests.test_asap_pricing_r26.TestEngineDirect" name="test_H_heavy_vehicle_uses_heavy_curve_and_80pct_ceiling" time="0.003" /><testcase classname="tests.test_asap_pricing_r26.TestEngineDirect" name="test_I_validation[weight_kg--5-invalid_weight]" time="0.002" /><testcase classname="tests.test_asap_pricing_r26.TestEngineDirect" name="test_I_validation[weight_kg-50000-invalid_weight]" time="0.002" /><testcase classname="tests.test_asap_pricing_r26.TestEngineDirect" name="test_I_validation[volume_m3--1-invalid_dims]" time="0.009" /><testcase classname="tests.test_asap_pricing_r26.TestEngineDirect" name="test_I_validation[distance_miles-2000-distance_too_large]" time="0.002" /><testcase classname="tests.test_asap_pricing_r26.TestEngineDirect" name="test_J_manual_review_heavy_haul_combo" time="0.001" /><testcase classname="tests.test_asap_pricing_r26.TestEngineDirect" name="test_J_manual_review_stgo" time="0.001" /><testcase classname="tests.test_asap_pricing_r26.TestEngineDirect" name="test_D_recovery_more_expensive_than_transport" time="0.001" /><testcase classname="tests.test_asap_pricing_r26.TestEngineDirect" name="test_E_recovery_ignores_transport_category" time="0.001" /><testcase classname="tests.test_asap_pricing_r26.TestAsapQuoteHTTP" name="test_T_auth_required" time="0.138" /><testcase classname="tests.test_asap_pricing_r26.TestAsapQuoteHTTP" name="test_A_smethwick_recovery_below_600" time="0.819" /><testcase classname="tests.test_asap_pricing_r26.TestVehicleAutoPick" name="test_transport_pick_parcel" time="1.917" /><testcase classname="tests.test_asap_pricing_r26.TestVehicleAutoPick" name="test_transport_pick_300kg" time="0.000" /><testcase classname="tests.test_asap_pricing_r26.TestVehicleAutoPick" name="test_transport_pick_800kg" time="0.000" /><testcase classname="tests.test_asap_pricing_r26.TestVehicleAutoPick" name="test_transport_pick_1500kg" time="0.000" /><testcase classname="tests.test_asap_pricing_r26.TestVehicleAutoPick" name="test_transport_pick_5000kg" time="0.000" /><testcase classname="tests.test_asap_pricing_r26.TestVehicleAutoPick" name="test_recovery_pick_motorcycle" time="0.000" /><testcase classname="tests.test_asap_pricing_r26.TestVehicleAutoPick" name="test_recovery_pick_hgv" time="0.000" /><testcase classname="tests.test_asap_pricing_r26.TestVehicleAutoPick" name="test_recovery_pick_default" time="0.000" /><testcase classname="tests.test_asap_pricing_r26.TestProgressiveMileage" name="test_lwb_300mi_uses_bands_not_flat" time="0.000" /><testcase classname="tests.test_asap_pricing_r26.TestProgressiveMileage" name="test_short_distance_within_first_band" time="0.000" /><testcase classname="tests.test_asap_pricing_r26.TestAsapQuoteHTTP" name="test_B_manchester_leeds_lwb" time="0.271" /><testcase classname="tests.test_asap_pricing_r26.TestAsapQuoteHTTP" name="test_M_booking_fee_band_consistency" time="0.316" /><testcase classname="tests.test_asap_pricing_r26.TestAsapQuoteHTTP" name="test_N_screen_consistency_asap" time="0.708" /><testcase classname="tests.test_asap_pricing_r26.TestAsapQuoteHTTP" name="test_O_scheduled_pricing_unchanged" time="0.175" /><testcase classname="tests.test_asap_pricing_r26.TestAsapQuoteHTTP" name="test_Q_asap_quote_audit_persisted" time="0.227" /></testsuite></testsuites>