<?xml version="1.0" encoding="utf-8"?><testsuites name="pytest tests"><testsuite name="pytest" errors="0" failures="0" skipped="0" tests="4" time="2.400" timestamp="2026-08-12T18:10:41.576150+00:00" hostname="agent-env-b80cdd74-988f-432a-a6ab-4527ecf6944f"><testcase classname="tests.test_r26_1_e2e_certification" name="test_domestic_pricing_quote_asap" time="1.458" /><testcase classname="tests.test_r26_1_e2e_certification" name="test_intl_pricing_quote_asap_guardrail" time="0.134" /><testcase classname="tests.test_r26_1_e2e_certification" name="test_intl_asap_quote_guardrail" time="0.175" /><testcase classname="tests.test_r26_1_e2e_certification" name="test_three_way_domestic_asap_consistency" time="0.321" /></testsuite></testsuites>