<?xml version="1.0" encoding="utf-8"?><testsuites name="pytest tests"><testsuite name="pytest" errors="0" failures="0" skipped="0" tests="12" time="2.265" timestamp="2026-08-12T18:36:02.522694+00:00" hostname="agent-env-b80cdd74-988f-432a-a6ab-4527ecf6944f"><testcase classname="tests.test_r26_2_e2e_certification.TestVehicleCatalog" name="test_catalog_returns_all_20_transport_and_engine_version" time="1.019" /><testcase classname="tests.test_r26_2_e2e_certification.TestAsapQuoteSmokePerVehicle" name="test_quote_for_key[luton-100.0-15.0]" time="0.173" /><testcase classname="tests.test_r26_2_e2e_certification.TestAsapQuoteSmokePerVehicle" name="test_quote_for_key[luton_tail_lift-110.0-15.0]" time="0.106" /><testcase classname="tests.test_r26_2_e2e_certification.TestAsapQuoteSmokePerVehicle" name="test_quote_for_key[3_5t_rigid-100.0-15.0]" time="0.104" /><testcase classname="tests.test_r26_2_e2e_certification.TestAsapQuoteSmokePerVehicle" name="test_quote_for_key[3_5t_rigid_tail_lift-115.0-15.0]" time="0.107" /><testcase classname="tests.test_r26_2_e2e_certification.TestAsapQuoteSmokePerVehicle" name="test_quote_for_key[7_5t_rigid-175.0-14.0]" time="0.113" /><testcase classname="tests.test_r26_2_e2e_certification.TestAsapQuoteSmokePerVehicle" name="test_quote_for_key[7_5t_rigid_tail_lift-195.0-14.0]" time="0.112" /><testcase classname="tests.test_r26_2_e2e_certification.TestAsapQuoteSmokePerVehicle" name="test_quote_for_key[articulated_hgv-400.0-13.0]" time="0.111" /><testcase classname="tests.test_r26_2_e2e_certification.TestAsapQuoteSmokePerVehicle" name="test_lwb_van_canonical" time="0.097" /><testcase classname="tests.test_r26_2_e2e_certification.TestAsapQuoteSmokePerVehicle" name="test_recovery_canonical" time="0.104" /><testcase classname="tests.test_r26_2_e2e_certification.TestVehicleTooSmall" name="test_car_with_2000kg_rejected" time="0.102" /><testcase classname="tests.test_r26_2_e2e_certification.TestInternationalGuardrail" name="test_gb_to_ie_asap_with_lwb_van_manual_review" time="0.070" /></testsuite></testsuites>