<?xml version="1.0" encoding="utf-8"?><testsuites name="pytest tests"><testsuite name="pytest" errors="0" failures="0" skipped="0" tests="15" time="6.316" timestamp="2026-08-04T22:39:30.913727+00:00" hostname="agent-env-b80cdd74-988f-432a-a6ab-4527ecf6944f"><testcase classname="tests.test_final_qa_r5" name="test_api_root_ok" time="0.901" /><testcase classname="tests.test_final_qa_r5" name="test_booking_fee_band_preview_matrix[50.0-15.0]" time="0.097" /><testcase classname="tests.test_final_qa_r5" name="test_booking_fee_band_preview_matrix[150.0-15.0]" time="0.126" /><testcase classname="tests.test_final_qa_r5" name="test_booking_fee_band_preview_matrix[400.0-13.0]" time="0.117" /><testcase classname="tests.test_final_qa_r5" name="test_booking_fee_band_preview_matrix[900.0-12.0]" time="0.129" /><testcase classname="tests.test_final_qa_r5" name="test_booking_fee_band_preview_matrix[2000.0-10.0]" time="0.102" /><testcase classname="tests.test_final_qa_r5" name="test_create_bidding_job_persists" time="0.649" /><testcase classname="tests.test_final_qa_r5" name="test_fixed_job_checkout_returns_stripe_url" time="2.118" /><testcase classname="tests.test_final_qa_r5" name="test_payment_status_endpoint_public" time="0.100" /><testcase classname="tests.test_final_qa_r5" name="test_login_invalid_credentials" time="0.123" /><testcase classname="tests.test_final_qa_r5" name="test_cors_backend_middleware_not_wildcard" time="0.119" /><testcase classname="tests.test_final_qa_r5" name="test_cookie_flags_on_login" time="0.346" /><testcase classname="tests.test_final_qa_r5" name="test_csrf_required_on_state_mutating_endpoint" time="0.786" /><testcase classname="tests.test_final_qa_r5" name="test_password_reset_writes_email_log_row" time="0.487" /><testcase classname="tests.test_final_qa_r5" name="test_zzz_cleanup_test_data" time="0.008" /></testsuite></testsuites>