<?xml version="1.0" encoding="utf-8"?><testsuites name="pytest tests"><testsuite name="pytest" errors="0" failures="0" skipped="0" tests="52" time="77.303" timestamp="2026-08-04T22:34:57.794985+00:00" hostname="agent-env-b80cdd74-988f-432a-a6ab-4527ecf6944f"><testcase classname="tests.test_booking_fees.TestBookingFeePreview" name="test_preview_270_returns_new_and_legacy_fields" time="1.269" /><testcase classname="tests.test_booking_fees.TestBookingFeePreview" name="test_preview_rejects_negative_driver_charge" time="0.125" /><testcase classname="tests.test_booking_fees.TestBookingFeePreview" name="test_preview_requires_auth" time="0.118" /><testcase classname="tests.test_booking_fees.TestBookingFeePreview" name="test_preview_bands_across_tiers[50.0-7.5-57.5]" time="0.117" /><testcase classname="tests.test_booking_fees.TestBookingFeePreview" name="test_preview_bands_across_tiers[100.0-15.0-115.0]" time="0.129" /><testcase classname="tests.test_booking_fees.TestBookingFeePreview" name="test_preview_bands_across_tiers[100.01-15.0-115.01]" time="0.128" /><testcase classname="tests.test_booking_fees.TestBookingFeePreview" name="test_preview_bands_across_tiers[500.0-65.0-565.0]" time="0.122" /><testcase classname="tests.test_booking_fees.TestBookingFeePreview" name="test_preview_bands_across_tiers[1200.0-120.0-1320.0]" time="0.115" /><testcase classname="tests.test_booking_fees.TestBookingFeePreview" name="test_preview_bands_across_tiers[3000.0-300.0-3300.0]" time="0.110" /><testcase classname="tests.test_booking_fees.TestLegacyPreviewAlias" name="test_legacy_alias_identical_to_new" time="0.411" /><testcase classname="tests.test_booking_fees.TestLegacyPreviewAlias" name="test_legacy_alias_rejects_negative" time="0.124" /><testcase classname="tests.test_booking_fees.TestFixedPriceBooking" name="test_fixed_price_270_booking_math" time="1.523" /><testcase classname="tests.test_booking_fees.TestBiddingBooking" name="test_accepted_bid_booking_math[500.0-65.0-565.0]" time="0.500" /><testcase classname="tests.test_booking_fees.TestBiddingBooking" name="test_accepted_bid_booking_math[50.0-7.5-57.5]" time="0.511" /><testcase classname="tests.test_booking_fees.TestBiddingBooking" name="test_accepted_bid_booking_math[1200.0-120.0-1320.0]" time="0.493" /><testcase classname="tests.test_booking_fees.TestBiddingBooking" name="test_accepted_bid_booking_math[3000.0-300.0-3300.0]" time="0.490" /><testcase classname="tests.test_booking_fees.TestStripeChargesBookingFee" name="test_deposit_session_amount_equals_booking_fee" time="1.892" /><testcase classname="tests.test_booking_fees.TestFallbackAllBandsDisabled" name="test_fallback_percentage_of_driver_charge" time="36.587" /><testcase classname="tests.test_booking_fees.TestAdminCRUDRegression" name="test_admin_list_bands" time="0.154" /><testcase classname="tests.test_booking_fees.TestAdminCRUDRegression" name="test_admin_create_update_delete" time="0.471" /><testcase classname="tests.test_booking_fees.TestAdminCRUDRegression" name="test_public_deposit_bands_returns_enabled_only" time="0.156" /><testcase classname="tests.test_final_qa_r2" name="test_register_persists_and_echoes_address_fields" time="0.372" /><testcase classname="tests.test_final_qa_r2" name="test_get_me_returns_address_fields" time="0.831" /><testcase classname="tests.test_final_qa_r2" name="test_put_me_updates_address_fields_with_csrf" time="1.151" /><testcase classname="tests.test_final_qa_r2" name="test_put_me_without_csrf_is_rejected" time="0.832" /><testcase classname="tests.test_final_qa_r2" name="test_regression_login_me_logout_seeded_customer" time="0.542" /><testcase classname="tests.test_final_qa_r2" name="test_regression_booking_fee_bands_preview" time="0.161" /><testcase classname="tests.test_final_qa_r2" name="test_regression_payments_status_public_returns_404_for_unknown" time="0.190" /><testcase classname="tests.test_final_qa_r3" name="test_booking_fee_bands_preview_source_of_truth" time="0.150" /><testcase classname="tests.test_final_qa_r3" name="test_asap_job_persists_photos" time="0.766" /><testcase classname="tests.test_final_qa_r3" name="test_asap_recovery_persists_photos" time="0.554" /><testcase classname="tests.test_final_qa_r3" name="test_presence_ping_ok" time="1.939" /><testcase classname="tests.test_final_qa_r3" name="test_presence_ping_forbidden_for_stranger" time="0.545" /><testcase classname="tests.test_final_qa_r3" name="test_send_message_and_read_stamps" time="0.339" /><testcase classname="tests.test_final_qa_r3" name="test_mark_read_endpoint" time="0.319" /><testcase classname="tests.test_final_qa_r3" name="test_mark_read_forbidden_for_stranger" time="0.583" /><testcase classname="tests.test_final_qa_r3" name="test_unread_count_endpoint" time="0.943" /><testcase classname="tests.test_final_qa_r3" name="test_new_message_email_logged_and_throttled" time="2.481" /><testcase classname="tests.test_final_qa_r3" name="test_new_message_email_suppressed_when_recipient_active" time="1.347" /><testcase classname="tests.test_final_qa_r3" name="test_new_bid_email_logged" time="2.636" /><testcase classname="tests.test_final_qa_r4" name="test_summary_shape_and_paid_only" time="3.101" /><testcase classname="tests.test_final_qa_r4" name="test_summary_preview_ellipsized" time="0.177" /><testcase classname="tests.test_final_qa_r4" name="test_summary_moderated_flag_present" time="0.152" /><testcase classname="tests.test_final_qa_r4" name="test_summary_null_last_message_for_no_messages" time="0.162" /><testcase classname="tests.test_final_qa_r4" name="test_summary_ordered_latest_first" time="0.160" /><testcase classname="tests.test_final_qa_r4" name="test_activity_404_for_missing_booking" time="0.560" /><testcase classname="tests.test_final_qa_r4" name="test_activity_403_for_stranger" time="2.396" /><testcase classname="tests.test_final_qa_r4" name="test_activity_created_only_no_driver" time="0.562" /><testcase classname="tests.test_final_qa_r4" name="test_activity_created_accepted_paid" time="1.989" /><testcase classname="tests.test_final_qa_r4" name="test_activity_with_driver_message" time="2.078" /><testcase classname="tests.test_final_qa_r4" name="test_activity_on_route_emits_en_route_and_delivered" time="1.998" /><testcase classname="tests.test_final_qa_r4" name="test_activity_delivered_status_emits_delivered_event" time="1.628" /></testsuite></testsuites>