<?xml version="1.0" encoding="utf-8"?><testsuites name="pytest tests"><testsuite name="pytest" errors="0" failures="0" skipped="0" tests="85" time="59.291" timestamp="2026-08-04T22:33:52.336007+00:00" hostname="agent-env-b80cdd74-988f-432a-a6ab-4527ecf6944f"><testcase classname="tests.test_password_reset" name="test_forgot_password_existing_email_returns_200_and_creates_token" time="1.375" /><testcase classname="tests.test_password_reset" name="test_forgot_password_nonexistent_email_still_returns_200" time="0.176" /><testcase classname="tests.test_password_reset" name="test_reset_password_full_flow_rotates_password" time="1.588" /><testcase classname="tests.test_password_reset" name="test_reset_password_token_is_single_use" time="0.922" /><testcase classname="tests.test_password_reset" name="test_reset_password_invalid_token_rejected" time="0.131" /><testcase classname="tests.test_password_reset" name="test_reset_password_short_new_password_rejected" time="0.638" /><testcase classname="tests.test_password_reset" name="test_forgot_password_gracefully_skipped_without_resend_key" time="0.562" /><testcase classname="tests.test_booking_fee_bands" name="test_booking_fee_bands_match_spec[50.0-15.0-7.5]" time="0.142" /><testcase classname="tests.test_booking_fee_bands" name="test_booking_fee_bands_match_spec[150.0-15.0-22.5]" time="0.126" /><testcase classname="tests.test_booking_fee_bands" name="test_booking_fee_bands_match_spec[150.01-14.0-21.0]" time="0.125" /><testcase classname="tests.test_booking_fee_bands" name="test_booking_fee_bands_match_spec[151.0-14.0-21.14]" time="0.134" /><testcase classname="tests.test_booking_fee_bands" name="test_booking_fee_bands_match_spec[299.0-14.0-41.86]" time="0.125" /><testcase classname="tests.test_booking_fee_bands" name="test_booking_fee_bands_match_spec[300.0-14.0-42.0]" time="0.112" /><testcase classname="tests.test_booking_fee_bands" name="test_booking_fee_bands_match_spec[300.01-13.0-39.0]" time="0.118" /><testcase classname="tests.test_booking_fee_bands" name="test_booking_fee_bands_match_spec[301.0-13.0-39.13]" time="0.230" /><testcase classname="tests.test_booking_fee_bands" name="test_booking_fee_bands_match_spec[600.0-13.0-78.0]" time="0.110" /><testcase classname="tests.test_booking_fee_bands" name="test_booking_fee_bands_match_spec[600.01-12.0-72.0]" time="0.119" /><testcase classname="tests.test_booking_fee_bands" name="test_booking_fee_bands_match_spec[601.0-12.0-72.12]" time="0.124" /><testcase classname="tests.test_booking_fee_bands" name="test_booking_fee_bands_match_spec[999.0-12.0-119.88]" time="0.118" /><testcase classname="tests.test_booking_fee_bands" name="test_booking_fee_bands_match_spec[1000.0-12.0-120.0]" time="0.119" /><testcase classname="tests.test_booking_fee_bands" name="test_booking_fee_bands_match_spec[1000.01-10.0-100.0]" time="0.115" /><testcase classname="tests.test_booking_fee_bands" name="test_booking_fee_bands_match_spec[1001.0-10.0-100.1]" time="0.121" /><testcase classname="tests.test_booking_fee_bands" name="test_booking_fee_bands_match_spec[2500.0-10.0-250.0]" time="0.117" /><testcase classname="tests.test_booking_fee_bands" name="test_negative_input_rejected" time="0.120" /><testcase classname="tests.test_booking_fee_bands" name="test_zero_charge_still_returns_a_band" time="0.119" /><testcase classname="tests.test_moderation" name="test_sanitiser_catches_leak[Call me on 07700 900123 when you arrive-phone]" time="0.001" /><testcase classname="tests.test_moderation" name="test_sanitiser_catches_leak[Ring me at +44 7700900123-phone]" time="0.000" /><testcase classname="tests.test_moderation" name="test_sanitiser_catches_leak[Text 07700-900-123 please-phone]" time="0.000" /><testcase classname="tests.test_moderation" name="test_sanitiser_catches_leak[Reach me at driver@example.com-email]" time="0.000" /><testcase classname="tests.test_moderation" name="test_sanitiser_catches_leak[Contact john.smith+tag@sub.co.uk-email]" time="0.000" /><testcase classname="tests.test_moderation" name="test_sanitiser_catches_leak[Check https://joesremovals.co.uk/quote-URL]" time="0.000" /><testcase classname="tests.test_moderation" name="test_sanitiser_catches_leak[Visit joesremovals.co.uk for pricing-URL]" time="0.000" /><testcase classname="tests.test_moderation" name="test_sanitiser_catches_leak[Add me on WhatsApp-WhatsApp]" time="0.000" /><testcase classname="tests.test_moderation" name="test_sanitiser_catches_leak[wa.me/447700900123-URL]" time="0.000" /><testcase classname="tests.test_moderation" name="test_sanitiser_catches_leak[dm me on instagram-Instagram]" time="0.000" /><testcase classname="tests.test_moderation" name="test_sanitiser_catches_leak[hit me up on tiktok-TikTok]" time="0.000" /><testcase classname="tests.test_moderation" name="test_sanitiser_catches_leak[message me on telegram-Telegram]" time="0.000" /><testcase classname="tests.test_moderation" name="test_sanitiser_catches_leak[t.me/joesremovals-URL]" time="0.000" /><testcase classname="tests.test_moderation" name="test_sanitiser_catches_leak[find me on facebook-Facebook]" time="0.000" /><testcase classname="tests.test_moderation" name="test_sanitiser_catches_leak[hmu on snapchat-Snapchat]" time="0.000" /><testcase classname="tests.test_moderation" name="test_sanitiser_catches_leak[Add me on Discord-Discord]" time="0.000" /><testcase classname="tests.test_moderation" name="test_sanitiser_catches_leak[dm me on linked-in later-LinkedIn]" time="0.000" /><testcase classname="tests.test_moderation" name="test_sanitiser_catches_leak[my youtube is joesvans-YouTube]" time="0.000" /><testcase classname="tests.test_moderation" name="test_sanitiser_catches_leak[call me on 07700 900 123 outside the app-off-platform contact request]" time="0.000" /><testcase classname="tests.test_moderation" name="test_sanitiser_catches_leak[give me a call at 07700900123-off-platform contact request]" time="0.000" /><testcase classname="tests.test_moderation" name="test_sanitiser_catches_leak[meet me at SW1A 1AA my home address-postcode]" time="0.000" /><testcase classname="tests.test_moderation" name="test_sanitise_or_reject_hard_raises" time="0.000" /><testcase classname="tests.test_moderation" name="test_sanitiser_leaves_normal_chat_alone[Please deliver the pallet to loading bay 4]" time="0.000" /><testcase classname="tests.test_moderation" name="test_sanitiser_leaves_normal_chat_alone[I'll be parked next to the goods entrance]" time="0.000" /><testcase classname="tests.test_moderation" name="test_sanitiser_leaves_normal_chat_alone[Fragile \u2014 3 monitors, please handle carefully]" time="0.000" /><testcase classname="tests.test_moderation" name="test_sanitiser_leaves_normal_chat_alone[Come between 9am and 5pm]" time="0.000" /><testcase classname="tests.test_moderation" name="test_sanitiser_leaves_normal_chat_alone[The freight is 1200kg, needs a tail lift]" time="0.000" /><testcase classname="tests.test_moderation" name="test_sanitiser_leaves_normal_chat_alone[Vehicle is a Ford Focus 2019]" time="0.000" /><testcase classname="tests.test_moderation" name="test_sanitiser_leaves_normal_chat_alone[\xa365 for a small parcel is reasonable]" time="0.000" /><testcase classname="tests.test_moderation" name="test_sanitiser_leaves_normal_chat_alone[Available Tuesday or Wednesday]" time="0.000" /><testcase classname="tests.test_moderation" name="test_sanitiser_leaves_normal_chat_alone[The route is 182 miles \u2014 approx 4 hours]" time="0.000" /><testcase classname="tests.test_moderation" name="test_sanitiser_leaves_normal_chat_alone[Pickup postcode is SW1A 1AA]" time="0.000" /><testcase classname="tests.test_moderation" name="test_sanitiser_leaves_normal_chat_alone[Dropoff is at M1 2AB]" time="0.000" /><testcase classname="tests.test_moderation" name="test_sanitiser_empty_and_none" time="0.000" /><testcase classname="tests.test_moderation" name="test_sanitiser_never_raises_on_weird_input" time="0.001" /><testcase classname="tests.test_cookie_auth" name="test_login_sets_httponly_cookie" time="0.336" /><testcase classname="tests.test_cookie_auth" name="test_me_works_with_cookie_only" time="0.422" /><testcase classname="tests.test_cookie_auth" name="test_bearer_still_works" time="0.548" /><testcase classname="tests.test_cookie_auth" name="test_register_sets_cookie_and_returns_token" time="0.412" /><testcase classname="tests.test_cookie_auth" name="test_logout_clears_cookie_and_blocks_subsequent_requests" time="0.582" /><testcase classname="tests.test_cookie_auth" name="test_no_auth_returns_401" time="0.117" /><testcase classname="tests.test_payment_and_csrf_security.TestWebhookTokenHardening" name="test_webhook_without_token_query_is_rejected" time="1.918" /><testcase classname="tests.test_payment_and_csrf_security.TestWebhookTokenHardening" name="test_webhook_with_wrong_token_is_rejected" time="1.780" /><testcase classname="tests.test_payment_and_csrf_security.TestWebhookTokenHardening" name="test_webhook_with_unknown_session_no_state_change" time="0.115" /><testcase classname="tests.test_payment_and_csrf_security.TestWebhookTokenHardening" name="test_webhook_malformed_body_returns_400" time="0.110" /><testcase classname="tests.test_payment_and_csrf_security.TestBrowserCSRF" name="test_missing_csrf_header_rejects_cookie_mutation" time="0.421" /><testcase classname="tests.test_payment_and_csrf_security.TestBrowserCSRF" name="test_invalid_csrf_header_rejects" time="0.419" /><testcase classname="tests.test_payment_and_csrf_security.TestBrowserCSRF" name="test_valid_csrf_header_allows_mutation" time="0.414" /><testcase classname="tests.test_payment_and_csrf_security.TestBrowserCSRF" name="test_bearer_bypasses_csrf" time="0.471" /><testcase classname="tests.test_payment_and_csrf_security.TestBrowserCSRF" name="test_login_issues_csrf_cookie" time="0.357" /><testcase classname="tests.test_payment_and_csrf_security.TestBrowserCSRF" name="test_logout_clears_csrf_cookie" time="0.395" /><testcase classname="tests.test_payment_and_csrf_security.TestBrowserCSRF" name="test_me_reissues_csrf_when_missing" time="0.399" /><testcase classname="tests.test_payment_and_csrf_security.TestBrowserCSRF" name="test_get_requests_never_require_csrf" time="0.764" /><testcase classname="tests.test_payment_finalisation.TestWebhookFinalisation" name="test_webhook_finalises_pending_booking" time="1.908" /><testcase classname="tests.test_payment_finalisation.TestWebhookFinalisation" name="test_webhook_duplicate_delivery_is_idempotent" time="2.052" /><testcase classname="tests.test_payment_finalisation.TestWebhookFinalisation" name="test_webhook_unknown_session_is_safe" time="0.123" /><testcase classname="tests.test_payment_finalisation.TestWebhookFinalisation" name="test_webhook_expired_on_paid_session_does_not_downgrade" time="1.809" /><testcase classname="tests.test_payment_finalisation.TestStatusPollerIdempotency" name="test_repeated_polls_after_paid_do_not_change_paid_at" time="32.625" /><testcase classname="tests.test_payment_finalisation.TestStatusPollerIdempotency" name="test_status_returns_db_state_even_if_stripe_unreachable" time="1.800" /><testcase classname="tests.test_payment_finalisation.TestBookingCreateIdempotency" name="test_double_post_bookings_returns_same_id" time="1.236" /></testsuite></testsuites>