<?xml version="1.0" encoding="utf-8"?><testsuites name="pytest tests"><testsuite name="pytest" errors="0" failures="3" skipped="0" tests="40" time="91.344" timestamp="2026-07-31T15:40:45.166509+00:00" hostname="agent-env-b80cdd74-988f-432a-a6ab-4527ecf6944f"><testcase classname="tests.test_payment_and_csrf_security.TestBrowserCSRF" name="test_missing_csrf_header_rejects_cookie_mutation" time="1.519" /><testcase classname="tests.test_realtime_dispatch.TestASAPRequestCreation" name="test_asap_request_creation" time="1.865" /><testcase classname="tests.test_payment_and_csrf_security.TestBrowserCSRF" name="test_invalid_csrf_header_rejects" time="0.378" /><testcase classname="tests.test_realtime_dispatch.TestASAPRequestCreation" name="test_breakdown_recovery_captures_operational_info" time="0.598" /><testcase classname="tests.test_payment_and_csrf_security.TestBrowserCSRF" name="test_valid_csrf_header_allows_mutation" time="0.608" /><testcase classname="tests.test_realtime_dispatch.TestASAPRequestCreation" name="test_invalid_service_timing_rejected" time="0.596" /><testcase classname="tests.test_payment_and_csrf_security.TestBrowserCSRF" name="test_bearer_bypasses_csrf" time="0.651" /><testcase classname="tests.test_realtime_dispatch.TestASAPRequestCreation" name="test_invalid_service_type_rejected" time="0.605" /><testcase classname="tests.test_payment_and_csrf_security.TestBrowserCSRF" name="test_login_issues_csrf_cookie" time="0.506" /><testcase classname="tests.test_payment_and_csrf_security.TestBrowserCSRF" name="test_logout_clears_csrf_cookie" time="0.613" /><testcase classname="tests.test_realtime_dispatch.TestASAPRequestCreation" name="test_asap_must_be_fixed_price" time="0.666" /><testcase classname="tests.test_payment_and_csrf_security.TestBrowserCSRF" name="test_me_reissues_csrf_when_missing" time="0.554" /><testcase classname="tests.test_realtime_dispatch.TestDriverLiveMode" name="test_non_driver_blocked" time="0.834" /><testcase classname="tests.test_payment_and_csrf_security.TestBrowserCSRF" name="test_get_requests_never_require_csrf" time="0.438" /><testcase classname="tests.test_realtime_dispatch.TestDriverLiveMode" name="test_online_offline_roundtrip" time="1.428" /><testcase classname="tests.test_realtime_dispatch.TestAtomicClaim" name="test_many_concurrent_claims_exactly_one_wins" time="5.296" /><testcase classname="tests.test_realtime_dispatch.TestDriverLiveMode" name="test_invalid_coordinates_rejected" time="1.049" /><testcase classname="tests.test_realtime_dispatch.TestDriverLiveMode" name="test_heartbeat_requires_online_first" time="0.795" /><testcase classname="tests.test_realtime_dispatch.TestDriverLiveMode" name="test_offline_driver_gets_no_offers" time="0.445" /><testcase classname="tests.test_payment_finalisation.TestWebhookFinalisation" name="test_webhook_finalises_pending_booking" time="2.394" /><testcase classname="tests.test_realtime_dispatch.TestAtomicClaim" name="test_winner_duplicate_claim_is_idempotent" time="1.530" /><testcase classname="tests.test_payment_finalisation.TestWebhookFinalisation" name="test_webhook_duplicate_delivery_is_idempotent" time="2.424" /><testcase classname="tests.test_realtime_dispatch.TestAtomicClaim" name="test_cancelled_job_cannot_be_claimed" time="1.254" /><testcase classname="tests.test_realtime_dispatch.TestAtomicClaim" name="test_scheduled_job_rejects_claim_endpoint" time="1.367" /><testcase classname="tests.test_payment_finalisation.TestWebhookFinalisation" name="test_webhook_unknown_session_is_safe" time="0.324" /><testcase classname="tests.test_payment_finalisation.TestWebhookFinalisation" name="test_webhook_expired_on_paid_session_does_not_downgrade" time="2.368" /><testcase classname="tests.test_realtime_dispatch.TestAtomicClaim" name="test_asap_job_rejects_accept_endpoint" time="1.228" /><testcase classname="tests.test_payment_and_csrf_security.TestWebhookTokenHardening" name="test_webhook_without_token_query_is_rejected" time="1.923" /><testcase classname="tests.test_realtime_dispatch.TestDispatchEligibility" name="test_unpaid_asap_is_not_dispatch_eligible" time="0.740" /><testcase classname="tests.test_realtime_dispatch.TestDispatchEligibility" name="test_paid_asap_becomes_dispatch_eligible" time="1.087" /><testcase classname="tests.test_payment_and_csrf_security.TestWebhookTokenHardening" name="test_webhook_with_wrong_token_is_rejected" time="30.708"><failure message="requests.exceptions.ConnectTimeout: HTTPSConnectionPool(host='cargo-repo-bridge.preview.emergentagent.com', port=443): Max retries exceeded with url: /api/jobs (Caused by ConnectTimeoutError(&lt;HTTPSConnection(host='cargo-repo-bridge.preview.emergentagent.com', port=443) at 0xf81327c28d90&gt;, 'Connection to cargo-repo-bridge.preview.emergentagent.com timed out. (connect timeout=15)'))">/root/.venv/lib/python3.11/site-packages/urllib3/connection.py:204: in _new_conn
    sock = connection.create_connection(
/root/.venv/lib/python3.11/site-packages/urllib3/util/connection.py:85: in create_connection
    raise err
/root/.venv/lib/python3.11/site-packages/urllib3/util/connection.py:73: in create_connection
    sock.connect(sa)
E   TimeoutError: timed out

The above exception was the direct cause of the following exception:
/root/.venv/lib/python3.11/site-packages/urllib3/connectionpool.py:788: in urlopen
    response = self._make_request(
/root/.venv/lib/python3.11/site-packages/urllib3/connectionpool.py:488: in _make_request
    raise new_e
/root/.venv/lib/python3.11/site-packages/urllib3/connectionpool.py:464: in _make_request
    self._validate_conn(conn)
/root/.venv/lib/python3.11/site-packages/urllib3/connectionpool.py:1106: in _validate_conn
    conn.connect()
/root/.venv/lib/python3.11/site-packages/urllib3/connection.py:759: in connect
    self.sock = sock = self._new_conn()
                       ^^^^^^^^^^^^^^^^
/root/.venv/lib/python3.11/site-packages/urllib3/connection.py:213: in _new_conn
    raise ConnectTimeoutError(
E   urllib3.exceptions.ConnectTimeoutError: (&lt;HTTPSConnection(host='cargo-repo-bridge.preview.emergentagent.com', port=443) at 0xf81327c28d90&gt;, 'Connection to cargo-repo-bridge.preview.emergentagent.com timed out. (connect timeout=15)')

The above exception was the direct cause of the following exception:
/root/.venv/lib/python3.11/site-packages/requests/adapters.py:696: in send
    resp = conn.urlopen(
/root/.venv/lib/python3.11/site-packages/urllib3/connectionpool.py:842: in urlopen
    retries = retries.increment(
/root/.venv/lib/python3.11/site-packages/urllib3/util/retry.py:543: in increment
    raise MaxRetryError(_pool, url, reason) from reason  # type: ignore[arg-type]
    ^^^^^^^^^^^^^^^^^^^^^^^^^^^^^^^^^^^^^^^^^^^^^^^^^^^
E   urllib3.exceptions.MaxRetryError: HTTPSConnectionPool(host='cargo-repo-bridge.preview.emergentagent.com', port=443): Max retries exceeded with url: /api/jobs (Caused by ConnectTimeoutError(&lt;HTTPSConnection(host='cargo-repo-bridge.preview.emergentagent.com', port=443) at 0xf81327c28d90&gt;, 'Connection to cargo-repo-bridge.preview.emergentagent.com timed out. (connect timeout=15)'))

During handling of the above exception, another exception occurred:
backend/tests/test_payment_and_csrf_security.py:107: in test_webhook_with_wrong_token_is_rejected
    booking_id, sid = _seed_session(cust, drv)
                      ^^^^^^^^^^^^^^^^^^^^^^^^
backend/tests/test_payment_and_csrf_security.py:42: in _seed_session
    r = requests.post(
/root/.venv/lib/python3.11/site-packages/requests/api.py:134: in post
    return request("post", url, data=data, json=json, **kwargs)
           ^^^^^^^^^^^^^^^^^^^^^^^^^^^^^^^^^^^^^^^^^^^^^^^^^^^^
/root/.venv/lib/python3.11/site-packages/requests/api.py:71: in request
    return session.request(method=method, url=url, **kwargs)
           ^^^^^^^^^^^^^^^^^^^^^^^^^^^^^^^^^^^^^^^^^^^^^^^^^
/root/.venv/lib/python3.11/site-packages/requests/sessions.py:651: in request
    resp = self.send(prep, **send_kwargs)
           ^^^^^^^^^^^^^^^^^^^^^^^^^^^^^^
/root/.venv/lib/python3.11/site-packages/requests/sessions.py:784: in send
    r = adapter.send(request, **kwargs)
        ^^^^^^^^^^^^^^^^^^^^^^^^^^^^^^^
/root/.venv/lib/python3.11/site-packages/requests/adapters.py:717: in send
    raise ConnectTimeout(e, request=request)
E   requests.exceptions.ConnectTimeout: HTTPSConnectionPool(host='cargo-repo-bridge.preview.emergentagent.com', port=443): Max retries exceeded with url: /api/jobs (Caused by ConnectTimeoutError(&lt;HTTPSConnection(host='cargo-repo-bridge.preview.emergentagent.com', port=443) at 0xf81327c28d90&gt;, 'Connection to cargo-repo-bridge.preview.emergentagent.com timed out. (connect timeout=15)'))</failure></testcase><testcase classname="tests.test_realtime_dispatch.TestDispatchEligibility" name="test_customer_cannot_read_other_customers_dispatch_state" time="30.033"><failure message="requests.exceptions.ConnectTimeout: HTTPSConnectionPool(host='cargo-repo-bridge.preview.emergentagent.com', port=443): Max retries exceeded with url: /api/auth/register (Caused by ConnectTimeoutError(&lt;HTTPSConnection(host='cargo-repo-bridge.preview.emergentagent.com', port=443) at 0xfc7f2f099310&gt;, 'Connection to cargo-repo-bridge.preview.emergentagent.com timed out. (connect timeout=15)'))">/root/.venv/lib/python3.11/site-packages/urllib3/connection.py:204: in _new_conn
    sock = connection.create_connection(
/root/.venv/lib/python3.11/site-packages/urllib3/util/connection.py:85: in create_connection
    raise err
/root/.venv/lib/python3.11/site-packages/urllib3/util/connection.py:73: in create_connection
    sock.connect(sa)
E   TimeoutError: timed out

The above exception was the direct cause of the following exception:
/root/.venv/lib/python3.11/site-packages/urllib3/connectionpool.py:788: in urlopen
    response = self._make_request(
/root/.venv/lib/python3.11/site-packages/urllib3/connectionpool.py:488: in _make_request
    raise new_e
/root/.venv/lib/python3.11/site-packages/urllib3/connectionpool.py:464: in _make_request
    self._validate_conn(conn)
/root/.venv/lib/python3.11/site-packages/urllib3/connectionpool.py:1106: in _validate_conn
    conn.connect()
/root/.venv/lib/python3.11/site-packages/urllib3/connection.py:759: in connect
    self.sock = sock = self._new_conn()
                       ^^^^^^^^^^^^^^^^
/root/.venv/lib/python3.11/site-packages/urllib3/connection.py:213: in _new_conn
    raise ConnectTimeoutError(
E   urllib3.exceptions.ConnectTimeoutError: (&lt;HTTPSConnection(host='cargo-repo-bridge.preview.emergentagent.com', port=443) at 0xfc7f2f099310&gt;, 'Connection to cargo-repo-bridge.preview.emergentagent.com timed out. (connect timeout=15)')

The above exception was the direct cause of the following exception:
/root/.venv/lib/python3.11/site-packages/requests/adapters.py:696: in send
    resp = conn.urlopen(
/root/.venv/lib/python3.11/site-packages/urllib3/connectionpool.py:842: in urlopen
    retries = retries.increment(
/root/.venv/lib/python3.11/site-packages/urllib3/util/retry.py:543: in increment
    raise MaxRetryError(_pool, url, reason) from reason  # type: ignore[arg-type]
    ^^^^^^^^^^^^^^^^^^^^^^^^^^^^^^^^^^^^^^^^^^^^^^^^^^^
E   urllib3.exceptions.MaxRetryError: HTTPSConnectionPool(host='cargo-repo-bridge.preview.emergentagent.com', port=443): Max retries exceeded with url: /api/auth/register (Caused by ConnectTimeoutError(&lt;HTTPSConnection(host='cargo-repo-bridge.preview.emergentagent.com', port=443) at 0xfc7f2f099310&gt;, 'Connection to cargo-repo-bridge.preview.emergentagent.com timed out. (connect timeout=15)'))

During handling of the above exception, another exception occurred:
backend/tests/test_realtime_dispatch.py:234: in test_customer_cannot_read_other_customers_dispatch_state
    cust_a = _register("customer")
             ^^^^^^^^^^^^^^^^^^^^^
backend/tests/test_realtime_dispatch.py:50: in _register
    r = requests.post(
/root/.venv/lib/python3.11/site-packages/requests/api.py:134: in post
    return request("post", url, data=data, json=json, **kwargs)
           ^^^^^^^^^^^^^^^^^^^^^^^^^^^^^^^^^^^^^^^^^^^^^^^^^^^^
/root/.venv/lib/python3.11/site-packages/requests/api.py:71: in request
    return session.request(method=method, url=url, **kwargs)
           ^^^^^^^^^^^^^^^^^^^^^^^^^^^^^^^^^^^^^^^^^^^^^^^^^
/root/.venv/lib/python3.11/site-packages/requests/sessions.py:651: in request
    resp = self.send(prep, **send_kwargs)
           ^^^^^^^^^^^^^^^^^^^^^^^^^^^^^^
/root/.venv/lib/python3.11/site-packages/requests/sessions.py:784: in send
    r = adapter.send(request, **kwargs)
        ^^^^^^^^^^^^^^^^^^^^^^^^^^^^^^^
/root/.venv/lib/python3.11/site-packages/requests/adapters.py:717: in send
    raise ConnectTimeout(e, request=request)
E   requests.exceptions.ConnectTimeout: HTTPSConnectionPool(host='cargo-repo-bridge.preview.emergentagent.com', port=443): Max retries exceeded with url: /api/auth/register (Caused by ConnectTimeoutError(&lt;HTTPSConnection(host='cargo-repo-bridge.preview.emergentagent.com', port=443) at 0xfc7f2f099310&gt;, 'Connection to cargo-repo-bridge.preview.emergentagent.com timed out. (connect timeout=15)'))</failure></testcase><testcase classname="tests.test_payment_finalisation.TestStatusPollerIdempotency" name="test_repeated_polls_after_paid_do_not_change_paid_at" time="34.921" /><testcase classname="tests.test_payment_and_csrf_security.TestWebhookTokenHardening" name="test_webhook_with_unknown_session_no_state_change" time="15.117" /><testcase classname="tests.test_payment_and_csrf_security.TestWebhookTokenHardening" name="test_webhook_malformed_body_returns_400" time="0.165" /><testcase classname="tests.test_payment_finalisation.TestBookingCreateIdempotency" name="test_double_post_bookings_returns_same_id" time="1.138" /><testcase classname="tests.test_realtime_dispatch.TestScheduledBaselinePreserved" name="test_scheduled_job_creation_still_works" time="0.433" /><testcase classname="tests.test_payment_finalisation.TestStatusPollerIdempotency" name="test_status_returns_db_state_even_if_stripe_unreachable" time="1.789" /><testcase classname="tests.test_realtime_dispatch.TestOfferMatching" name="test_nearby_online_driver_receives_paid_asap_offer" time="1.002"><failure message="AssertionError: assert '9733981b-426a-45fa-9d90-40e8f788fd99' in ['b0b1776a-02ea-4dd3-9d08-31686de94bf2', 'f15e2a91-42b9-419b-9061-430208442b68', '3f4e6d3d-321b-4dd7-a92a-dd6f31a0917c', '02b812ed-faff-4039-9318-ab59faeec3eb', 'f3abd0fe-c801-4ae1-9f59-cd821132769a', 'e8fe62ab-301e-4575-b0bc-d634548377f0', ...]">backend/tests/test_realtime_dispatch.py:313: in test_nearby_online_driver_receives_paid_asap_offer
    assert job["id"] in job_ids
E   AssertionError: assert '9733981b-426a-45fa-9d90-40e8f788fd99' in ['b0b1776a-02ea-4dd3-9d08-31686de94bf2', 'f15e2a91-42b9-419b-9061-430208442b68', '3f4e6d3d-321b-4dd7-a92a-dd6f31a0917c', '02b812ed-faff-4039-9318-ab59faeec3eb', 'f3abd0fe-c801-4ae1-9f59-cd821132769a', 'e8fe62ab-301e-4575-b0bc-d634548377f0', ...]</failure></testcase><testcase classname="tests.test_realtime_dispatch.TestOfferMatching" name="test_distant_driver_does_not_receive_offer" time="4.116" /></testsuite></testsuites>