<?xml version="1.0" encoding="utf-8"?><testsuites name="pytest tests"><testsuite name="pytest" errors="0" failures="0" skipped="0" tests="22" time="5.117" timestamp="2026-07-19T13:49:05.711816+00:00" hostname="agent-env-578267fa-29cc-40ab-a485-bcfc402afbb0"><testcase classname="backend.tests.test_wave3_prelaunch_A_driver_verification.TestAdminDriverDetail" name="test_admin_ok_schema" time="0.923" /><testcase classname="backend.tests.test_wave3_prelaunch_A_driver_verification.TestAdminDriverDetail" name="test_403_for_driver_jwt" time="0.348" /><testcase classname="backend.tests.test_wave3_prelaunch_A_driver_verification.TestAdminDriverDetail" name="test_403_for_customer_jwt" time="0.622" /><testcase classname="backend.tests.test_wave3_prelaunch_A_driver_verification.TestAdminDriverDetail" name="test_404_unknown_driver" time="0.046" /><testcase classname="backend.tests.test_wave3_prelaunch_A_driver_verification.TestAdminDriverDetail" name="test_400_non_driver_id_admin" time="0.088" /><testcase classname="backend.tests.test_wave3_prelaunch_A_driver_verification.TestAdminDriverDetail" name="test_400_non_driver_id_customer" time="0.117" /><testcase classname="backend.tests.test_wave3_prelaunch_A_driver_verification.TestAdminApproveHistory" name="test_approve_appends_history" time="0.178" /><testcase classname="backend.tests.test_wave3_prelaunch_A_driver_verification.TestAdminApproveHistory" name="test_approve_404_unknown" time="0.043" /><testcase classname="backend.tests.test_wave3_prelaunch_A_driver_verification.TestAdminSuspend" name="test_suspend_with_reason" time="0.138" /><testcase classname="backend.tests.test_wave3_prelaunch_A_driver_verification.TestAdminSuspend" name="test_suspend_empty_body_still_ok" time="0.149" /><testcase classname="backend.tests.test_wave3_prelaunch_A_driver_verification.TestAdminSuspend" name="test_suspend_forbidden_for_non_admin" time="0.049" /><testcase classname="backend.tests.test_wave3_prelaunch_A_driver_verification.TestAdminRequestChanges" name="test_request_changes_ok" time="0.139" /><testcase classname="backend.tests.test_wave3_prelaunch_A_driver_verification.TestAdminRequestChanges" name="test_request_changes_reason_too_short" time="0.045" /><testcase classname="backend.tests.test_wave3_prelaunch_A_driver_verification.TestAdminRequestChanges" name="test_request_changes_non_driver_target" time="0.043" /><testcase classname="backend.tests.test_wave3_prelaunch_A_driver_verification.TestAdminRequestChanges" name="test_request_changes_unknown_user" time="0.054" /><testcase classname="backend.tests.test_wave3_prelaunch_A_driver_verification.TestAdminRequestChanges" name="test_request_changes_forbidden_for_non_admin" time="0.047" /><testcase classname="backend.tests.test_wave3_prelaunch_A_driver_verification.TestDriverResubmit" name="test_resubmit_from_changes_requested" time="0.441" /><testcase classname="backend.tests.test_wave3_prelaunch_A_driver_verification.TestDriverResubmit" name="test_resubmit_400_when_not_in_changes_requested" time="0.352" /><testcase classname="backend.tests.test_wave3_prelaunch_A_driver_verification.TestDriverResubmit" name="test_resubmit_401_missing_token" time="0.043" /><testcase classname="backend.tests.test_wave3_prelaunch_A_driver_verification.TestDriverResubmit" name="test_resubmit_400_when_not_driver" time="0.042" /><testcase classname="backend.tests.test_wave3_prelaunch_A_driver_verification.TestAuthMeNewFields" name="test_me_reflects_changes_requested" time="0.485" /><testcase classname="backend.tests.test_wave3_prelaunch_A_driver_verification.TestFullStateMachine" name="test_approve_suspend_approve_request_resubmit" time="0.675" /></testsuite></testsuites>