<?xml version="1.0" encoding="utf-8"?><testsuites name="pytest tests"><testsuite name="pytest" errors="0" failures="0" skipped="0" tests="41" time="7.760" timestamp="2026-07-19T14:29:04.928417+00:00" hostname="agent-env-578267fa-29cc-40ab-a485-bcfc402afbb0"><testcase classname="backend.tests.test_wave3_phaseB_search_and_driver_dashboard.TestSearchPublic" name="test_empty_query_returns_default_marketing_pages" time="0.136" /><testcase classname="backend.tests.test_wave3_phaseB_search_and_driver_dashboard.TestSearchPublic" name="test_query_matches_categories_and_vehicles" time="0.043" /><testcase classname="backend.tests.test_wave3_phaseB_search_and_driver_dashboard.TestSearchPublic" name="test_malformed_jwt_does_not_crash" time="0.045" /><testcase classname="backend.tests.test_wave3_phaseB_search_and_driver_dashboard.TestSearchDriver" name="test_driver_jobs_only_posted_or_own_assignments" time="0.360" /><testcase classname="backend.tests.test_wave3_phaseB_search_and_driver_dashboard.TestSearchDriver" name="test_driver_dashboard_public_structure" time="0.046" /><testcase classname="backend.tests.test_wave3_phaseB_search_and_driver_dashboard.TestSearchCustomer" name="test_customer_jobs_only_their_own" time="0.450" /><testcase classname="backend.tests.test_wave3_phaseB_search_and_driver_dashboard.TestSearchAdmin" name="test_admin_users_populated_for_driver_query" time="0.311" /><testcase classname="backend.tests.test_wave3_phaseB_search_and_driver_dashboard.TestSearchAdmin" name="test_admin_users_populated_for_email_domain_query" time="0.047" /><testcase classname="backend.tests.test_wave3_phaseB_search_and_driver_dashboard.TestSearchScopeMarketing" name="test_marketing_scope_filters_admin_users" time="0.046" /><testcase classname="backend.tests.test_wave3_phaseB_search_and_driver_dashboard.TestSearchScopeMarketing" name="test_marketing_scope_filters_driver_jobs" time="0.046" /><testcase classname="backend.tests.test_wave3_phaseB_search_and_driver_dashboard.TestDriverDashboard" name="test_driver_dashboard_ok_schema" time="0.053" /><testcase classname="backend.tests.test_wave3_phaseB_search_and_driver_dashboard.TestDriverDashboard" name="test_driver_dashboard_forbidden_for_customer" time="0.044" /><testcase classname="backend.tests.test_wave3_phaseB_search_and_driver_dashboard.TestDriverDashboard" name="test_driver_dashboard_forbidden_for_admin" time="0.044" /><testcase classname="backend.tests.test_wave3_phaseB_search_and_driver_dashboard.TestRegression" name="test_login_existing_users" time="0.803" /><testcase classname="backend.tests.test_wave3_phaseB_search_and_driver_dashboard.TestRegression" name="test_catalog_categories" time="0.045" /><testcase classname="backend.tests.test_wave3_phaseB_search_and_driver_dashboard.TestRegression" name="test_catalog_vehicles" time="0.044" /><testcase classname="backend.tests.test_wave3_phaseB_search_and_driver_dashboard.TestRegression" name="test_catalog_capabilities" time="0.046" /><testcase classname="backend.tests.test_wave3_phaseB_search_and_driver_dashboard.TestRegression" name="test_admin_stats" time="0.048" /><testcase classname="backend.tests.test_wave3_phaseB_search_and_driver_dashboard.TestRegression" name="test_jobs_nearby" time="0.047" /><testcase classname="backend.tests.test_wave3_prelaunch_A_driver_verification.TestAdminDriverDetail" name="test_admin_ok_schema" time="0.751" /><testcase classname="backend.tests.test_wave3_prelaunch_A_driver_verification.TestAdminDriverDetail" name="test_403_for_driver_jwt" time="0.392" /><testcase classname="backend.tests.test_wave3_prelaunch_A_driver_verification.TestAdminDriverDetail" name="test_403_for_customer_jwt" time="0.617" /><testcase classname="backend.tests.test_wave3_prelaunch_A_driver_verification.TestAdminDriverDetail" name="test_404_unknown_driver" time="0.043" /><testcase classname="backend.tests.test_wave3_prelaunch_A_driver_verification.TestAdminDriverDetail" name="test_400_non_driver_id_admin" time="0.084" /><testcase classname="backend.tests.test_wave3_prelaunch_A_driver_verification.TestAdminDriverDetail" name="test_400_non_driver_id_customer" time="0.128" /><testcase classname="backend.tests.test_wave3_prelaunch_A_driver_verification.TestAdminApproveHistory" name="test_approve_appends_history" time="0.135" /><testcase classname="backend.tests.test_wave3_prelaunch_A_driver_verification.TestAdminApproveHistory" name="test_approve_404_unknown" time="0.046" /><testcase classname="backend.tests.test_wave3_prelaunch_A_driver_verification.TestAdminSuspend" name="test_suspend_with_reason" time="0.136" /><testcase classname="backend.tests.test_wave3_prelaunch_A_driver_verification.TestAdminSuspend" name="test_suspend_empty_body_still_ok" time="0.141" /><testcase classname="backend.tests.test_wave3_prelaunch_A_driver_verification.TestAdminSuspend" name="test_suspend_forbidden_for_non_admin" time="0.048" /><testcase classname="backend.tests.test_wave3_prelaunch_A_driver_verification.TestAdminRequestChanges" name="test_request_changes_ok" time="0.152" /><testcase classname="backend.tests.test_wave3_prelaunch_A_driver_verification.TestAdminRequestChanges" name="test_request_changes_reason_too_short" time="0.057" /><testcase classname="backend.tests.test_wave3_prelaunch_A_driver_verification.TestAdminRequestChanges" name="test_request_changes_non_driver_target" time="0.060" /><testcase classname="backend.tests.test_wave3_prelaunch_A_driver_verification.TestAdminRequestChanges" name="test_request_changes_unknown_user" time="0.048" /><testcase classname="backend.tests.test_wave3_prelaunch_A_driver_verification.TestAdminRequestChanges" name="test_request_changes_forbidden_for_non_admin" time="0.042" /><testcase classname="backend.tests.test_wave3_prelaunch_A_driver_verification.TestDriverResubmit" name="test_resubmit_from_changes_requested" time="0.480" /><testcase classname="backend.tests.test_wave3_prelaunch_A_driver_verification.TestDriverResubmit" name="test_resubmit_400_when_not_in_changes_requested" time="0.359" /><testcase classname="backend.tests.test_wave3_prelaunch_A_driver_verification.TestDriverResubmit" name="test_resubmit_401_missing_token" time="0.043" /><testcase classname="backend.tests.test_wave3_prelaunch_A_driver_verification.TestDriverResubmit" name="test_resubmit_400_when_not_driver" time="0.043" /><testcase classname="backend.tests.test_wave3_prelaunch_A_driver_verification.TestAuthMeNewFields" name="test_me_reflects_changes_requested" time="0.518" /><testcase classname="backend.tests.test_wave3_prelaunch_A_driver_verification.TestFullStateMachine" name="test_approve_suspend_approve_request_resubmit" time="0.693" /></testsuite></testsuites>