<?xml version="1.0" encoding="utf-8"?><testsuites name="pytest tests"><testsuite name="pytest" errors="0" failures="0" skipped="0" tests="19" time="3.433" timestamp="2026-07-17T21:41:57.934904+00:00" hostname="agent-env-578267fa-29cc-40ab-a485-bcfc402afbb0"><testcase classname="tests.test_wave3_phaseB_search_and_driver_dashboard.TestSearchPublic" name="test_empty_query_returns_default_marketing_pages" time="0.179" /><testcase classname="tests.test_wave3_phaseB_search_and_driver_dashboard.TestSearchPublic" name="test_query_matches_categories_and_vehicles" time="0.060" /><testcase classname="tests.test_wave3_phaseB_search_and_driver_dashboard.TestSearchPublic" name="test_malformed_jwt_does_not_crash" time="0.055" /><testcase classname="tests.test_wave3_phaseB_search_and_driver_dashboard.TestSearchDriver" name="test_driver_jobs_only_posted_or_own_assignments" time="0.410" /><testcase classname="tests.test_wave3_phaseB_search_and_driver_dashboard.TestSearchDriver" name="test_driver_dashboard_public_structure" time="0.059" /><testcase classname="tests.test_wave3_phaseB_search_and_driver_dashboard.TestSearchCustomer" name="test_customer_jobs_only_their_own" time="0.396" /><testcase classname="tests.test_wave3_phaseB_search_and_driver_dashboard.TestSearchAdmin" name="test_admin_users_populated_for_driver_query" time="0.338" /><testcase classname="tests.test_wave3_phaseB_search_and_driver_dashboard.TestSearchAdmin" name="test_admin_users_populated_for_email_domain_query" time="0.057" /><testcase classname="tests.test_wave3_phaseB_search_and_driver_dashboard.TestSearchScopeMarketing" name="test_marketing_scope_filters_admin_users" time="0.060" /><testcase classname="tests.test_wave3_phaseB_search_and_driver_dashboard.TestSearchScopeMarketing" name="test_marketing_scope_filters_driver_jobs" time="0.057" /><testcase classname="tests.test_wave3_phaseB_search_and_driver_dashboard.TestDriverDashboard" name="test_driver_dashboard_ok_schema" time="0.054" /><testcase classname="tests.test_wave3_phaseB_search_and_driver_dashboard.TestDriverDashboard" name="test_driver_dashboard_forbidden_for_customer" time="0.054" /><testcase classname="tests.test_wave3_phaseB_search_and_driver_dashboard.TestDriverDashboard" name="test_driver_dashboard_forbidden_for_admin" time="0.055" /><testcase classname="tests.test_wave3_phaseB_search_and_driver_dashboard.TestRegression" name="test_login_existing_users" time="1.074" /><testcase classname="tests.test_wave3_phaseB_search_and_driver_dashboard.TestRegression" name="test_catalog_categories" time="0.059" /><testcase classname="tests.test_wave3_phaseB_search_and_driver_dashboard.TestRegression" name="test_catalog_vehicles" time="0.053" /><testcase classname="tests.test_wave3_phaseB_search_and_driver_dashboard.TestRegression" name="test_catalog_capabilities" time="0.084" /><testcase classname="tests.test_wave3_phaseB_search_and_driver_dashboard.TestRegression" name="test_admin_stats" time="0.092" /><testcase classname="tests.test_wave3_phaseB_search_and_driver_dashboard.TestRegression" name="test_jobs_nearby" time="0.182" /></testsuite></testsuites>