<?xml version="1.0" encoding="utf-8"?><testsuites name="pytest tests"><testsuite name="pytest" errors="0" failures="0" skipped="0" tests="5" time="0.893" timestamp="2026-07-17T14:25:29.401200+00:00" hostname="agent-env-578267fa-29cc-40ab-a485-bcfc402afbb0"><testcase classname="backend.tests.test_wave2_smoke" name="test_root_endpoint" time="0.169" /><testcase classname="backend.tests.test_wave2_smoke" name="test_admin_login" time="0.300" /><testcase classname="backend.tests.test_wave2_smoke" name="test_register_new_customer" time="0.285" /><testcase classname="backend.tests.test_wave2_smoke" name="test_deposit_bands" time="0.057" /><testcase classname="backend.tests.test_wave2_smoke" name="test_booking_fee_preview" time="0.059" /></testsuite></testsuites>