<?xml version="1.0" encoding="utf-8"?><testsuites name="pytest tests"><testsuite name="pytest" errors="0" failures="0" skipped="0" tests="14" time="0.591" timestamp="2026-07-17T15:09:35.573239+00:00" hostname="agent-env-578267fa-29cc-40ab-a485-bcfc402afbb0"><testcase classname="backend.tests.test_wave3_catalog.TestPublicCatalog" name="test_categories_returns_26_ordered" time="0.006" /><testcase classname="backend.tests.test_wave3_catalog.TestPublicCatalog" name="test_vehicles_returns_16_ordered" time="0.003" /><testcase classname="backend.tests.test_wave3_catalog.TestPublicCatalog" name="test_categories_include_inactive_returns_all" time="0.003" /><testcase classname="backend.tests.test_wave3_catalog.TestRecommendVehicle" name="test_parcels_small_load" time="0.003" /><testcase classname="backend.tests.test_wave3_catalog.TestRecommendVehicle" name="test_house_removals_needs_loading_help" time="0.002" /><testcase classname="backend.tests.test_wave3_catalog.TestRecommendVehicle" name="test_machinery_forklift_boost" time="0.003" /><testcase classname="backend.tests.test_wave3_catalog.TestRecommendVehicle" name="test_documents_motorcycle_first" time="0.003" /><testcase classname="backend.tests.test_wave3_catalog.TestRecommendVehicle" name="test_unknown_category_returns_404" time="0.002" /><testcase classname="backend.tests.test_wave3_catalog.TestRecommendVehicle" name="test_dimensions_compute_volume" time="0.003" /><testcase classname="backend.tests.test_wave3_catalog.TestAdminCategoriesCRUD" name="test_admin_list_shows_all" time="0.249" /><testcase classname="backend.tests.test_wave3_catalog.TestAdminCategoriesCRUD" name="test_create_update_delete_cycle" time="0.019" /><testcase classname="backend.tests.test_wave3_catalog.TestAdminVehiclesCRUD" name="test_create_update_delete_cycle" time="0.013" /><testcase classname="backend.tests.test_wave3_catalog.TestQuoteEstimate" name="test_legacy_category_normalized" time="0.228" /><testcase classname="backend.tests.test_wave3_catalog.TestQuoteEstimate" name="test_shipping_containers_large_vehicle" time="0.005" /></testsuite></testsuites>