<?xml version="1.0" encoding="utf-8"?><testsuites name="pytest tests"><testsuite name="pytest" errors="0" failures="0" skipped="0" tests="14" time="0.629" timestamp="2026-07-17T19:41:47.798568+00:00" hostname="agent-env-578267fa-29cc-40ab-a485-bcfc402afbb0"><testcase classname="backend.tests.test_wave3_phase2.TestCapabilitiesCatalog" name="test_public_list_returns_21_active" time="0.005" /><testcase classname="backend.tests.test_wave3_phase2.TestCapabilitiesCatalog" name="test_public_include_inactive" time="0.003" /><testcase classname="backend.tests.test_wave3_phase2.TestCapabilitiesCatalog" name="test_admin_list_requires_admin" time="0.250" /><testcase classname="backend.tests.test_wave3_phase2.TestCapabilitiesCatalog" name="test_admin_full_cycle" time="0.243" /><testcase classname="backend.tests.test_wave3_phase2.TestFeaturedFlags" name="test_categories_have_featured_flag" time="0.003" /><testcase classname="backend.tests.test_wave3_phase2.TestFeaturedFlags" name="test_vehicles_have_featured_flag" time="0.002" /><testcase classname="backend.tests.test_wave3_phase2.TestFeaturedFlags" name="test_admin_toggle_featured_on_category" time="0.010" /><testcase classname="backend.tests.test_wave3_phase2.TestFeaturedFlags" name="test_admin_toggle_featured_on_vehicle" time="0.007" /><testcase classname="backend.tests.test_wave3_phase2.TestDriverFleet" name="test_full_fleet_lifecycle" time="0.029" /><testcase classname="backend.tests.test_wave3_phase2.TestRecommenderEnhanced" name="test_required_capabilities_hard_filter" time="0.002" /><testcase classname="backend.tests.test_wave3_phase2.TestRecommenderEnhanced" name="test_nonexistent_capability_does_not_crash" time="0.002" /><testcase classname="backend.tests.test_wave3_phase2.TestRecommenderEnhanced" name="test_no_required_caps_baseline" time="0.002" /><testcase classname="backend.tests.test_wave3_phase2.TestAnalyticsOverview" name="test_non_admin_forbidden" time="0.002" /><testcase classname="backend.tests.test_wave3_phase2.TestAnalyticsOverview" name="test_admin_overview_schema" time="0.015" /></testsuite></testsuites>