<?xml version="1.0" encoding="utf-8"?><testsuites name="pytest tests"><testsuite name="pytest" errors="0" failures="0" skipped="0" tests="15" time="1.459" timestamp="2026-07-19T14:28:57.900884+00:00" hostname="agent-env-578267fa-29cc-40ab-a485-bcfc402afbb0"><testcase classname="backend.tests.test_wave3_prelaunch_B_international_routes.TestGeoMarkets" name="test_markets_returns_16_entries_and_gb_configured" time="0.263" /><testcase classname="backend.tests.test_wave3_prelaunch_B_international_routes.TestGeoMarkets" name="test_markets_shape_has_required_fields" time="0.044" /><testcase classname="backend.tests.test_wave3_prelaunch_B_international_routes.TestGeoMarkets" name="test_markets_is_public_no_auth_required" time="0.131" /><testcase classname="backend.tests.test_wave3_prelaunch_B_international_routes.TestGeoAutocomplete" name="test_short_query_returns_empty_manual" time="0.045" /><testcase classname="backend.tests.test_wave3_prelaunch_B_international_routes.TestGeoAutocomplete" name="test_empty_query_returns_empty_manual" time="0.042" /><testcase classname="backend.tests.test_wave3_prelaunch_B_international_routes.TestGeoAutocomplete" name="test_no_google_key_fallback_returns_manual" time="0.043" /><testcase classname="backend.tests.test_wave3_prelaunch_B_international_routes.TestGeoAutocomplete" name="test_autocomplete_is_public_no_auth_required" time="0.096" /><testcase classname="backend.tests.test_wave3_prelaunch_B_international_routes.TestQuoteEstimate" name="test_requires_auth" time="0.044" /><testcase classname="backend.tests.test_wave3_prelaunch_B_international_routes.TestQuoteEstimate" name="test_uk_to_uk_with_country_codes" time="0.335" /><testcase classname="backend.tests.test_wave3_prelaunch_B_international_routes.TestQuoteEstimate" name="test_gb_to_ie_international" time="0.046" /><testcase classname="backend.tests.test_wave3_prelaunch_B_international_routes.TestQuoteEstimate" name="test_fr_to_fr_domestic_other" time="0.043" /><testcase classname="backend.tests.test_wave3_prelaunch_B_international_routes.TestQuoteEstimate" name="test_legacy_no_country_codes_defaults_uk" time="0.046" /><testcase classname="backend.tests.test_wave3_prelaunch_B_international_routes.TestQuoteEstimate" name="test_unsupported_country_dropoff" time="0.045" /><testcase classname="backend.tests.test_wave3_prelaunch_B_international_routes.TestJobsIntlAddressing" name="test_uk_only_no_country_codes_posted" time="0.090" /><testcase classname="backend.tests.test_wave3_prelaunch_B_international_routes.TestJobsIntlAddressing" name="test_gb_to_ie_awaiting_manual_quote" time="0.093" /></testsuite></testsuites>